<?xml version="1.0" encoding="utf-8"?>
<TestRun id="3590646f-a96d-4444-bbbf-365cb509d317" name="W@DESKTOP-QNA3DP1 2026-09-12 16:56:18" runUser="DESKTOP-QNA3DP1\CodexSandboxOffline" xmlns="http://microsoft.com/schemas/VisualStudio/TeamTest/2010">
  <Times creation="2026-09-12T16:56:18.7390284+08:00" queuing="2026-09-12T16:56:18.7390285+08:00" start="2026-09-12T16:56:17.9339265+08:00" finish="2026-09-12T16:56:19.8199953+08:00" />
  <TestSettings name="default" id="dc3a5241-2688-4fe7-840b-5b110bee8791">
    <Deployment runDeploymentRoot="W_DESKTOP-QNA3DP1_2026-09-12_16_56_18" />
  </TestSettings>
  <Results>
    <UnitTestResult executionId="d7d5d994-e3d8-4578-8dfd-182f22de6524" testId="3686ef5d-772e-feb9-aa67-044f5804a8ed" testName="CrossMacro.Platform.Windows.Tests.Services.WindowsInputSimulatorTests.TryCreateMouseButtonInput_WhenButtonIsUnknown_ReturnsFalse" computerName="DESKTOP-QNA3DP1" duration="00:00:00.0003534" startTime="2026-09-12T16:56:18.7209449+08:00" endTime="2026-09-12T16:56:18.7209950+08:00" testType="13cdc9d9-ddb5-4fa4-a97d-d965ccfc6d4b" outcome="Passed" testListId="8c84fa94-04c1-424b-9868-57a2d4851a1d" relativeResultsDirectory="d7d5d994-e3d8-4578-8dfd-182f22de6524" />
    <UnitTestResult executionId="7fef5d80-4edd-44f3-90c5-5af76e610e9e" testId="3fb42bf2-656a-c460-ad54-89b04d4a44e8" testName="CrossMacro.Platform.Windows.Tests.Services.WindowsInputCaptureTests.StartAsync_WhenMouseHookInstallFails_ThrowsInvalidOperationException" computerName="DESKTOP-QNA3DP1" duration="00:00:00.0021641" startTime="2026-09-12T16:56:18.7216905+08:00" endTime="2026-09-12T16:56:18.7232013+08:00" testType="13cdc9d9-ddb5-4fa4-a97d-d965ccfc6d4b" outcome="Passed" testListId="8c84fa94-04c1-424b-9868-57a2d4851a1d" relativeResultsDirectory="7fef5d80-4edd-44f3-90c5-5af76e610e9e" />
    <UnitTestResult executionId="9e98a583-a5a6-4e31-a2a4-1cf7286dc628" testId="6caf695f-7ae6-4589-4572-2d3e4bdd67db" testName="CrossMacro.Platform.Windows.Tests.Services.WindowsInputSimulatorTests.CaptureXButtonMapping_WhenPlayedBack_UsesMatchingXButtonInput(message: 524, xButton: 2, pressed: False, expectedFlags: 256, expectedMouseData: 2)" computerName="DESKTOP-QNA3DP1" duration="00:00:00.0003498" startTime="2026-09-12T16:56:18.7045479+08:00" endTime="2026-09-12T16:56:18.7046447+08:00" testType="13cdc9d9-ddb5-4fa4-a97d-d965ccfc6d4b" outcome="Passed" testListId="8c84fa94-04c1-424b-9868-57a2d4851a1d" relativeResultsDirectory="9e98a583-a5a6-4e31-a2a4-1cf7286dc628" />
    <UnitTestResult executionId="1dcf342e-edbf-464f-91bc-f8e47a56707b" testId="e6236c47-c03c-b4a9-da0f-d2b3026e13a4" testName="CrossMacro.Platform.Windows.Tests.Services.WindowsInputSimulatorTests.CaptureXButtonMapping_WhenPlayedBack_UsesMatchingXButtonInput(message: 524, xButton: 1, pressed: False, expectedFlags: 256, expectedMouseData: 1)" computerName="DESKTOP-QNA3DP1" duration="00:00:00.0065746" startTime="2026-09-12T16:56:18.7041480+08:00" endTime="2026-09-12T16:56:18.7044890+08:00" testType="13cdc9d9-ddb5-4fa4-a97d-d965ccfc6d4b" outcome="Passed" testListId="8c84fa94-04c1-424b-9868-57a2d4851a1d" relativeResultsDirectory="1dcf342e-edbf-464f-91bc-f8e47a56707b" />
    <UnitTestResult executionId="c519b7a5-b330-4d8b-bb15-179c304b2382" testId="85daf028-92da-1e99-407e-5a0b1b83a698" testName="CrossMacro.Platform.Windows.Tests.Services.WindowsInputEventDispatcherTests.Dispose_DrainsEventsInOrderOnOwnedThread" computerName="DESKTOP-QNA3DP1" duration="00:00:00.0069246" startTime="2026-09-12T16:56:18.7463646+08:00" endTime="2026-09-12T16:56:18.7532428+08:00" testType="13cdc9d9-ddb5-4fa4-a97d-d965ccfc6d4b" outcome="Passed" testListId="8c84fa94-04c1-424b-9868-57a2d4851a1d" relativeResultsDirectory="c519b7a5-b330-4d8b-bb15-179c304b2382" />
    <UnitTestResult executionId="c0fd026b-3970-44bd-9665-7e47e4a80ef4" testId="c12a0e51-ec91-50b7-cec5-f87316897614" testName="CrossMacro.Platform.Windows.Tests.Services.WindowsInputCaptureTests.ToMicroseconds_ConvertsStopwatchTicksWithoutLosingWholeSeconds(timestamp: 12345678, frequency: 10000000, expected: 1234567)" computerName="DESKTOP-QNA3DP1" duration="00:00:00.0000068" startTime="2026-09-12T16:56:18.7191559+08:00" endTime="2026-09-12T16:56:18.7192015+08:00" testType="13cdc9d9-ddb5-4fa4-a97d-d965ccfc6d4b" outcome="Passed" testListId="8c84fa94-04c1-424b-9868-57a2d4851a1d" relativeResultsDirectory="c0fd026b-3970-44bd-9665-7e47e4a80ef4" />
    <UnitTestResult executionId="ddd1311b-eedb-44f2-8792-570cd1c874bb" testId="7b70a6a8-5a50-cc2f-815e-6f98414da314" testName="CrossMacro.Platform.Windows.Tests.Services.WindowsInputSimulatorTests.TryCreateKeyboardInput_WhenCreatingEnter_UsesReturnAndCorrectFlags(keyCode: 28, pressed: False, expectedFlags: 2)" computerName="DESKTOP-QNA3DP1" duration="00:00:00.0000071" startTime="2026-09-12T16:56:18.7169958+08:00" endTime="2026-09-12T16:56:18.7170521+08:00" testType="13cdc9d9-ddb5-4fa4-a97d-d965ccfc6d4b" outcome="Passed" testListId="8c84fa94-04c1-424b-9868-57a2d4851a1d" relativeResultsDirectory="ddd1311b-eedb-44f2-8792-570cd1c874bb" />
    <UnitTestResult executionId="d454294d-7df1-4833-90a4-78fe9386bac8" testId="7dcbef5c-b220-ef01-91f9-20948d6e3457" testName="CrossMacro.Platform.Windows.Tests.Services.WindowsInputCaptureTests.ResolveMouseMovement_UsesConfiguredCoordinateMode(useAbsoluteCoordinates: True, expectedXCode: 0, expectedXValue: 120, expectedYCode: 1, expectedYValue: -30)" computerName="DESKTOP-QNA3DP1" duration="00:00:00.0003942" startTime="2026-09-12T16:56:18.7158543+08:00" endTime="2026-09-12T16:56:18.7159047+08:00" testType="13cdc9d9-ddb5-4fa4-a97d-d965ccfc6d4b" outcome="Passed" testListId="8c84fa94-04c1-424b-9868-57a2d4851a1d" relativeResultsDirectory="d454294d-7df1-4833-90a4-78fe9386bac8" />
    <UnitTestResult executionId="dd50dbf0-5669-46dc-ae1d-8dceb38235ec" testId="5ed631da-993c-2609-9a41-608f5700f467" testName="CrossMacro.Platform.Windows.Tests.Services.WindowsInputCaptureTests.StartAsync_WhenThreadReservationAlreadyExists_RejectsConcurrentStart" computerName="DESKTOP-QNA3DP1" duration="00:00:00.0034750" startTime="2026-09-12T16:56:18.7193202+08:00" endTime="2026-09-12T16:56:18.7196558+08:00" testType="13cdc9d9-ddb5-4fa4-a97d-d965ccfc6d4b" outcome="Passed" testListId="8c84fa94-04c1-424b-9868-57a2d4851a1d" relativeResultsDirectory="dd50dbf0-5669-46dc-ae1d-8dceb38235ec" />
    <UnitTestResult executionId="0a3651c8-21f2-48a4-b60d-9a0e9a052764" testId="7a5ae8e6-a880-4f4b-c03a-c96535af7e37" testName="CrossMacro.Platform.Windows.Tests.Services.WindowsInputSimulatorTests.SimulateAbsoluteTrajectoryAsync_WhenEmpty_ReturnsImmediately" computerName="DESKTOP-QNA3DP1" duration="00:00:00.0013334" startTime="2026-09-12T16:56:18.7196134+08:00" endTime="2026-09-12T16:56:18.7197565+08:00" testType="13cdc9d9-ddb5-4fa4-a97d-d965ccfc6d4b" outcome="Passed" testListId="8c84fa94-04c1-424b-9868-57a2d4851a1d" relativeResultsDirectory="0a3651c8-21f2-48a4-b60d-9a0e9a052764" />
    <UnitTestResult executionId="49029e46-a83e-4713-b123-89a17881d74a" testId="115ee4d9-b468-8966-6262-f887a0604031" testName="CrossMacro.Platform.Windows.Tests.Services.WindowsInputSimulatorTests.ReadDesktopBounds_ShouldUseVirtualScreenMetricsIncludingOrigin" computerName="DESKTOP-QNA3DP1" duration="00:00:00.0029037" startTime="2026-09-12T16:56:18.7200477+08:00" endTime="2026-09-12T16:56:18.7207862+08:00" testType="13cdc9d9-ddb5-4fa4-a97d-d965ccfc6d4b" outcome="Passed" testListId="8c84fa94-04c1-424b-9868-57a2d4851a1d" relativeResultsDirectory="49029e46-a83e-4713-b123-89a17881d74a" />
    <UnitTestResult executionId="eeedf590-c71b-4856-8edf-d9c8a5f6fc41" testId="e7f3a5bc-5c8c-1ac9-f6c8-939887c5a5d4" testName="CrossMacro.Platform.Windows.Tests.Services.WindowsInputCaptureTests.TryMapMouseButtonOrScroll_WhenXButtonMessage_MapsButtonState(message: 523, xButton: 1, expectedCode: 275, expectedValue: 1)" computerName="DESKTOP-QNA3DP1" duration="00:00:00.0001142" startTime="2026-09-12T16:56:18.7165615+08:00" endTime="2026-09-12T16:56:18.7165843+08:00" testType="13cdc9d9-ddb5-4fa4-a97d-d965ccfc6d4b" outcome="Passed" testListId="8c84fa94-04c1-424b-9868-57a2d4851a1d" relativeResultsDirectory="eeedf590-c71b-4856-8edf-d9c8a5f6fc41" />
    <UnitTestResult executionId="34d776a3-adc7-4aa8-8513-dc0dc4d08c2c" testId="cf2d21e3-ac19-892c-e924-0c64d0bcf855" testName="CrossMacro.Platform.Windows.Tests.Services.WindowsInputSimulatorTests.MouseButtonClick_WhenOnlyDownIsAccepted_CompensatesAcceptedButton" computerName="DESKTOP-QNA3DP1" duration="00:00:00.0055043" startTime="2026-09-12T16:56:18.7176398+08:00" endTime="2026-09-12T16:56:18.7193610+08:00" testType="13cdc9d9-ddb5-4fa4-a97d-d965ccfc6d4b" outcome="Passed" testListId="8c84fa94-04c1-424b-9868-57a2d4851a1d" relativeResultsDirectory="34d776a3-adc7-4aa8-8513-dc0dc4d08c2c" />
    <UnitTestResult executionId="ad196c48-364f-4fb6-8f40-aa9d1d406ec9" testId="830badba-7cf1-724d-e348-cba3a82609b2" testName="CrossMacro.Platform.Windows.Tests.Services.WindowsInputSimulatorTests.EnsureInputWasAccepted_WhenNativeCallAcceptedNoInputs_ThrowsDiagnosticException" computerName="DESKTOP-QNA3DP1" duration="00:00:00.0008495" startTime="2026-09-12T16:56:18.7210651+08:00" endTime="2026-09-12T16:56:18.7210992+08:00" testType="13cdc9d9-ddb5-4fa4-a97d-d965ccfc6d4b" outcome="Passed" testListId="8c84fa94-04c1-424b-9868-57a2d4851a1d" relativeResultsDirectory="ad196c48-364f-4fb6-8f40-aa9d1d406ec9" />
    <UnitTestResult executionId="080b51ce-f62e-42bc-90b1-77a9512f0c62" testId="5b969b71-31dd-859b-ac91-df370896d754" testName="CrossMacro.Platform.Windows.Tests.Services.WindowsWaitableTimerDelayStrategyTests.Dispose_CanBeCalledTwice" computerName="DESKTOP-QNA3DP1" duration="00:00:00.0033436" startTime="2026-09-12T16:56:18.6813257+08:00" endTime="2026-09-12T16:56:18.6923342+08:00" testType="13cdc9d9-ddb5-4fa4-a97d-d965ccfc6d4b" outcome="Passed" testListId="8c84fa94-04c1-424b-9868-57a2d4851a1d" relativeResultsDirectory="080b51ce-f62e-42bc-90b1-77a9512f0c62" />
    <UnitTestResult executionId="f08da264-db13-44eb-9f42-9ad88cd33497" testId="64ccf529-4d75-0c69-885c-821a5e83dde0" testName="CrossMacro.Platform.Windows.Tests.Services.WindowsWaitableTimerDelayStrategyTests.WaitAsync_WhenCancelledBeforeWait_ThrowsOperationCanceledException" computerName="DESKTOP-QNA3DP1" duration="00:00:00.0029430" startTime="2026-09-12T16:56:18.7041208+08:00" endTime="2026-09-12T16:56:18.7043539+08:00" testType="13cdc9d9-ddb5-4fa4-a97d-d965ccfc6d4b" outcome="Passed" testListId="8c84fa94-04c1-424b-9868-57a2d4851a1d" relativeResultsDirectory="f08da264-db13-44eb-9f42-9ad88cd33497" />
    <UnitTestResult executionId="b056a8ce-4556-4432-979c-461376ecd5b1" testId="5d009ef3-daa9-4a2a-fc39-5fbf48367f12" testName="CrossMacro.Platform.Windows.Tests.Services.WindowsInputCaptureTests.TryMapMouseButtonOrScroll_WhenXButtonMessage_MapsButtonState(message: 524, xButton: 1, expectedCode: 275, expectedValue: 0)" computerName="DESKTOP-QNA3DP1" duration="00:00:00.0002428" startTime="2026-09-12T16:56:18.7166430+08:00" endTime="2026-09-12T16:56:18.7167741+08:00" testType="13cdc9d9-ddb5-4fa4-a97d-d965ccfc6d4b" outcome="Passed" testListId="8c84fa94-04c1-424b-9868-57a2d4851a1d" relativeResultsDirectory="b056a8ce-4556-4432-979c-461376ecd5b1" />
    <UnitTestResult executionId="b2ac1384-2dc9-41d9-a5a5-5b1283f0cbc7" testId="e4b96956-7a86-649a-b92d-677b83d7ac5b" testName="CrossMacro.Platform.Windows.Tests.Services.WindowsInputSimulatorTests.CreateAbsoluteMouseInput_ShouldNormalizeEntireVirtualDesktop(x: -1920, y: -200, expectedX: 0, expectedY: 0)" computerName="DESKTOP-QNA3DP1" duration="00:00:00.0006489" startTime="2026-09-12T16:56:18.7214894+08:00" endTime="2026-09-12T16:56:18.7215192+08:00" testType="13cdc9d9-ddb5-4fa4-a97d-d965ccfc6d4b" outcome="Passed" testListId="8c84fa94-04c1-424b-9868-57a2d4851a1d" relativeResultsDirectory="b2ac1384-2dc9-41d9-a5a5-5b1283f0cbc7" />
    <UnitTestResult executionId="abb4835d-cfca-4f97-b08e-f274342ae968" testId="5a0ecbe0-8d42-5b35-f56d-ed7d07ad72f6" testName="CrossMacro.Platform.Windows.Tests.Services.WindowsInputCaptureTests.IsSessionRecoveryMessage_RecognizesUnlockAndDesktopReady(message: 689, reason: 15, expected: True)" computerName="DESKTOP-QNA3DP1" duration="00:00:00.0001800" startTime="2026-09-12T16:56:18.7177353+08:00" endTime="2026-09-12T16:56:18.7177666+08:00" testType="13cdc9d9-ddb5-4fa4-a97d-d965ccfc6d4b" outcome="Passed" testListId="8c84fa94-04c1-424b-9868-57a2d4851a1d" relativeResultsDirectory="abb4835d-cfca-4f97-b08e-f274342ae968" />
    <UnitTestResult executionId="bfb8dac9-e296-404d-902e-93d2edb364d2" testId="1946dfe4-3880-e60d-da88-e28e82b23e2c" testName="CrossMacro.Platform.Windows.Tests.Services.WindowsInputCaptureTests.ToMicroseconds_ConvertsStopwatchTicksWithoutLosingWholeSeconds(timestamp: 9999999, frequency: 10000000, expected: 999999)" computerName="DESKTOP-QNA3DP1" duration="00:00:00.0002182" startTime="2026-09-12T16:56:18.7185213+08:00" endTime="2026-09-12T16:56:18.7185888+08:00" testType="13cdc9d9-ddb5-4fa4-a97d-d965ccfc6d4b" outcome="Passed" testListId="8c84fa94-04c1-424b-9868-57a2d4851a1d" relativeResultsDirectory="bfb8dac9-e296-404d-902e-93d2edb364d2" />
    <UnitTestResult executionId="40378dae-a864-4e6c-9675-d7ad4842b1e8" testId="4cf329b5-4a7d-4f84-9e68-85a551281d7f" testName="CrossMacro.Platform.Windows.Tests.Services.WindowsInputSimulatorTests.CreateScrollInput_WhenHorizontalDeltaIsNegative_UsesHorizontalWheelAndUncheckedMouseData(delta: -1, expectedMouseData: 4294967176)" computerName="DESKTOP-QNA3DP1" duration="00:00:00.0001860" startTime="2026-09-12T16:56:18.7199272+08:00" endTime="2026-09-12T16:56:18.7199618+08:00" testType="13cdc9d9-ddb5-4fa4-a97d-d965ccfc6d4b" outcome="Passed" testListId="8c84fa94-04c1-424b-9868-57a2d4851a1d" relativeResultsDirectory="40378dae-a864-4e6c-9675-d7ad4842b1e8" />
    <UnitTestResult executionId="741deb6e-c4da-4fd5-b95f-354cdbd36d21" testId="01390068-5266-7316-b79f-840108b34853" testName="CrossMacro.Platform.Windows.Tests.Services.WindowsInputEventDispatcherTests.TryEnqueue_WhenQueueIsFull_ReturnsFalseInsteadOfBlocking" computerName="DESKTOP-QNA3DP1" duration="00:00:00.0007601" startTime="2026-09-12T16:56:18.7455470+08:00" endTime="2026-09-12T16:56:18.7462406+08:00" testType="13cdc9d9-ddb5-4fa4-a97d-d965ccfc6d4b" outcome="Passed" testListId="8c84fa94-04c1-424b-9868-57a2d4851a1d" relativeResultsDirectory="741deb6e-c4da-4fd5-b95f-354cdbd36d21" />
    <UnitTestResult executionId="469b027d-b91a-49de-ab79-9fc53f963124" testId="99a14bac-44b1-ba24-c6fc-8f2a9fb3b30c" testName="CrossMacro.Platform.Windows.Tests.Services.WindowsInputEventDispatcherTests.Dispose_WhenSubscriberDoesNotQuiesceWithinBudget_DropsQueuedEventsAndReturns" computerName="DESKTOP-QNA3DP1" duration="00:00:01.0163506" startTime="2026-09-12T16:56:18.7551490+08:00" endTime="2026-09-12T16:56:19.7718308+08:00" testType="13cdc9d9-ddb5-4fa4-a97d-d965ccfc6d4b" outcome="Passed" testListId="8c84fa94-04c1-424b-9868-57a2d4851a1d" relativeResultsDirectory="469b027d-b91a-49de-ab79-9fc53f963124" />
    <UnitTestResult executionId="5dc03a70-b060-4b69-807a-5a1f0de12ab6" testId="e297f599-b7ca-bf4b-c5a3-e35db4a4f20f" testName="CrossMacro.Platform.Windows.Tests.Services.WindowsInputCaptureTests.TryResolveRawRelativeMovement_UsesOnlyRelativeDeviceDeltas(flags: 1, deltaX: 20, deltaY: -10, expected: False, expectedX: 0, expectedY: 0)" computerName="DESKTOP-QNA3DP1" duration="00:00:00.0003063" startTime="2026-09-12T16:56:18.7205674+08:00" endTime="2026-09-12T16:56:18.7206021+08:00" testType="13cdc9d9-ddb5-4fa4-a97d-d965ccfc6d4b" outcome="Passed" testListId="8c84fa94-04c1-424b-9868-57a2d4851a1d" relativeResultsDirectory="5dc03a70-b060-4b69-807a-5a1f0de12ab6" />
    <UnitTestResult executionId="5bdea399-02da-4b58-a388-1c66bf2c191b" testId="8ed75d50-927c-894d-5992-66c5758abc09" testName="CrossMacro.Platform.Windows.Tests.Services.WindowsInputSimulatorTests.IsSupported_MatchesCurrentPlatform" computerName="DESKTOP-QNA3DP1" duration="00:00:00.0001551" startTime="2026-09-12T16:56:18.7220805+08:00" endTime="2026-09-12T16:56:18.7221265+08:00" testType="13cdc9d9-ddb5-4fa4-a97d-d965ccfc6d4b" outcome="Passed" testListId="8c84fa94-04c1-424b-9868-57a2d4851a1d" relativeResultsDirectory="5bdea399-02da-4b58-a388-1c66bf2c191b" />
    <UnitTestResult executionId="09ab888d-4cc1-442c-9e4e-bbeca4a53a97" testId="dec18fc4-7b95-a9bf-079c-e8fd1b262803" testName="CrossMacro.Platform.Windows.Tests.Services.WindowsInputCaptureTests.StartAsync_WhenThreadStartFails_ReleasesReservation" computerName="DESKTOP-QNA3DP1" duration="00:00:00.0012508" startTime="2026-09-12T16:56:18.7237694+08:00" endTime="2026-09-12T16:56:18.7244356+08:00" testType="13cdc9d9-ddb5-4fa4-a97d-d965ccfc6d4b" outcome="Passed" testListId="8c84fa94-04c1-424b-9868-57a2d4851a1d" relativeResultsDirectory="09ab888d-4cc1-442c-9e4e-bbeca4a53a97" />
    <UnitTestResult executionId="545bcf6f-ed63-49ae-af2a-af0acc68ac60" testId="4a67f177-6e88-402b-ab25-54e3ff762929" testName="CrossMacro.Platform.Windows.Tests.Services.WindowsInputCaptureTests.ResolveMouseMovement_WhenDeltaOverflows_SaturatesRelativeCoordinates" computerName="DESKTOP-QNA3DP1" duration="00:00:00.0000911" startTime="2026-09-12T16:56:18.7181985+08:00" endTime="2026-09-12T16:56:18.7182464+08:00" testType="13cdc9d9-ddb5-4fa4-a97d-d965ccfc6d4b" outcome="Passed" testListId="8c84fa94-04c1-424b-9868-57a2d4851a1d" relativeResultsDirectory="545bcf6f-ed63-49ae-af2a-af0acc68ac60" />
    <UnitTestResult executionId="94f70902-9a3b-4f18-8732-28091e3ebc56" testId="6640db0c-da0c-6250-aa0b-384e26192cb3" testName="CrossMacro.Platform.Windows.Tests.Services.WindowsInputCaptureTests.TryMapMouseButtonOrScroll_WhenHorizontalWheelHasNegativeDelta_MapsSignedHorizontalScroll(encodedDelta: 65416, expectedValue: -120)" computerName="DESKTOP-QNA3DP1" duration="00:00:00.0001753" startTime="2026-09-12T16:56:18.7147197+08:00" endTime="2026-09-12T16:56:18.7156930+08:00" testType="13cdc9d9-ddb5-4fa4-a97d-d965ccfc6d4b" outcome="Passed" testListId="8c84fa94-04c1-424b-9868-57a2d4851a1d" relativeResultsDirectory="94f70902-9a3b-4f18-8732-28091e3ebc56" />
    <UnitTestResult executionId="38bc0656-a604-4570-b7da-c64b0cffe507" testId="19afbc2c-4939-3ec5-5e46-5332bd1dad00" testName="CrossMacro.Platform.Windows.Tests.Services.WindowsInputEventDispatcherTests.Dispose_WhenCalledFromSubscriber_DoesNotDeadlock" computerName="DESKTOP-QNA3DP1" duration="00:00:00.0005919" startTime="2026-09-12T16:56:18.7539901+08:00" endTime="2026-09-12T16:56:18.7545850+08:00" testType="13cdc9d9-ddb5-4fa4-a97d-d965ccfc6d4b" outcome="Passed" testListId="8c84fa94-04c1-424b-9868-57a2d4851a1d" relativeResultsDirectory="38bc0656-a604-4570-b7da-c64b0cffe507" />
    <UnitTestResult executionId="d67b5378-025c-4957-889a-7a01cd2cfcb7" testId="3a5b8051-bf10-9f0b-7175-1df280aad1b6" testName="CrossMacro.Platform.Windows.Tests.Services.WindowsInputSimulatorTests.CaptureXButtonMapping_WhenPlayedBack_UsesMatchingXButtonInput(message: 523, xButton: 2, pressed: True, expectedFlags: 128, expectedMouseData: 2)" computerName="DESKTOP-QNA3DP1" duration="00:00:00.0000094" startTime="2026-09-12T16:56:18.7122455+08:00" endTime="2026-09-12T16:56:18.7123029+08:00" testType="13cdc9d9-ddb5-4fa4-a97d-d965ccfc6d4b" outcome="Passed" testListId="8c84fa94-04c1-424b-9868-57a2d4851a1d" relativeResultsDirectory="d67b5378-025c-4957-889a-7a01cd2cfcb7" />
    <UnitTestResult executionId="ab607b43-e920-4604-962d-118dec884920" testId="34702f07-6815-e31c-7494-2643b8c29235" testName="CrossMacro.Platform.Windows.Tests.Services.WindowsInputCaptureTests.IsSessionRecoveryMessage_RecognizesUnlockAndDesktopReady(message: 689, reason: 7, expected: False)" computerName="DESKTOP-QNA3DP1" duration="00:00:00.0000024" startTime="2026-09-12T16:56:18.7180528+08:00" endTime="2026-09-12T16:56:18.7180817+08:00" testType="13cdc9d9-ddb5-4fa4-a97d-d965ccfc6d4b" outcome="Passed" testListId="8c84fa94-04c1-424b-9868-57a2d4851a1d" relativeResultsDirectory="ab607b43-e920-4604-962d-118dec884920" />
    <UnitTestResult executionId="105219c2-31dd-42e4-b3e2-266a162116bd" testId="6a391597-259b-3bf6-6942-d0ad7ab5b9ec" testName="CrossMacro.Platform.Windows.Tests.Services.WindowsInputCaptureTests.RawMouse_HasNativeLayout" computerName="DESKTOP-QNA3DP1" duration="00:00:00.0002358" startTime="2026-09-12T16:56:18.7232992+08:00" endTime="2026-09-12T16:56:18.7233249+08:00" testType="13cdc9d9-ddb5-4fa4-a97d-d965ccfc6d4b" outcome="Passed" testListId="8c84fa94-04c1-424b-9868-57a2d4851a1d" relativeResultsDirectory="105219c2-31dd-42e4-b3e2-266a162116bd" />
    <UnitTestResult executionId="5119843d-c782-429c-acf8-b469443cf396" testId="afb84158-fce6-21ed-a82c-ad1de8d49a27" testName="CrossMacro.Platform.Windows.Tests.Services.WindowsInputSimulatorTests.TryCreateKeyboardInput_WhenCreatingEnter_UsesReturnAndCorrectFlags(keyCode: 28, pressed: True, expectedFlags: 0)" computerName="DESKTOP-QNA3DP1" duration="00:00:00.0000018" startTime="2026-09-12T16:56:18.7174845+08:00" endTime="2026-09-12T16:56:18.7175206+08:00" testType="13cdc9d9-ddb5-4fa4-a97d-d965ccfc6d4b" outcome="Passed" testListId="8c84fa94-04c1-424b-9868-57a2d4851a1d" relativeResultsDirectory="5119843d-c782-429c-acf8-b469443cf396" />
    <UnitTestResult executionId="82a0c150-72aa-4038-b0d7-84dd0de1ef42" testId="75a864cd-9227-a614-92da-c7f65c508202" testName="CrossMacro.Platform.Windows.Tests.Services.WindowsInputCaptureTests.TryMapMouseButtonOrScroll_WhenXButtonIsUnknown_ReturnsFalse" computerName="DESKTOP-QNA3DP1" duration="00:00:00.0000809" startTime="2026-09-12T16:56:18.7245245+08:00" endTime="2026-09-12T16:56:18.7245555+08:00" testType="13cdc9d9-ddb5-4fa4-a97d-d965ccfc6d4b" outcome="Passed" testListId="8c84fa94-04c1-424b-9868-57a2d4851a1d" relativeResultsDirectory="82a0c150-72aa-4038-b0d7-84dd0de1ef42" />
    <UnitTestResult executionId="1221aabb-eae8-4b7b-a27d-055e10d8057a" testId="5ca92050-9324-2043-bd64-e6ecc15dffd3" testName="CrossMacro.Platform.Windows.Tests.Services.WindowsInputSimulatorTests.CaptureXButtonMapping_WhenPlayedBack_UsesMatchingXButtonInput(message: 523, xButton: 1, pressed: True, expectedFlags: 128, expectedMouseData: 1)" computerName="DESKTOP-QNA3DP1" duration="00:00:00.0000039" startTime="2026-09-12T16:56:18.7126234+08:00" endTime="2026-09-12T16:56:18.7126745+08:00" testType="13cdc9d9-ddb5-4fa4-a97d-d965ccfc6d4b" outcome="Passed" testListId="8c84fa94-04c1-424b-9868-57a2d4851a1d" relativeResultsDirectory="1221aabb-eae8-4b7b-a27d-055e10d8057a" />
    <UnitTestResult executionId="83c66390-15b5-4483-91f9-146975435a6f" testId="104d1d95-91a2-3a45-51e2-16da48c07085" testName="CrossMacro.Platform.Windows.Tests.Services.WindowsInputCaptureTests.ShouldIgnoreKeyboardHookEvent_RecognizesOnlyCrossMacroInjectedFlags(hookFlags: 0, extraInfo: 0, expected: False)" computerName="DESKTOP-QNA3DP1" duration="00:00:00.0002597" startTime="2026-09-12T16:56:18.7142396+08:00" endTime="2026-09-12T16:56:18.7142742+08:00" testType="13cdc9d9-ddb5-4fa4-a97d-d965ccfc6d4b" outcome="Passed" testListId="8c84fa94-04c1-424b-9868-57a2d4851a1d" relativeResultsDirectory="83c66390-15b5-4483-91f9-146975435a6f" />
    <UnitTestResult executionId="420a8bba-a810-4343-83ad-a6a6ad3b476a" testId="a392fc93-2e68-b953-a777-0a98d21b063f" testName="CrossMacro.Platform.Windows.Tests.Services.WindowsInputEventDispatcherTests.TryEnqueue_WhenSubscriberIsSlow_DoesNotBlockProducer" computerName="DESKTOP-QNA3DP1" duration="00:00:00.0006508" startTime="2026-09-12T16:56:18.7533762+08:00" endTime="2026-09-12T16:56:18.7539098+08:00" testType="13cdc9d9-ddb5-4fa4-a97d-d965ccfc6d4b" outcome="Passed" testListId="8c84fa94-04c1-424b-9868-57a2d4851a1d" relativeResultsDirectory="420a8bba-a810-4343-83ad-a6a6ad3b476a" />
    <UnitTestResult executionId="064eb79c-7267-483c-a466-38617bed3a6d" testId="5ab9abc8-36c3-3646-b825-c768918c7d89" testName="CrossMacro.Platform.Windows.Tests.Services.WindowsInputSimulatorTests.TryCreateMouseButtonInput_WhenExtendedButton_UsesXButtonInput(button: 276, pressed: True, expectedFlags: 128, expectedMouseData: 2)" computerName="DESKTOP-QNA3DP1" duration="00:00:00.0000075" startTime="2026-09-12T16:56:18.7133380+08:00" endTime="2026-09-12T16:56:18.7133669+08:00" testType="13cdc9d9-ddb5-4fa4-a97d-d965ccfc6d4b" outcome="Passed" testListId="8c84fa94-04c1-424b-9868-57a2d4851a1d" relativeResultsDirectory="064eb79c-7267-483c-a466-38617bed3a6d" />
    <UnitTestResult executionId="38b12783-472d-4188-9c93-bfef2a741d3d" testId="627e00f1-9cfc-d912-8ad4-e81b599f5f8c" testName="CrossMacro.Platform.Windows.Tests.Services.WindowsInputEventDispatcherTests.DispatchLoop_WhenSubscriberThrows_ReportsErrorAndContinues" computerName="DESKTOP-QNA3DP1" duration="00:00:00.0065524" startTime="2026-09-12T16:56:18.6826971+08:00" endTime="2026-09-12T16:56:18.7042024+08:00" testType="13cdc9d9-ddb5-4fa4-a97d-d965ccfc6d4b" outcome="Passed" testListId="8c84fa94-04c1-424b-9868-57a2d4851a1d" relativeResultsDirectory="38b12783-472d-4188-9c93-bfef2a741d3d" />
    <UnitTestResult executionId="694e1322-80fa-4476-b48a-efc700d450c5" testId="0c565ee8-6571-79e7-1033-aacaecd32bbc" testName="CrossMacro.Platform.Windows.Tests.Services.WindowsInputSimulatorTests.ProviderName_IsExpected" computerName="DESKTOP-QNA3DP1" duration="00:00:00.0005442" startTime="2026-09-12T16:56:18.7219799+08:00" endTime="2026-09-12T16:56:18.7220101+08:00" testType="13cdc9d9-ddb5-4fa4-a97d-d965ccfc6d4b" outcome="Passed" testListId="8c84fa94-04c1-424b-9868-57a2d4851a1d" relativeResultsDirectory="694e1322-80fa-4476-b48a-efc700d450c5" />
    <UnitTestResult executionId="b9b4bb7a-85cf-4e7c-b185-071d39bd91f8" testId="d4f86d56-9545-36c2-7639-a4c77e329af5" testName="CrossMacro.Platform.Windows.Tests.Services.WindowsInputSimulatorTests.TryCreateKeyboardInput_WhenCreatingEnter_UsesReturnAndCorrectFlags(keyCode: 96, pressed: True, expectedFlags: 1)" computerName="DESKTOP-QNA3DP1" duration="00:00:00.0047180" startTime="2026-09-12T16:56:18.7140783+08:00" endTime="2026-09-12T16:56:18.7166685+08:00" testType="13cdc9d9-ddb5-4fa4-a97d-d965ccfc6d4b" outcome="Passed" testListId="8c84fa94-04c1-424b-9868-57a2d4851a1d" relativeResultsDirectory="b9b4bb7a-85cf-4e7c-b185-071d39bd91f8" />
    <UnitTestResult executionId="aa490e8b-d462-4ea4-a025-f3196691a391" testId="ea782ba5-0a63-209d-a92e-f1a5a3760b19" testName="CrossMacro.Platform.Windows.Tests.Services.WindowsWaitableTimerDelayStrategyTests.WaitAsync_WhenCancelledDuringNativeWait_StopsPromptly" computerName="DESKTOP-QNA3DP1" duration="00:00:00.0017540" startTime="2026-09-12T16:56:18.7044465+08:00" endTime="2026-09-12T16:56:18.7045843+08:00" testType="13cdc9d9-ddb5-4fa4-a97d-d965ccfc6d4b" outcome="Passed" testListId="8c84fa94-04c1-424b-9868-57a2d4851a1d" relativeResultsDirectory="aa490e8b-d462-4ea4-a025-f3196691a391" />
    <UnitTestResult executionId="df31404f-a5ec-4068-8482-07f91debc7dd" testId="603c07fc-1f78-6486-8ca3-57a135a17433" testName="CrossMacro.Platform.Windows.Tests.Services.WindowsInputCaptureTests.ShouldIgnoreKeyboardHookEvent_RecognizesOnlyCrossMacroInjectedFlags(hookFlags: 0, extraInfo: 1129601099, expected: False)" computerName="DESKTOP-QNA3DP1" duration="00:00:00.0000095" startTime="2026-09-12T16:56:18.7143420+08:00" endTime="2026-09-12T16:56:18.7143670+08:00" testType="13cdc9d9-ddb5-4fa4-a97d-d965ccfc6d4b" outcome="Passed" testListId="8c84fa94-04c1-424b-9868-57a2d4851a1d" relativeResultsDirectory="df31404f-a5ec-4068-8482-07f91debc7dd" />
    <UnitTestResult executionId="dc542054-4949-4eea-9e52-28f0c2406918" testId="8412c168-c070-695d-4224-ebcc6d5722a7" testName="CrossMacro.Platform.Windows.Tests.Services.WindowsInputCaptureTests.TryMapMouseButtonOrScroll_WhenXButtonMessage_MapsButtonState(message: 524, xButton: 2, expectedCode: 276, expectedValue: 0)" computerName="DESKTOP-QNA3DP1" duration="00:00:00.0000025" startTime="2026-09-12T16:56:18.7169213+08:00" endTime="2026-09-12T16:56:18.7169515+08:00" testType="13cdc9d9-ddb5-4fa4-a97d-d965ccfc6d4b" outcome="Passed" testListId="8c84fa94-04c1-424b-9868-57a2d4851a1d" relativeResultsDirectory="dc542054-4949-4eea-9e52-28f0c2406918" />
    <UnitTestResult executionId="519bb69e-f88b-4dbd-8da3-a39714818a8a" testId="061344a2-7069-61b9-676f-2a6141afd822" testName="CrossMacro.Platform.Windows.Tests.Services.WindowsInputCaptureTests.StartAsync_WhenCancelledDuringStartup_CancelsPromptly" computerName="DESKTOP-QNA3DP1" duration="00:00:00.0097628" startTime="2026-09-12T16:56:18.6826807+08:00" endTime="2026-09-12T16:56:18.7045998+08:00" testType="13cdc9d9-ddb5-4fa4-a97d-d965ccfc6d4b" outcome="Passed" testListId="8c84fa94-04c1-424b-9868-57a2d4851a1d" relativeResultsDirectory="519bb69e-f88b-4dbd-8da3-a39714818a8a" />
    <UnitTestResult executionId="5a46bdaa-7cca-4fc8-a15e-e1de01cedf72" testId="a065ff11-6ac3-ac88-e651-af0c48e115b5" testName="CrossMacro.Platform.Windows.Tests.Services.WindowsInputCaptureTests.ShouldIgnoreKeyboardHookEvent_RecognizesOnlyCrossMacroInjectedFlags(hookFlags: 16, extraInfo: 1129601099, expected: True)" computerName="DESKTOP-QNA3DP1" duration="00:00:00.0000024" startTime="2026-09-12T16:56:18.7144221+08:00" endTime="2026-09-12T16:56:18.7144508+08:00" testType="13cdc9d9-ddb5-4fa4-a97d-d965ccfc6d4b" outcome="Passed" testListId="8c84fa94-04c1-424b-9868-57a2d4851a1d" relativeResultsDirectory="5a46bdaa-7cca-4fc8-a15e-e1de01cedf72" />
    <UnitTestResult executionId="a65aad37-0474-4daf-a8c0-b4b165e4029d" testId="52a404a4-52b6-0748-b184-820348ce1f73" testName="CrossMacro.Platform.Windows.Tests.Services.WindowsWaitableTimerDelayStrategyTests.WaitAsync_WhenHighResolutionSupported_WaitsAccuratelyWithoutTimerQuantization" computerName="DESKTOP-QNA3DP1" duration="00:00:00.0166194" startTime="2026-09-12T16:56:18.7131100+08:00" endTime="2026-09-12T16:56:18.7208233+08:00" testType="13cdc9d9-ddb5-4fa4-a97d-d965ccfc6d4b" outcome="Passed" testListId="8c84fa94-04c1-424b-9868-57a2d4851a1d" relativeResultsDirectory="a65aad37-0474-4daf-a8c0-b4b165e4029d" />
    <UnitTestResult executionId="119aa0e6-2178-4b73-a681-7bc984946ec8" testId="d1c7e4a8-8424-2245-dd26-50c2d0ab3e43" testName="CrossMacro.Platform.Windows.Tests.Services.WindowsInputSimulatorTests.CreateScrollInput_WhenHorizontalDeltaIsNegative_UsesHorizontalWheelAndUncheckedMouseData(delta: -120, expectedMouseData: 4294967176)" computerName="DESKTOP-QNA3DP1" duration="00:00:00.0002364" startTime="2026-09-12T16:56:18.7198463+08:00" endTime="2026-09-12T16:56:18.7198770+08:00" testType="13cdc9d9-ddb5-4fa4-a97d-d965ccfc6d4b" outcome="Passed" testListId="8c84fa94-04c1-424b-9868-57a2d4851a1d" relativeResultsDirectory="119aa0e6-2178-4b73-a681-7bc984946ec8" />
    <UnitTestResult executionId="d627acaf-ef0f-462d-b3da-08c68923cd09" testId="e703d192-299d-15b4-8ed4-9fc5ae7d56d7" testName="CrossMacro.Platform.Windows.Tests.Services.WindowsInputCaptureTests.ShouldIgnoreKeyboardHookEvent_RecognizesOnlyCrossMacroInjectedFlags(hookFlags: 18, extraInfo: 1129601099, expected: True)" computerName="DESKTOP-QNA3DP1" duration="00:00:00.0024543" startTime="2026-09-12T16:56:18.7130901+08:00" endTime="2026-09-12T16:56:18.7141268+08:00" testType="13cdc9d9-ddb5-4fa4-a97d-d965ccfc6d4b" outcome="Passed" testListId="8c84fa94-04c1-424b-9868-57a2d4851a1d" relativeResultsDirectory="d627acaf-ef0f-462d-b3da-08c68923cd09" />
    <UnitTestResult executionId="5cf0d8c3-68eb-4b04-b3b6-d5b1264604dc" testId="1e90206f-76b4-e4f7-9e1e-95566c0e0c94" testName="CrossMacro.Platform.Windows.Tests.Services.WindowsInputSimulatorTests.MouseButtonClick_WithUnknownButton_IsSilentlySkipped" computerName="DESKTOP-QNA3DP1" duration="00:00:00.0032805" startTime="2026-09-12T16:56:18.6826323+08:00" endTime="2026-09-12T16:56:18.6960533+08:00" testType="13cdc9d9-ddb5-4fa4-a97d-d965ccfc6d4b" outcome="Passed" testListId="8c84fa94-04c1-424b-9868-57a2d4851a1d" relativeResultsDirectory="5cf0d8c3-68eb-4b04-b3b6-d5b1264604dc" />
    <UnitTestResult executionId="c2bf7349-b13f-419a-b328-e556655a90ed" testId="9f5cd27c-addd-916f-480a-c383d10dec32" testName="CrossMacro.Platform.Windows.Tests.Services.WindowsInputSimulatorTests.Simulator_ImplementsAbsoluteMotionTrajectoryInterface" computerName="DESKTOP-QNA3DP1" duration="00:00:00.0002518" startTime="2026-09-12T16:56:18.7194921+08:00" endTime="2026-09-12T16:56:18.7195184+08:00" testType="13cdc9d9-ddb5-4fa4-a97d-d965ccfc6d4b" outcome="Passed" testListId="8c84fa94-04c1-424b-9868-57a2d4851a1d" relativeResultsDirectory="c2bf7349-b13f-419a-b328-e556655a90ed" />
    <UnitTestResult executionId="dc3d8d48-125d-4595-b93c-13c3b07b0027" testId="090b5436-bb4f-5f3b-62de-dac2f9f0d0a1" testName="CrossMacro.Platform.Windows.Tests.Services.WindowsInputEventDispatcherTests.Dispose_StopsAcceptanceAndCompletesWorker" computerName="DESKTOP-QNA3DP1" duration="00:00:00.0003913" startTime="2026-09-12T16:56:18.7550225+08:00" endTime="2026-09-12T16:56:18.7550549+08:00" testType="13cdc9d9-ddb5-4fa4-a97d-d965ccfc6d4b" outcome="Passed" testListId="8c84fa94-04c1-424b-9868-57a2d4851a1d" relativeResultsDirectory="dc3d8d48-125d-4595-b93c-13c3b07b0027" />
    <UnitTestResult executionId="9badbaea-c54e-4a8a-8be0-d9f7d9a537cf" testId="b6771b72-48b5-e5fc-d74f-3afc22e46e1c" testName="CrossMacro.Platform.Windows.Tests.Services.WindowsInputSimulatorTests.CreateScrollInput_WhenVerticalDeltaIsPositive_UsesVerticalWheelAndNormalizedMouseData" computerName="DESKTOP-QNA3DP1" duration="00:00:00.0001165" startTime="2026-09-12T16:56:18.7218409+08:00" endTime="2026-09-12T16:56:18.7218746+08:00" testType="13cdc9d9-ddb5-4fa4-a97d-d965ccfc6d4b" outcome="Passed" testListId="8c84fa94-04c1-424b-9868-57a2d4851a1d" relativeResultsDirectory="9badbaea-c54e-4a8a-8be0-d9f7d9a537cf" />
    <UnitTestResult executionId="16a0d7b9-3b97-4337-97e3-507a31a344f0" testId="9f1967b5-8404-484f-2865-379384797966" testName="CrossMacro.Platform.Windows.Tests.Services.WindowsInputSimulatorTests.EnsureInputWasAccepted_WhenNativeCallAcceptedAllInputs_DoesNotThrow" computerName="DESKTOP-QNA3DP1" duration="00:00:00.0010004" startTime="2026-09-12T16:56:18.7128083+08:00" endTime="2026-09-12T16:56:18.7128956+08:00" testType="13cdc9d9-ddb5-4fa4-a97d-d965ccfc6d4b" outcome="Passed" testListId="8c84fa94-04c1-424b-9868-57a2d4851a1d" relativeResultsDirectory="16a0d7b9-3b97-4337-97e3-507a31a344f0" />
    <UnitTestResult executionId="4a099a8b-2978-4507-9424-6ef8b23a0b78" testId="12dc7a60-0f79-6fcb-70b2-ef52110027e6" testName="CrossMacro.Platform.Windows.Tests.Services.WindowsInputSimulatorTests.TryCreateMouseButtonInput_WhenExtendedButton_UsesXButtonInput(button: 275, pressed: True, expectedFlags: 128, expectedMouseData: 1)" computerName="DESKTOP-QNA3DP1" duration="00:00:00.0003966" startTime="2026-09-12T16:56:18.7130017+08:00" endTime="2026-09-12T16:56:18.7131423+08:00" testType="13cdc9d9-ddb5-4fa4-a97d-d965ccfc6d4b" outcome="Passed" testListId="8c84fa94-04c1-424b-9868-57a2d4851a1d" relativeResultsDirectory="4a099a8b-2978-4507-9424-6ef8b23a0b78" />
    <UnitTestResult executionId="cbeb2ba6-82a6-47a7-a225-7490dc3a39dd" testId="1f0447a2-6a25-27ab-8df4-2ba746e15770" testName="CrossMacro.Platform.Windows.Tests.Services.WindowsInputSimulatorTests.SupportsUnicodeTextInput_MatchesPlatformSupport" computerName="DESKTOP-QNA3DP1" duration="00:00:00.0001744" startTime="2026-09-12T16:56:18.7222413+08:00" endTime="2026-09-12T16:56:18.7222684+08:00" testType="13cdc9d9-ddb5-4fa4-a97d-d965ccfc6d4b" outcome="Passed" testListId="8c84fa94-04c1-424b-9868-57a2d4851a1d" relativeResultsDirectory="cbeb2ba6-82a6-47a7-a225-7490dc3a39dd" />
    <UnitTestResult executionId="3da47b4b-b8fc-445a-b206-86954c4fb0b8" testId="d8730007-044f-12b2-982f-ccf725045874" testName="CrossMacro.Platform.Windows.Tests.Services.WindowsInputSimulatorTests.TryCreateKeyboardInput_WhenCreatingEnter_UsesReturnAndCorrectFlags(keyCode: 96, pressed: False, expectedFlags: 3)" computerName="DESKTOP-QNA3DP1" duration="00:00:00.0001967" startTime="2026-09-12T16:56:18.7167235+08:00" endTime="2026-09-12T16:56:18.7168925+08:00" testType="13cdc9d9-ddb5-4fa4-a97d-d965ccfc6d4b" outcome="Passed" testListId="8c84fa94-04c1-424b-9868-57a2d4851a1d" relativeResultsDirectory="3da47b4b-b8fc-445a-b206-86954c4fb0b8" />
    <UnitTestResult executionId="18d8be88-745c-4451-8ff9-e3abd5113ef5" testId="48ecc6d2-afbd-ed90-0ed3-ad313363954c" testName="CrossMacro.Platform.Windows.Tests.Services.WindowsInputCaptureTests.ToMicroseconds_ConvertsStopwatchTicksWithoutLosingWholeSeconds(timestamp: 50000123, frequency: 10000000, expected: 5000012)" computerName="DESKTOP-QNA3DP1" duration="00:00:00.0019033" startTime="2026-09-12T16:56:18.7183538+08:00" endTime="2026-09-12T16:56:18.7183947+08:00" testType="13cdc9d9-ddb5-4fa4-a97d-d965ccfc6d4b" outcome="Passed" testListId="8c84fa94-04c1-424b-9868-57a2d4851a1d" relativeResultsDirectory="18d8be88-745c-4451-8ff9-e3abd5113ef5" />
    <UnitTestResult executionId="659eef0d-74c4-4170-a4f0-3937db2065b3" testId="a94f9567-ab01-bb41-8102-97e365dd7528" testName="CrossMacro.Platform.Windows.Tests.Services.WindowsInputCaptureTests.DispatchOverflow_ReportsErrorAfterReturningFromCapturePath" computerName="DESKTOP-QNA3DP1" duration="00:00:00.0026760" startTime="2026-09-12T16:56:18.7207619+08:00" endTime="2026-09-12T16:56:18.7216033+08:00" testType="13cdc9d9-ddb5-4fa4-a97d-d965ccfc6d4b" outcome="Passed" testListId="8c84fa94-04c1-424b-9868-57a2d4851a1d" relativeResultsDirectory="659eef0d-74c4-4170-a4f0-3937db2065b3" />
    <UnitTestResult executionId="5aee3968-085e-4910-ae85-78cbbef6f1d3" testId="bcb601ea-2ca9-7711-ede4-fc57d3d880f5" testName="CrossMacro.Platform.Windows.Tests.Services.WindowsInputCaptureTests.IsSessionRecoveryMessage_RecognizesUnlockAndDesktopReady(message: 689, reason: 8, expected: True)" computerName="DESKTOP-QNA3DP1" duration="00:00:00.0002289" startTime="2026-09-12T16:56:18.7170234+08:00" endTime="2026-09-12T16:56:18.7176683+08:00" testType="13cdc9d9-ddb5-4fa4-a97d-d965ccfc6d4b" outcome="Passed" testListId="8c84fa94-04c1-424b-9868-57a2d4851a1d" relativeResultsDirectory="5aee3968-085e-4910-ae85-78cbbef6f1d3" />
    <UnitTestResult executionId="0a20a91e-5597-41dd-a249-2981091296af" testId="1691cffd-ac60-1a54-7ccd-82a2bc6dcc03" testName="CrossMacro.Platform.Windows.Tests.Services.WindowsInputSimulatorTests.CreateAbsoluteMouseInput_ShouldNormalizeEntireVirtualDesktop(x: 2559, y: 1439, expectedX: 65535, expectedY: 65535)" computerName="DESKTOP-QNA3DP1" duration="00:00:00.0002891" startTime="2026-09-12T16:56:18.7215788+08:00" endTime="2026-09-12T16:56:18.7217330+08:00" testType="13cdc9d9-ddb5-4fa4-a97d-d965ccfc6d4b" outcome="Passed" testListId="8c84fa94-04c1-424b-9868-57a2d4851a1d" relativeResultsDirectory="0a20a91e-5597-41dd-a249-2981091296af" />
    <UnitTestResult executionId="265ae2f8-26cc-4497-98d8-ceac177044ea" testId="837e8879-43ca-dfcc-b08c-aed71c3c010e" testName="CrossMacro.Platform.Windows.Tests.Services.WindowsInputCaptureTests.ShouldIgnoreKeyboardHookEvent_RecognizesOnlyCrossMacroInjectedFlags(hookFlags: 16, extraInfo: 0, expected: False)" computerName="DESKTOP-QNA3DP1" duration="00:00:00.0000038" startTime="2026-09-12T16:56:18.7144991+08:00" endTime="2026-09-12T16:56:18.7145304+08:00" testType="13cdc9d9-ddb5-4fa4-a97d-d965ccfc6d4b" outcome="Passed" testListId="8c84fa94-04c1-424b-9868-57a2d4851a1d" relativeResultsDirectory="265ae2f8-26cc-4497-98d8-ceac177044ea" />
    <UnitTestResult executionId="21695582-8e9d-4ca7-bae3-205978e1bf0a" testId="cc9f6610-30f0-c155-6f97-04847eceab12" testName="CrossMacro.Platform.Windows.Tests.Services.WindowsInputSimulatorTests.TryCreateMouseButtonInput_WhenExtendedButton_UsesXButtonInput(button: 276, pressed: False, expectedFlags: 256, expectedMouseData: 2)" computerName="DESKTOP-QNA3DP1" duration="00:00:00.0000026" startTime="2026-09-12T16:56:18.7134385+08:00" endTime="2026-09-12T16:56:18.7134807+08:00" testType="13cdc9d9-ddb5-4fa4-a97d-d965ccfc6d4b" outcome="Passed" testListId="8c84fa94-04c1-424b-9868-57a2d4851a1d" relativeResultsDirectory="21695582-8e9d-4ca7-bae3-205978e1bf0a" />
    <UnitTestResult executionId="23af8a10-fbab-44d0-97f2-f4ae7b4d486b" testId="880897cf-a303-ce5a-faec-59a03184f3da" testName="CrossMacro.Platform.Windows.Tests.Services.WindowsWaitableTimerDelayStrategyTests.WaitAsync_SequentialWaits_EachWaitForTheRequestedDuration" computerName="DESKTOP-QNA3DP1" duration="00:00:00.0113295" startTime="2026-09-12T16:56:18.7209571+08:00" endTime="2026-09-12T16:56:18.7290931+08:00" testType="13cdc9d9-ddb5-4fa4-a97d-d965ccfc6d4b" outcome="Passed" testListId="8c84fa94-04c1-424b-9868-57a2d4851a1d" relativeResultsDirectory="23af8a10-fbab-44d0-97f2-f4ae7b4d486b" />
    <UnitTestResult executionId="b1bd678f-08e3-4aa4-ae34-3fdd45dd7e9a" testId="a52048a1-eca0-c600-3544-9828b0db65db" testName="CrossMacro.Platform.Windows.Tests.Services.WindowsInputCaptureTests.ResolveMouseMovement_UsesConfiguredCoordinateMode(useAbsoluteCoordinates: False, expectedXCode: 0, expectedXValue: 20, expectedYCode: 1, expectedYValue: -10)" computerName="DESKTOP-QNA3DP1" duration="00:00:00.0002524" startTime="2026-09-12T16:56:18.7159642+08:00" endTime="2026-09-12T16:56:18.7160087+08:00" testType="13cdc9d9-ddb5-4fa4-a97d-d965ccfc6d4b" outcome="Passed" testListId="8c84fa94-04c1-424b-9868-57a2d4851a1d" relativeResultsDirectory="b1bd678f-08e3-4aa4-ae34-3fdd45dd7e9a" />
    <UnitTestResult executionId="a5ae56d8-37ff-4ef8-a20e-3572e9863a1f" testId="050930a2-8250-6c8f-545d-94a790d251cc" testName="CrossMacro.Platform.Windows.Tests.Services.WindowsInputSimulatorTests.TryCreateMouseButtonInput_WhenExtendedButton_UsesXButtonInput(button: 275, pressed: False, expectedFlags: 256, expectedMouseData: 1)" computerName="DESKTOP-QNA3DP1" duration="00:00:00.0005212" startTime="2026-09-12T16:56:18.7132131+08:00" endTime="2026-09-12T16:56:18.7132527+08:00" testType="13cdc9d9-ddb5-4fa4-a97d-d965ccfc6d4b" outcome="Passed" testListId="8c84fa94-04c1-424b-9868-57a2d4851a1d" relativeResultsDirectory="a5ae56d8-37ff-4ef8-a20e-3572e9863a1f" />
    <UnitTestResult executionId="c381f936-456d-4e98-966b-5e1bd059ac5b" testId="19cda4ec-5c9a-3e7f-47ee-3b851c6b6240" testName="CrossMacro.Platform.Windows.Tests.Services.WindowsInputCaptureTests.StartAsync_WhenKeyboardHookInstallFails_ThrowsInvalidOperationException" computerName="DESKTOP-QNA3DP1" duration="00:00:00.0022869" startTime="2026-09-12T16:56:18.7197318+08:00" endTime="2026-09-12T16:56:18.7200707+08:00" testType="13cdc9d9-ddb5-4fa4-a97d-d965ccfc6d4b" outcome="Passed" testListId="8c84fa94-04c1-424b-9868-57a2d4851a1d" relativeResultsDirectory="c381f936-456d-4e98-966b-5e1bd059ac5b" />
    <UnitTestResult executionId="a1776a9e-32a1-4870-82aa-cbb566a54c9a" testId="d483b124-2132-acea-9605-26e967951372" testName="CrossMacro.Platform.Windows.Tests.Services.WindowsInputCaptureTests.MapKeyboardEvent_WhenReturnIsExtended_MapsToKeypadEnter" computerName="DESKTOP-QNA3DP1" duration="00:00:00.0002046" startTime="2026-09-12T16:56:18.7236670+08:00" endTime="2026-09-12T16:56:18.7236968+08:00" testType="13cdc9d9-ddb5-4fa4-a97d-d965ccfc6d4b" outcome="Passed" testListId="8c84fa94-04c1-424b-9868-57a2d4851a1d" relativeResultsDirectory="a1776a9e-32a1-4870-82aa-cbb566a54c9a" />
    <UnitTestResult executionId="d69e8aad-438c-42b9-a47d-1ef5f23f976c" testId="1a865cdc-150a-cbde-0491-0142d216019b" testName="CrossMacro.Platform.Windows.Tests.Services.WindowsInputCaptureTests.TryMapMouseButtonOrScroll_WhenXButtonMessage_MapsButtonState(message: 523, xButton: 2, expectedCode: 276, expectedValue: 1)" computerName="DESKTOP-QNA3DP1" duration="00:00:00.0000073" startTime="2026-09-12T16:56:18.7168288+08:00" endTime="2026-09-12T16:56:18.7168530+08:00" testType="13cdc9d9-ddb5-4fa4-a97d-d965ccfc6d4b" outcome="Passed" testListId="8c84fa94-04c1-424b-9868-57a2d4851a1d" relativeResultsDirectory="d69e8aad-438c-42b9-a47d-1ef5f23f976c" />
    <UnitTestResult executionId="052c6b24-cedd-4c95-84c0-696bd9105798" testId="14fab787-43d9-08da-6bd7-c15dd1aadc99" testName="CrossMacro.Platform.Windows.Tests.Services.WindowsInputCaptureTests.GetEvdevCode_WhenVirtualKeyIsNormalReturn_MapsToKeyEnter" computerName="DESKTOP-QNA3DP1" duration="00:00:00.0014328" startTime="2026-09-12T16:56:18.7164539+08:00" endTime="2026-09-12T16:56:18.7164852+08:00" testType="13cdc9d9-ddb5-4fa4-a97d-d965ccfc6d4b" outcome="Passed" testListId="8c84fa94-04c1-424b-9868-57a2d4851a1d" relativeResultsDirectory="052c6b24-cedd-4c95-84c0-696bd9105798" />
    <UnitTestResult executionId="434f7c43-53b7-4ad2-b056-0bb82d45a05e" testId="26b05156-3b0b-6a23-eaec-a7b5c4781c84" testName="CrossMacro.Platform.Windows.Tests.Services.WindowsInputCaptureTests.IsSessionRecoveryMessage_RecognizesUnlockAndDesktopReady(message: 256, reason: 8, expected: False)" computerName="DESKTOP-QNA3DP1" duration="00:00:00.0000062" startTime="2026-09-12T16:56:18.7179231+08:00" endTime="2026-09-12T16:56:18.7179592+08:00" testType="13cdc9d9-ddb5-4fa4-a97d-d965ccfc6d4b" outcome="Passed" testListId="8c84fa94-04c1-424b-9868-57a2d4851a1d" relativeResultsDirectory="434f7c43-53b7-4ad2-b056-0bb82d45a05e" />
    <UnitTestResult executionId="8736b428-43ae-47bf-af99-9ea20fde977e" testId="d5ab5e33-a2ec-e60b-2b68-43eca92d99f7" testName="CrossMacro.Platform.Windows.Tests.Services.WindowsInputCaptureTests.TryMapMouseButtonOrScroll_WhenHorizontalWheelHasNegativeDelta_MapsSignedHorizontalScroll(encodedDelta: 65535, expectedValue: -1)" computerName="DESKTOP-QNA3DP1" duration="00:00:00.0001190" startTime="2026-09-12T16:56:18.7146111+08:00" endTime="2026-09-12T16:56:18.7146450+08:00" testType="13cdc9d9-ddb5-4fa4-a97d-d965ccfc6d4b" outcome="Passed" testListId="8c84fa94-04c1-424b-9868-57a2d4851a1d" relativeResultsDirectory="8736b428-43ae-47bf-af99-9ea20fde977e" />
    <UnitTestResult executionId="ca716938-caff-492b-927a-2d9f96e68020" testId="e19904d5-8abf-31a7-10cb-c5bf316f9e36" testName="CrossMacro.Platform.Windows.Tests.Services.WindowsInputEventDispatcherTests.Dispose_WhenSubscriberIsActive_WaitsForCallbackQuiescence" computerName="DESKTOP-QNA3DP1" duration="00:00:00.0519889" startTime="2026-09-12T16:56:18.7043272+08:00" endTime="2026-09-12T16:56:18.7454052+08:00" testType="13cdc9d9-ddb5-4fa4-a97d-d965ccfc6d4b" outcome="Passed" testListId="8c84fa94-04c1-424b-9868-57a2d4851a1d" relativeResultsDirectory="ca716938-caff-492b-927a-2d9f96e68020" />
    <UnitTestResult executionId="014b6328-b243-4ec4-baae-e1bd4e7ca835" testId="17fce134-4e42-4765-1e70-2d802503a50f" testName="CrossMacro.Platform.Windows.Tests.Services.WindowsInputCaptureTests.TryResolveRawRelativeMovement_UsesOnlyRelativeDeviceDeltas(flags: 0, deltaX: 0, deltaY: 0, expected: False, expectedX: 0, expectedY: 0)" computerName="DESKTOP-QNA3DP1" duration="00:00:00.0002304" startTime="2026-09-12T16:56:18.7204623+08:00" endTime="2026-09-12T16:56:18.7205003+08:00" testType="13cdc9d9-ddb5-4fa4-a97d-d965ccfc6d4b" outcome="Passed" testListId="8c84fa94-04c1-424b-9868-57a2d4851a1d" relativeResultsDirectory="014b6328-b243-4ec4-baae-e1bd4e7ca835" />
    <UnitTestResult executionId="3e9e6d1f-0f90-4744-bf83-656703e57cc4" testId="f02226a4-108e-8eba-58c2-3f06f75535d0" testName="CrossMacro.Platform.Windows.Tests.Services.WindowsInputCaptureTests.TryResolveRawRelativeMovement_UsesOnlyRelativeDeviceDeltas(flags: 0, deltaX: 20, deltaY: -10, expected: True, expectedX: 20, expectedY: -10)" computerName="DESKTOP-QNA3DP1" duration="00:00:00.0000071" startTime="2026-09-12T16:56:18.7206514+08:00" endTime="2026-09-12T16:56:18.7206743+08:00" testType="13cdc9d9-ddb5-4fa4-a97d-d965ccfc6d4b" outcome="Passed" testListId="8c84fa94-04c1-424b-9868-57a2d4851a1d" relativeResultsDirectory="3e9e6d1f-0f90-4744-bf83-656703e57cc4" />
  </Results>
  <TestDefinitions>
    <UnitTest name="CrossMacro.Platform.Windows.Tests.Services.WindowsInputCaptureTests.StartAsync_WhenThreadReservationAlreadyExists_RejectsConcurrentStart" storage="d:\desktop\网页设计\mouse\tests\crossmacro.platform.windows.tests\bin\debug\net10.0\crossmacro.platform.windows.tests.dll" id="5ed631da-993c-2609-9a41-608f5700f467">
      <Execution id="dd50dbf0-5669-46dc-ae1d-8dceb38235ec" />
      <TestMethod codeBase="D:\Desktop\网页设计\Mouse\tests\CrossMacro.Platform.Windows.Tests\bin\Debug\net10.0\CrossMacro.Platform.Windows.Tests.dll" adapterTypeName="executor://xunit/VsTestRunner3/netcore/" className="CrossMacro.Platform.Windows.Tests.Services.WindowsInputCaptureTests" name="StartAsync_WhenThreadReservationAlreadyExists_RejectsConcurrentStart" />
    </UnitTest>
    <UnitTest name="CrossMacro.Platform.Windows.Tests.Services.WindowsInputSimulatorTests.TryCreateMouseButtonInput_WhenExtendedButton_UsesXButtonInput(button: 276, pressed: False, expectedFlags: 256, expectedMouseData: 2)" storage="d:\desktop\网页设计\mouse\tests\crossmacro.platform.windows.tests\bin\debug\net10.0\crossmacro.platform.windows.tests.dll" id="cc9f6610-30f0-c155-6f97-04847eceab12">
      <Execution id="21695582-8e9d-4ca7-bae3-205978e1bf0a" />
      <TestMethod codeBase="D:\Desktop\网页设计\Mouse\tests\CrossMacro.Platform.Windows.Tests\bin\Debug\net10.0\CrossMacro.Platform.Windows.Tests.dll" adapterTypeName="executor://xunit/VsTestRunner3/netcore/" className="CrossMacro.Platform.Windows.Tests.Services.WindowsInputSimulatorTests" name="TryCreateMouseButtonInput_WhenExtendedButton_UsesXButtonInput" />
    </UnitTest>
    <UnitTest name="CrossMacro.Platform.Windows.Tests.Services.WindowsWaitableTimerDelayStrategyTests.WaitAsync_WhenHighResolutionSupported_WaitsAccuratelyWithoutTimerQuantization" storage="d:\desktop\网页设计\mouse\tests\crossmacro.platform.windows.tests\bin\debug\net10.0\crossmacro.platform.windows.tests.dll" id="52a404a4-52b6-0748-b184-820348ce1f73">
      <Execution id="a65aad37-0474-4daf-a8c0-b4b165e4029d" />
      <TestMethod codeBase="D:\Desktop\网页设计\Mouse\tests\CrossMacro.Platform.Windows.Tests\bin\Debug\net10.0\CrossMacro.Platform.Windows.Tests.dll" adapterTypeName="executor://xunit/VsTestRunner3/netcore/" className="CrossMacro.Platform.Windows.Tests.Services.WindowsWaitableTimerDelayStrategyTests" name="WaitAsync_WhenHighResolutionSupported_WaitsAccuratelyWithoutTimerQuantization" />
    </UnitTest>
    <UnitTest name="CrossMacro.Platform.Windows.Tests.Services.WindowsInputSimulatorTests.EnsureInputWasAccepted_WhenNativeCallAcceptedNoInputs_ThrowsDiagnosticException" storage="d:\desktop\网页设计\mouse\tests\crossmacro.platform.windows.tests\bin\debug\net10.0\crossmacro.platform.windows.tests.dll" id="830badba-7cf1-724d-e348-cba3a82609b2">
      <Execution id="ad196c48-364f-4fb6-8f40-aa9d1d406ec9" />
      <TestMethod codeBase="D:\Desktop\网页设计\Mouse\tests\CrossMacro.Platform.Windows.Tests\bin\Debug\net10.0\CrossMacro.Platform.Windows.Tests.dll" adapterTypeName="executor://xunit/VsTestRunner3/netcore/" className="CrossMacro.Platform.Windows.Tests.Services.WindowsInputSimulatorTests" name="EnsureInputWasAccepted_WhenNativeCallAcceptedNoInputs_ThrowsDiagnosticException" />
    </UnitTest>
    <UnitTest name="CrossMacro.Platform.Windows.Tests.Services.WindowsInputEventDispatcherTests.Dispose_StopsAcceptanceAndCompletesWorker" storage="d:\desktop\网页设计\mouse\tests\crossmacro.platform.windows.tests\bin\debug\net10.0\crossmacro.platform.windows.tests.dll" id="090b5436-bb4f-5f3b-62de-dac2f9f0d0a1">
      <Execution id="dc3d8d48-125d-4595-b93c-13c3b07b0027" />
      <TestMethod codeBase="D:\Desktop\网页设计\Mouse\tests\CrossMacro.Platform.Windows.Tests\bin\Debug\net10.0\CrossMacro.Platform.Windows.Tests.dll" adapterTypeName="executor://xunit/VsTestRunner3/netcore/" className="CrossMacro.Platform.Windows.Tests.Services.WindowsInputEventDispatcherTests" name="Dispose_StopsAcceptanceAndCompletesWorker" />
    </UnitTest>
    <UnitTest name="CrossMacro.Platform.Windows.Tests.Services.WindowsInputEventDispatcherTests.Dispose_WhenSubscriberIsActive_WaitsForCallbackQuiescence" storage="d:\desktop\网页设计\mouse\tests\crossmacro.platform.windows.tests\bin\debug\net10.0\crossmacro.platform.windows.tests.dll" id="e19904d5-8abf-31a7-10cb-c5bf316f9e36">
      <Execution id="ca716938-caff-492b-927a-2d9f96e68020" />
      <TestMethod codeBase="D:\Desktop\网页设计\Mouse\tests\CrossMacro.Platform.Windows.Tests\bin\Debug\net10.0\CrossMacro.Platform.Windows.Tests.dll" adapterTypeName="executor://xunit/VsTestRunner3/netcore/" className="CrossMacro.Platform.Windows.Tests.Services.WindowsInputEventDispatcherTests" name="Dispose_WhenSubscriberIsActive_WaitsForCallbackQuiescence" />
    </UnitTest>
    <UnitTest name="CrossMacro.Platform.Windows.Tests.Services.WindowsInputCaptureTests.StartAsync_WhenThreadStartFails_ReleasesReservation" storage="d:\desktop\网页设计\mouse\tests\crossmacro.platform.windows.tests\bin\debug\net10.0\crossmacro.platform.windows.tests.dll" id="dec18fc4-7b95-a9bf-079c-e8fd1b262803">
      <Execution id="09ab888d-4cc1-442c-9e4e-bbeca4a53a97" />
      <TestMethod codeBase="D:\Desktop\网页设计\Mouse\tests\CrossMacro.Platform.Windows.Tests\bin\Debug\net10.0\CrossMacro.Platform.Windows.Tests.dll" adapterTypeName="executor://xunit/VsTestRunner3/netcore/" className="CrossMacro.Platform.Windows.Tests.Services.WindowsInputCaptureTests" name="StartAsync_WhenThreadStartFails_ReleasesReservation" />
    </UnitTest>
    <UnitTest name="CrossMacro.Platform.Windows.Tests.Services.WindowsInputCaptureTests.ToMicroseconds_ConvertsStopwatchTicksWithoutLosingWholeSeconds(timestamp: 12345678, frequency: 10000000, expected: 1234567)" storage="d:\desktop\网页设计\mouse\tests\crossmacro.platform.windows.tests\bin\debug\net10.0\crossmacro.platform.windows.tests.dll" id="c12a0e51-ec91-50b7-cec5-f87316897614">
      <Execution id="c0fd026b-3970-44bd-9665-7e47e4a80ef4" />
      <TestMethod codeBase="D:\Desktop\网页设计\Mouse\tests\CrossMacro.Platform.Windows.Tests\bin\Debug\net10.0\CrossMacro.Platform.Windows.Tests.dll" adapterTypeName="executor://xunit/VsTestRunner3/netcore/" className="CrossMacro.Platform.Windows.Tests.Services.WindowsInputCaptureTests" name="ToMicroseconds_ConvertsStopwatchTicksWithoutLosingWholeSeconds" />
    </UnitTest>
    <UnitTest name="CrossMacro.Platform.Windows.Tests.Services.WindowsInputCaptureTests.IsSessionRecoveryMessage_RecognizesUnlockAndDesktopReady(message: 256, reason: 8, expected: False)" storage="d:\desktop\网页设计\mouse\tests\crossmacro.platform.windows.tests\bin\debug\net10.0\crossmacro.platform.windows.tests.dll" id="26b05156-3b0b-6a23-eaec-a7b5c4781c84">
      <Execution id="434f7c43-53b7-4ad2-b056-0bb82d45a05e" />
      <TestMethod codeBase="D:\Desktop\网页设计\Mouse\tests\CrossMacro.Platform.Windows.Tests\bin\Debug\net10.0\CrossMacro.Platform.Windows.Tests.dll" adapterTypeName="executor://xunit/VsTestRunner3/netcore/" className="CrossMacro.Platform.Windows.Tests.Services.WindowsInputCaptureTests" name="IsSessionRecoveryMessage_RecognizesUnlockAndDesktopReady" />
    </UnitTest>
    <UnitTest name="CrossMacro.Platform.Windows.Tests.Services.WindowsInputCaptureTests.ToMicroseconds_ConvertsStopwatchTicksWithoutLosingWholeSeconds(timestamp: 50000123, frequency: 10000000, expected: 5000012)" storage="d:\desktop\网页设计\mouse\tests\crossmacro.platform.windows.tests\bin\debug\net10.0\crossmacro.platform.windows.tests.dll" id="48ecc6d2-afbd-ed90-0ed3-ad313363954c">
      <Execution id="18d8be88-745c-4451-8ff9-e3abd5113ef5" />
      <TestMethod codeBase="D:\Desktop\网页设计\Mouse\tests\CrossMacro.Platform.Windows.Tests\bin\Debug\net10.0\CrossMacro.Platform.Windows.Tests.dll" adapterTypeName="executor://xunit/VsTestRunner3/netcore/" className="CrossMacro.Platform.Windows.Tests.Services.WindowsInputCaptureTests" name="ToMicroseconds_ConvertsStopwatchTicksWithoutLosingWholeSeconds" />
    </UnitTest>
    <UnitTest name="CrossMacro.Platform.Windows.Tests.Services.WindowsInputCaptureTests.ResolveMouseMovement_WhenDeltaOverflows_SaturatesRelativeCoordinates" storage="d:\desktop\网页设计\mouse\tests\crossmacro.platform.windows.tests\bin\debug\net10.0\crossmacro.platform.windows.tests.dll" id="4a67f177-6e88-402b-ab25-54e3ff762929">
      <Execution id="545bcf6f-ed63-49ae-af2a-af0acc68ac60" />
      <TestMethod codeBase="D:\Desktop\网页设计\Mouse\tests\CrossMacro.Platform.Windows.Tests\bin\Debug\net10.0\CrossMacro.Platform.Windows.Tests.dll" adapterTypeName="executor://xunit/VsTestRunner3/netcore/" className="CrossMacro.Platform.Windows.Tests.Services.WindowsInputCaptureTests" name="ResolveMouseMovement_WhenDeltaOverflows_SaturatesRelativeCoordinates" />
    </UnitTest>
    <UnitTest name="CrossMacro.Platform.Windows.Tests.Services.WindowsInputSimulatorTests.TryCreateMouseButtonInput_WhenExtendedButton_UsesXButtonInput(button: 276, pressed: True, expectedFlags: 128, expectedMouseData: 2)" storage="d:\desktop\网页设计\mouse\tests\crossmacro.platform.windows.tests\bin\debug\net10.0\crossmacro.platform.windows.tests.dll" id="5ab9abc8-36c3-3646-b825-c768918c7d89">
      <Execution id="064eb79c-7267-483c-a466-38617bed3a6d" />
      <TestMethod codeBase="D:\Desktop\网页设计\Mouse\tests\CrossMacro.Platform.Windows.Tests\bin\Debug\net10.0\CrossMacro.Platform.Windows.Tests.dll" adapterTypeName="executor://xunit/VsTestRunner3/netcore/" className="CrossMacro.Platform.Windows.Tests.Services.WindowsInputSimulatorTests" name="TryCreateMouseButtonInput_WhenExtendedButton_UsesXButtonInput" />
    </UnitTest>
    <UnitTest name="CrossMacro.Platform.Windows.Tests.Services.WindowsInputEventDispatcherTests.Dispose_WhenSubscriberDoesNotQuiesceWithinBudget_DropsQueuedEventsAndReturns" storage="d:\desktop\网页设计\mouse\tests\crossmacro.platform.windows.tests\bin\debug\net10.0\crossmacro.platform.windows.tests.dll" id="99a14bac-44b1-ba24-c6fc-8f2a9fb3b30c">
      <Execution id="469b027d-b91a-49de-ab79-9fc53f963124" />
      <TestMethod codeBase="D:\Desktop\网页设计\Mouse\tests\CrossMacro.Platform.Windows.Tests\bin\Debug\net10.0\CrossMacro.Platform.Windows.Tests.dll" adapterTypeName="executor://xunit/VsTestRunner3/netcore/" className="CrossMacro.Platform.Windows.Tests.Services.WindowsInputEventDispatcherTests" name="Dispose_WhenSubscriberDoesNotQuiesceWithinBudget_DropsQueuedEventsAndReturns" />
    </UnitTest>
    <UnitTest name="CrossMacro.Platform.Windows.Tests.Services.WindowsInputCaptureTests.ResolveMouseMovement_UsesConfiguredCoordinateMode(useAbsoluteCoordinates: False, expectedXCode: 0, expectedXValue: 20, expectedYCode: 1, expectedYValue: -10)" storage="d:\desktop\网页设计\mouse\tests\crossmacro.platform.windows.tests\bin\debug\net10.0\crossmacro.platform.windows.tests.dll" id="a52048a1-eca0-c600-3544-9828b0db65db">
      <Execution id="b1bd678f-08e3-4aa4-ae34-3fdd45dd7e9a" />
      <TestMethod codeBase="D:\Desktop\网页设计\Mouse\tests\CrossMacro.Platform.Windows.Tests\bin\Debug\net10.0\CrossMacro.Platform.Windows.Tests.dll" adapterTypeName="executor://xunit/VsTestRunner3/netcore/" className="CrossMacro.Platform.Windows.Tests.Services.WindowsInputCaptureTests" name="ResolveMouseMovement_UsesConfiguredCoordinateMode" />
    </UnitTest>
    <UnitTest name="CrossMacro.Platform.Windows.Tests.Services.WindowsInputSimulatorTests.TryCreateKeyboardInput_WhenCreatingEnter_UsesReturnAndCorrectFlags(keyCode: 96, pressed: False, expectedFlags: 3)" storage="d:\desktop\网页设计\mouse\tests\crossmacro.platform.windows.tests\bin\debug\net10.0\crossmacro.platform.windows.tests.dll" id="d8730007-044f-12b2-982f-ccf725045874">
      <Execution id="3da47b4b-b8fc-445a-b206-86954c4fb0b8" />
      <TestMethod codeBase="D:\Desktop\网页设计\Mouse\tests\CrossMacro.Platform.Windows.Tests\bin\Debug\net10.0\CrossMacro.Platform.Windows.Tests.dll" adapterTypeName="executor://xunit/VsTestRunner3/netcore/" className="CrossMacro.Platform.Windows.Tests.Services.WindowsInputSimulatorTests" name="TryCreateKeyboardInput_WhenCreatingEnter_UsesReturnAndCorrectFlags" />
    </UnitTest>
    <UnitTest name="CrossMacro.Platform.Windows.Tests.Services.WindowsInputCaptureTests.GetEvdevCode_WhenVirtualKeyIsNormalReturn_MapsToKeyEnter" storage="d:\desktop\网页设计\mouse\tests\crossmacro.platform.windows.tests\bin\debug\net10.0\crossmacro.platform.windows.tests.dll" id="14fab787-43d9-08da-6bd7-c15dd1aadc99">
      <Execution id="052c6b24-cedd-4c95-84c0-696bd9105798" />
      <TestMethod codeBase="D:\Desktop\网页设计\Mouse\tests\CrossMacro.Platform.Windows.Tests\bin\Debug\net10.0\CrossMacro.Platform.Windows.Tests.dll" adapterTypeName="executor://xunit/VsTestRunner3/netcore/" className="CrossMacro.Platform.Windows.Tests.Services.WindowsInputCaptureTests" name="GetEvdevCode_WhenVirtualKeyIsNormalReturn_MapsToKeyEnter" />
    </UnitTest>
    <UnitTest name="CrossMacro.Platform.Windows.Tests.Services.WindowsInputCaptureTests.TryResolveRawRelativeMovement_UsesOnlyRelativeDeviceDeltas(flags: 1, deltaX: 20, deltaY: -10, expected: False, expectedX: 0, expectedY: 0)" storage="d:\desktop\网页设计\mouse\tests\crossmacro.platform.windows.tests\bin\debug\net10.0\crossmacro.platform.windows.tests.dll" id="e297f599-b7ca-bf4b-c5a3-e35db4a4f20f">
      <Execution id="5dc03a70-b060-4b69-807a-5a1f0de12ab6" />
      <TestMethod codeBase="D:\Desktop\网页设计\Mouse\tests\CrossMacro.Platform.Windows.Tests\bin\Debug\net10.0\CrossMacro.Platform.Windows.Tests.dll" adapterTypeName="executor://xunit/VsTestRunner3/netcore/" className="CrossMacro.Platform.Windows.Tests.Services.WindowsInputCaptureTests" name="TryResolveRawRelativeMovement_UsesOnlyRelativeDeviceDeltas" />
    </UnitTest>
    <UnitTest name="CrossMacro.Platform.Windows.Tests.Services.WindowsInputCaptureTests.StartAsync_WhenMouseHookInstallFails_ThrowsInvalidOperationException" storage="d:\desktop\网页设计\mouse\tests\crossmacro.platform.windows.tests\bin\debug\net10.0\crossmacro.platform.windows.tests.dll" id="3fb42bf2-656a-c460-ad54-89b04d4a44e8">
      <Execution id="7fef5d80-4edd-44f3-90c5-5af76e610e9e" />
      <TestMethod codeBase="D:\Desktop\网页设计\Mouse\tests\CrossMacro.Platform.Windows.Tests\bin\Debug\net10.0\CrossMacro.Platform.Windows.Tests.dll" adapterTypeName="executor://xunit/VsTestRunner3/netcore/" className="CrossMacro.Platform.Windows.Tests.Services.WindowsInputCaptureTests" name="StartAsync_WhenMouseHookInstallFails_ThrowsInvalidOperationException" />
    </UnitTest>
    <UnitTest name="CrossMacro.Platform.Windows.Tests.Services.WindowsInputSimulatorTests.MouseButtonClick_WithUnknownButton_IsSilentlySkipped" storage="d:\desktop\网页设计\mouse\tests\crossmacro.platform.windows.tests\bin\debug\net10.0\crossmacro.platform.windows.tests.dll" id="1e90206f-76b4-e4f7-9e1e-95566c0e0c94">
      <Execution id="5cf0d8c3-68eb-4b04-b3b6-d5b1264604dc" />
      <TestMethod codeBase="D:\Desktop\网页设计\Mouse\tests\CrossMacro.Platform.Windows.Tests\bin\Debug\net10.0\CrossMacro.Platform.Windows.Tests.dll" adapterTypeName="executor://xunit/VsTestRunner3/netcore/" className="CrossMacro.Platform.Windows.Tests.Services.WindowsInputSimulatorTests" name="MouseButtonClick_WithUnknownButton_IsSilentlySkipped" />
    </UnitTest>
    <UnitTest name="CrossMacro.Platform.Windows.Tests.Services.WindowsInputSimulatorTests.CreateAbsoluteMouseInput_ShouldNormalizeEntireVirtualDesktop(x: 2559, y: 1439, expectedX: 65535, expectedY: 65535)" storage="d:\desktop\网页设计\mouse\tests\crossmacro.platform.windows.tests\bin\debug\net10.0\crossmacro.platform.windows.tests.dll" id="1691cffd-ac60-1a54-7ccd-82a2bc6dcc03">
      <Execution id="0a20a91e-5597-41dd-a249-2981091296af" />
      <TestMethod codeBase="D:\Desktop\网页设计\Mouse\tests\CrossMacro.Platform.Windows.Tests\bin\Debug\net10.0\CrossMacro.Platform.Windows.Tests.dll" adapterTypeName="executor://xunit/VsTestRunner3/netcore/" className="CrossMacro.Platform.Windows.Tests.Services.WindowsInputSimulatorTests" name="CreateAbsoluteMouseInput_ShouldNormalizeEntireVirtualDesktop" />
    </UnitTest>
    <UnitTest name="CrossMacro.Platform.Windows.Tests.Services.WindowsInputCaptureTests.ToMicroseconds_ConvertsStopwatchTicksWithoutLosingWholeSeconds(timestamp: 9999999, frequency: 10000000, expected: 999999)" storage="d:\desktop\网页设计\mouse\tests\crossmacro.platform.windows.tests\bin\debug\net10.0\crossmacro.platform.windows.tests.dll" id="1946dfe4-3880-e60d-da88-e28e82b23e2c">
      <Execution id="bfb8dac9-e296-404d-902e-93d2edb364d2" />
      <TestMethod codeBase="D:\Desktop\网页设计\Mouse\tests\CrossMacro.Platform.Windows.Tests\bin\Debug\net10.0\CrossMacro.Platform.Windows.Tests.dll" adapterTypeName="executor://xunit/VsTestRunner3/netcore/" className="CrossMacro.Platform.Windows.Tests.Services.WindowsInputCaptureTests" name="ToMicroseconds_ConvertsStopwatchTicksWithoutLosingWholeSeconds" />
    </UnitTest>
    <UnitTest name="CrossMacro.Platform.Windows.Tests.Services.WindowsInputSimulatorTests.CaptureXButtonMapping_WhenPlayedBack_UsesMatchingXButtonInput(message: 524, xButton: 1, pressed: False, expectedFlags: 256, expectedMouseData: 1)" storage="d:\desktop\网页设计\mouse\tests\crossmacro.platform.windows.tests\bin\debug\net10.0\crossmacro.platform.windows.tests.dll" id="e6236c47-c03c-b4a9-da0f-d2b3026e13a4">
      <Execution id="1dcf342e-edbf-464f-91bc-f8e47a56707b" />
      <TestMethod codeBase="D:\Desktop\网页设计\Mouse\tests\CrossMacro.Platform.Windows.Tests\bin\Debug\net10.0\CrossMacro.Platform.Windows.Tests.dll" adapterTypeName="executor://xunit/VsTestRunner3/netcore/" className="CrossMacro.Platform.Windows.Tests.Services.WindowsInputSimulatorTests" name="CaptureXButtonMapping_WhenPlayedBack_UsesMatchingXButtonInput" />
    </UnitTest>
    <UnitTest name="CrossMacro.Platform.Windows.Tests.Services.WindowsInputCaptureTests.TryResolveRawRelativeMovement_UsesOnlyRelativeDeviceDeltas(flags: 0, deltaX: 20, deltaY: -10, expected: True, expectedX: 20, expectedY: -10)" storage="d:\desktop\网页设计\mouse\tests\crossmacro.platform.windows.tests\bin\debug\net10.0\crossmacro.platform.windows.tests.dll" id="f02226a4-108e-8eba-58c2-3f06f75535d0">
      <Execution id="3e9e6d1f-0f90-4744-bf83-656703e57cc4" />
      <TestMethod codeBase="D:\Desktop\网页设计\Mouse\tests\CrossMacro.Platform.Windows.Tests\bin\Debug\net10.0\CrossMacro.Platform.Windows.Tests.dll" adapterTypeName="executor://xunit/VsTestRunner3/netcore/" className="CrossMacro.Platform.Windows.Tests.Services.WindowsInputCaptureTests" name="TryResolveRawRelativeMovement_UsesOnlyRelativeDeviceDeltas" />
    </UnitTest>
    <UnitTest name="CrossMacro.Platform.Windows.Tests.Services.WindowsInputCaptureTests.ShouldIgnoreKeyboardHookEvent_RecognizesOnlyCrossMacroInjectedFlags(hookFlags: 18, extraInfo: 1129601099, expected: True)" storage="d:\desktop\网页设计\mouse\tests\crossmacro.platform.windows.tests\bin\debug\net10.0\crossmacro.platform.windows.tests.dll" id="e703d192-299d-15b4-8ed4-9fc5ae7d56d7">
      <Execution id="d627acaf-ef0f-462d-b3da-08c68923cd09" />
      <TestMethod codeBase="D:\Desktop\网页设计\Mouse\tests\CrossMacro.Platform.Windows.Tests\bin\Debug\net10.0\CrossMacro.Platform.Windows.Tests.dll" adapterTypeName="executor://xunit/VsTestRunner3/netcore/" className="CrossMacro.Platform.Windows.Tests.Services.WindowsInputCaptureTests" name="ShouldIgnoreKeyboardHookEvent_RecognizesOnlyCrossMacroInjectedFlags" />
    </UnitTest>
    <UnitTest name="CrossMacro.Platform.Windows.Tests.Services.WindowsInputCaptureTests.ShouldIgnoreKeyboardHookEvent_RecognizesOnlyCrossMacroInjectedFlags(hookFlags: 16, extraInfo: 0, expected: False)" storage="d:\desktop\网页设计\mouse\tests\crossmacro.platform.windows.tests\bin\debug\net10.0\crossmacro.platform.windows.tests.dll" id="837e8879-43ca-dfcc-b08c-aed71c3c010e">
      <Execution id="265ae2f8-26cc-4497-98d8-ceac177044ea" />
      <TestMethod codeBase="D:\Desktop\网页设计\Mouse\tests\CrossMacro.Platform.Windows.Tests\bin\Debug\net10.0\CrossMacro.Platform.Windows.Tests.dll" adapterTypeName="executor://xunit/VsTestRunner3/netcore/" className="CrossMacro.Platform.Windows.Tests.Services.WindowsInputCaptureTests" name="ShouldIgnoreKeyboardHookEvent_RecognizesOnlyCrossMacroInjectedFlags" />
    </UnitTest>
    <UnitTest name="CrossMacro.Platform.Windows.Tests.Services.WindowsInputSimulatorTests.CreateScrollInput_WhenHorizontalDeltaIsNegative_UsesHorizontalWheelAndUncheckedMouseData(delta: -1, expectedMouseData: 4294967176)" storage="d:\desktop\网页设计\mouse\tests\crossmacro.platform.windows.tests\bin\debug\net10.0\crossmacro.platform.windows.tests.dll" id="4cf329b5-4a7d-4f84-9e68-85a551281d7f">
      <Execution id="40378dae-a864-4e6c-9675-d7ad4842b1e8" />
      <TestMethod codeBase="D:\Desktop\网页设计\Mouse\tests\CrossMacro.Platform.Windows.Tests\bin\Debug\net10.0\CrossMacro.Platform.Windows.Tests.dll" adapterTypeName="executor://xunit/VsTestRunner3/netcore/" className="CrossMacro.Platform.Windows.Tests.Services.WindowsInputSimulatorTests" name="CreateScrollInput_WhenHorizontalDeltaIsNegative_UsesHorizontalWheelAndUncheckedMouseData" />
    </UnitTest>
    <UnitTest name="CrossMacro.Platform.Windows.Tests.Services.WindowsInputSimulatorTests.CaptureXButtonMapping_WhenPlayedBack_UsesMatchingXButtonInput(message: 524, xButton: 2, pressed: False, expectedFlags: 256, expectedMouseData: 2)" storage="d:\desktop\网页设计\mouse\tests\crossmacro.platform.windows.tests\bin\debug\net10.0\crossmacro.platform.windows.tests.dll" id="6caf695f-7ae6-4589-4572-2d3e4bdd67db">
      <Execution id="9e98a583-a5a6-4e31-a2a4-1cf7286dc628" />
      <TestMethod codeBase="D:\Desktop\网页设计\Mouse\tests\CrossMacro.Platform.Windows.Tests\bin\Debug\net10.0\CrossMacro.Platform.Windows.Tests.dll" adapterTypeName="executor://xunit/VsTestRunner3/netcore/" className="CrossMacro.Platform.Windows.Tests.Services.WindowsInputSimulatorTests" name="CaptureXButtonMapping_WhenPlayedBack_UsesMatchingXButtonInput" />
    </UnitTest>
    <UnitTest name="CrossMacro.Platform.Windows.Tests.Services.WindowsInputSimulatorTests.CreateScrollInput_WhenVerticalDeltaIsPositive_UsesVerticalWheelAndNormalizedMouseData" storage="d:\desktop\网页设计\mouse\tests\crossmacro.platform.windows.tests\bin\debug\net10.0\crossmacro.platform.windows.tests.dll" id="b6771b72-48b5-e5fc-d74f-3afc22e46e1c">
      <Execution id="9badbaea-c54e-4a8a-8be0-d9f7d9a537cf" />
      <TestMethod codeBase="D:\Desktop\网页设计\Mouse\tests\CrossMacro.Platform.Windows.Tests\bin\Debug\net10.0\CrossMacro.Platform.Windows.Tests.dll" adapterTypeName="executor://xunit/VsTestRunner3/netcore/" className="CrossMacro.Platform.Windows.Tests.Services.WindowsInputSimulatorTests" name="CreateScrollInput_WhenVerticalDeltaIsPositive_UsesVerticalWheelAndNormalizedMouseData" />
    </UnitTest>
    <UnitTest name="CrossMacro.Platform.Windows.Tests.Services.WindowsInputCaptureTests.ShouldIgnoreKeyboardHookEvent_RecognizesOnlyCrossMacroInjectedFlags(hookFlags: 0, extraInfo: 0, expected: False)" storage="d:\desktop\网页设计\mouse\tests\crossmacro.platform.windows.tests\bin\debug\net10.0\crossmacro.platform.windows.tests.dll" id="104d1d95-91a2-3a45-51e2-16da48c07085">
      <Execution id="83c66390-15b5-4483-91f9-146975435a6f" />
      <TestMethod codeBase="D:\Desktop\网页设计\Mouse\tests\CrossMacro.Platform.Windows.Tests\bin\Debug\net10.0\CrossMacro.Platform.Windows.Tests.dll" adapterTypeName="executor://xunit/VsTestRunner3/netcore/" className="CrossMacro.Platform.Windows.Tests.Services.WindowsInputCaptureTests" name="ShouldIgnoreKeyboardHookEvent_RecognizesOnlyCrossMacroInjectedFlags" />
    </UnitTest>
    <UnitTest name="CrossMacro.Platform.Windows.Tests.Services.WindowsInputSimulatorTests.ReadDesktopBounds_ShouldUseVirtualScreenMetricsIncludingOrigin" storage="d:\desktop\网页设计\mouse\tests\crossmacro.platform.windows.tests\bin\debug\net10.0\crossmacro.platform.windows.tests.dll" id="115ee4d9-b468-8966-6262-f887a0604031">
      <Execution id="49029e46-a83e-4713-b123-89a17881d74a" />
      <TestMethod codeBase="D:\Desktop\网页设计\Mouse\tests\CrossMacro.Platform.Windows.Tests\bin\Debug\net10.0\CrossMacro.Platform.Windows.Tests.dll" adapterTypeName="executor://xunit/VsTestRunner3/netcore/" className="CrossMacro.Platform.Windows.Tests.Services.WindowsInputSimulatorTests" name="ReadDesktopBounds_ShouldUseVirtualScreenMetricsIncludingOrigin" />
    </UnitTest>
    <UnitTest name="CrossMacro.Platform.Windows.Tests.Services.WindowsInputCaptureTests.IsSessionRecoveryMessage_RecognizesUnlockAndDesktopReady(message: 689, reason: 8, expected: True)" storage="d:\desktop\网页设计\mouse\tests\crossmacro.platform.windows.tests\bin\debug\net10.0\crossmacro.platform.windows.tests.dll" id="bcb601ea-2ca9-7711-ede4-fc57d3d880f5">
      <Execution id="5aee3968-085e-4910-ae85-78cbbef6f1d3" />
      <TestMethod codeBase="D:\Desktop\网页设计\Mouse\tests\CrossMacro.Platform.Windows.Tests\bin\Debug\net10.0\CrossMacro.Platform.Windows.Tests.dll" adapterTypeName="executor://xunit/VsTestRunner3/netcore/" className="CrossMacro.Platform.Windows.Tests.Services.WindowsInputCaptureTests" name="IsSessionRecoveryMessage_RecognizesUnlockAndDesktopReady" />
    </UnitTest>
    <UnitTest name="CrossMacro.Platform.Windows.Tests.Services.WindowsInputCaptureTests.StartAsync_WhenCancelledDuringStartup_CancelsPromptly" storage="d:\desktop\网页设计\mouse\tests\crossmacro.platform.windows.tests\bin\debug\net10.0\crossmacro.platform.windows.tests.dll" id="061344a2-7069-61b9-676f-2a6141afd822">
      <Execution id="519bb69e-f88b-4dbd-8da3-a39714818a8a" />
      <TestMethod codeBase="D:\Desktop\网页设计\Mouse\tests\CrossMacro.Platform.Windows.Tests\bin\Debug\net10.0\CrossMacro.Platform.Windows.Tests.dll" adapterTypeName="executor://xunit/VsTestRunner3/netcore/" className="CrossMacro.Platform.Windows.Tests.Services.WindowsInputCaptureTests" name="StartAsync_WhenCancelledDuringStartup_CancelsPromptly" />
    </UnitTest>
    <UnitTest name="CrossMacro.Platform.Windows.Tests.Services.WindowsInputSimulatorTests.CaptureXButtonMapping_WhenPlayedBack_UsesMatchingXButtonInput(message: 523, xButton: 2, pressed: True, expectedFlags: 128, expectedMouseData: 2)" storage="d:\desktop\网页设计\mouse\tests\crossmacro.platform.windows.tests\bin\debug\net10.0\crossmacro.platform.windows.tests.dll" id="3a5b8051-bf10-9f0b-7175-1df280aad1b6">
      <Execution id="d67b5378-025c-4957-889a-7a01cd2cfcb7" />
      <TestMethod codeBase="D:\Desktop\网页设计\Mouse\tests\CrossMacro.Platform.Windows.Tests\bin\Debug\net10.0\CrossMacro.Platform.Windows.Tests.dll" adapterTypeName="executor://xunit/VsTestRunner3/netcore/" className="CrossMacro.Platform.Windows.Tests.Services.WindowsInputSimulatorTests" name="CaptureXButtonMapping_WhenPlayedBack_UsesMatchingXButtonInput" />
    </UnitTest>
    <UnitTest name="CrossMacro.Platform.Windows.Tests.Services.WindowsInputSimulatorTests.TryCreateKeyboardInput_WhenCreatingEnter_UsesReturnAndCorrectFlags(keyCode: 96, pressed: True, expectedFlags: 1)" storage="d:\desktop\网页设计\mouse\tests\crossmacro.platform.windows.tests\bin\debug\net10.0\crossmacro.platform.windows.tests.dll" id="d4f86d56-9545-36c2-7639-a4c77e329af5">
      <Execution id="b9b4bb7a-85cf-4e7c-b185-071d39bd91f8" />
      <TestMethod codeBase="D:\Desktop\网页设计\Mouse\tests\CrossMacro.Platform.Windows.Tests\bin\Debug\net10.0\CrossMacro.Platform.Windows.Tests.dll" adapterTypeName="executor://xunit/VsTestRunner3/netcore/" className="CrossMacro.Platform.Windows.Tests.Services.WindowsInputSimulatorTests" name="TryCreateKeyboardInput_WhenCreatingEnter_UsesReturnAndCorrectFlags" />
    </UnitTest>
    <UnitTest name="CrossMacro.Platform.Windows.Tests.Services.WindowsInputSimulatorTests.IsSupported_MatchesCurrentPlatform" storage="d:\desktop\网页设计\mouse\tests\crossmacro.platform.windows.tests\bin\debug\net10.0\crossmacro.platform.windows.tests.dll" id="8ed75d50-927c-894d-5992-66c5758abc09">
      <Execution id="5bdea399-02da-4b58-a388-1c66bf2c191b" />
      <TestMethod codeBase="D:\Desktop\网页设计\Mouse\tests\CrossMacro.Platform.Windows.Tests\bin\Debug\net10.0\CrossMacro.Platform.Windows.Tests.dll" adapterTypeName="executor://xunit/VsTestRunner3/netcore/" className="CrossMacro.Platform.Windows.Tests.Services.WindowsInputSimulatorTests" name="IsSupported_MatchesCurrentPlatform" />
    </UnitTest>
    <UnitTest name="CrossMacro.Platform.Windows.Tests.Services.WindowsInputCaptureTests.ShouldIgnoreKeyboardHookEvent_RecognizesOnlyCrossMacroInjectedFlags(hookFlags: 16, extraInfo: 1129601099, expected: True)" storage="d:\desktop\网页设计\mouse\tests\crossmacro.platform.windows.tests\bin\debug\net10.0\crossmacro.platform.windows.tests.dll" id="a065ff11-6ac3-ac88-e651-af0c48e115b5">
      <Execution id="5a46bdaa-7cca-4fc8-a15e-e1de01cedf72" />
      <TestMethod codeBase="D:\Desktop\网页设计\Mouse\tests\CrossMacro.Platform.Windows.Tests\bin\Debug\net10.0\CrossMacro.Platform.Windows.Tests.dll" adapterTypeName="executor://xunit/VsTestRunner3/netcore/" className="CrossMacro.Platform.Windows.Tests.Services.WindowsInputCaptureTests" name="ShouldIgnoreKeyboardHookEvent_RecognizesOnlyCrossMacroInjectedFlags" />
    </UnitTest>
    <UnitTest name="CrossMacro.Platform.Windows.Tests.Services.WindowsInputSimulatorTests.TryCreateMouseButtonInput_WhenExtendedButton_UsesXButtonInput(button: 275, pressed: False, expectedFlags: 256, expectedMouseData: 1)" storage="d:\desktop\网页设计\mouse\tests\crossmacro.platform.windows.tests\bin\debug\net10.0\crossmacro.platform.windows.tests.dll" id="050930a2-8250-6c8f-545d-94a790d251cc">
      <Execution id="a5ae56d8-37ff-4ef8-a20e-3572e9863a1f" />
      <TestMethod codeBase="D:\Desktop\网页设计\Mouse\tests\CrossMacro.Platform.Windows.Tests\bin\Debug\net10.0\CrossMacro.Platform.Windows.Tests.dll" adapterTypeName="executor://xunit/VsTestRunner3/netcore/" className="CrossMacro.Platform.Windows.Tests.Services.WindowsInputSimulatorTests" name="TryCreateMouseButtonInput_WhenExtendedButton_UsesXButtonInput" />
    </UnitTest>
    <UnitTest name="CrossMacro.Platform.Windows.Tests.Services.WindowsInputCaptureTests.TryMapMouseButtonOrScroll_WhenXButtonMessage_MapsButtonState(message: 524, xButton: 1, expectedCode: 275, expectedValue: 0)" storage="d:\desktop\网页设计\mouse\tests\crossmacro.platform.windows.tests\bin\debug\net10.0\crossmacro.platform.windows.tests.dll" id="5d009ef3-daa9-4a2a-fc39-5fbf48367f12">
      <Execution id="b056a8ce-4556-4432-979c-461376ecd5b1" />
      <TestMethod codeBase="D:\Desktop\网页设计\Mouse\tests\CrossMacro.Platform.Windows.Tests\bin\Debug\net10.0\CrossMacro.Platform.Windows.Tests.dll" adapterTypeName="executor://xunit/VsTestRunner3/netcore/" className="CrossMacro.Platform.Windows.Tests.Services.WindowsInputCaptureTests" name="TryMapMouseButtonOrScroll_WhenXButtonMessage_MapsButtonState" />
    </UnitTest>
    <UnitTest name="CrossMacro.Platform.Windows.Tests.Services.WindowsInputCaptureTests.RawMouse_HasNativeLayout" storage="d:\desktop\网页设计\mouse\tests\crossmacro.platform.windows.tests\bin\debug\net10.0\crossmacro.platform.windows.tests.dll" id="6a391597-259b-3bf6-6942-d0ad7ab5b9ec">
      <Execution id="105219c2-31dd-42e4-b3e2-266a162116bd" />
      <TestMethod codeBase="D:\Desktop\网页设计\Mouse\tests\CrossMacro.Platform.Windows.Tests\bin\Debug\net10.0\CrossMacro.Platform.Windows.Tests.dll" adapterTypeName="executor://xunit/VsTestRunner3/netcore/" className="CrossMacro.Platform.Windows.Tests.Services.WindowsInputCaptureTests" name="RawMouse_HasNativeLayout" />
    </UnitTest>
    <UnitTest name="CrossMacro.Platform.Windows.Tests.Services.WindowsInputCaptureTests.TryResolveRawRelativeMovement_UsesOnlyRelativeDeviceDeltas(flags: 0, deltaX: 0, deltaY: 0, expected: False, expectedX: 0, expectedY: 0)" storage="d:\desktop\网页设计\mouse\tests\crossmacro.platform.windows.tests\bin\debug\net10.0\crossmacro.platform.windows.tests.dll" id="17fce134-4e42-4765-1e70-2d802503a50f">
      <Execution id="014b6328-b243-4ec4-baae-e1bd4e7ca835" />
      <TestMethod codeBase="D:\Desktop\网页设计\Mouse\tests\CrossMacro.Platform.Windows.Tests\bin\Debug\net10.0\CrossMacro.Platform.Windows.Tests.dll" adapterTypeName="executor://xunit/VsTestRunner3/netcore/" className="CrossMacro.Platform.Windows.Tests.Services.WindowsInputCaptureTests" name="TryResolveRawRelativeMovement_UsesOnlyRelativeDeviceDeltas" />
    </UnitTest>
    <UnitTest name="CrossMacro.Platform.Windows.Tests.Services.WindowsInputSimulatorTests.CreateScrollInput_WhenHorizontalDeltaIsNegative_UsesHorizontalWheelAndUncheckedMouseData(delta: -120, expectedMouseData: 4294967176)" storage="d:\desktop\网页设计\mouse\tests\crossmacro.platform.windows.tests\bin\debug\net10.0\crossmacro.platform.windows.tests.dll" id="d1c7e4a8-8424-2245-dd26-50c2d0ab3e43">
      <Execution id="119aa0e6-2178-4b73-a681-7bc984946ec8" />
[...]
    </UnitTest>
    <UnitTest name="CrossMacro.Platform.Windows.Tests.Services.WindowsInputCaptureTests.ResolveMouseMovement_UsesConfiguredCoordinateMode(useAbsoluteCoordinates: True, expectedXCode: 0, expectedXValue: 120, expectedYCode: 1, expectedYValue: -30)" storage="d:\desktop\网页设计\mouse\tests\crossmacro.platform.windows.tests\bin\debug\net10.0\crossmacro.platform.windows.tests.dll" id="7dcbef5c-b220-ef01-91f9-20948d6e3457">
      <Execution id="d454294d-7df1-4833-90a4-78fe9386bac8" />
      <TestMethod codeBase="D:\Desktop\网页设计\Mouse\tests\CrossMacro.Platform.Windows.Tests\bin\Debug\net10.0\CrossMacro.Platform.Windows.Tests.dll" adapterTypeName="executor://xunit/VsTestRunner3/netcore/" className="CrossMacro.Platform.Windows.Tests.Services.WindowsInputCaptureTests" name="ResolveMouseMovement_UsesConfiguredCoordinateMode" />
    </UnitTest>
    <UnitTest name="CrossMacro.Platform.Windows.Tests.Services.WindowsInputSimulatorTests.SupportsUnicodeTextInput_MatchesPlatformSupport" storage="d:\desktop\网页设计\mouse\tests\crossmacro.platform.windows.tests\bin\debug\net10.0\crossmacro.platform.windows.tests.dll" id="1f0447a2-6a25-27ab-8df4-2ba746e15770">
      <Execution id="cbeb2ba6-82a6-47a7-a225-7490dc3a39dd" />
      <TestMethod codeBase="D:\Desktop\网页设计\Mouse\tests\CrossMacro.Platform.Windows.Tests\bin\Debug\net10.0\CrossMacro.Platform.Windows.Tests.dll" adapterTypeName="executor://xunit/VsTestRunner3/netcore/" className="CrossMacro.Platform.Windows.Tests.Services.WindowsInputSimulatorTests" name="SupportsUnicodeTextInput_MatchesPlatformSupport" />
    </UnitTest>
    <UnitTest name="CrossMacro.Platform.Windows.Tests.Services.WindowsInputCaptureTests.TryMapMouseButtonOrScroll_WhenXButtonMessage_MapsButtonState(message: 523, xButton: 2, expectedCode: 276, expectedValue: 1)" storage="d:\desktop\网页设计\mouse\tests\crossmacro.platform.windows.tests\bin\debug\net10.0\crossmacro.platform.windows.tests.dll" id="1a865cdc-150a-cbde-0491-0142d216019b">
      <Execution id="d69e8aad-438c-42b9-a47d-1ef5f23f976c" />
      <TestMethod codeBase="D:\Desktop\网页设计\Mouse\tests\CrossMacro.Platform.Windows.Tests\bin\Debug\net10.0\CrossMacro.Platform.Windows.Tests.dll" adapterTypeName="executor://xunit/VsTestRunner3/netcore/" className="CrossMacro.Platform.Windows.Tests.Services.WindowsInputCaptureTests" name="TryMapMouseButtonOrScroll_WhenXButtonMessage_MapsButtonState" />
    </UnitTest>
    <UnitTest name="CrossMacro.Platform.Windows.Tests.Services.WindowsWaitableTimerDelayStrategyTests.WaitAsync_WhenCancelledDuringNativeWait_StopsPromptly" storage="d:\desktop\网页设计\mouse\tests\crossmacro.platform.windows.tests\bin\debug\net10.0\crossmacro.platform.windows.tests.dll" id="ea782ba5-0a63-209d-a92e-f1a5a3760b19">
      <Execution id="aa490e8b-d462-4ea4-a025-f3196691a391" />
      <TestMethod codeBase="D:\Desktop\网页设计\Mouse\tests\CrossMacro.Platform.Windows.Tests\bin\Debug\net10.0\CrossMacro.Platform.Windows.Tests.dll" adapterTypeName="executor://xunit/VsTestRunner3/netcore/" className="CrossMacro.Platform.Windows.Tests.Services.WindowsWaitableTimerDelayStrategyTests" name="WaitAsync_WhenCancelledDuringNativeWait_StopsPromptly" />
    </UnitTest>
    <UnitTest name="CrossMacro.Platform.Windows.Tests.Services.WindowsWaitableTimerDelayStrategyTests.Dispose_CanBeCalledTwice" storage="d:\desktop\网页设计\mouse\tests\crossmacro.platform.windows.tests\bin\debug\net10.0\crossmacro.platform.windows.tests.dll" id="5b969b71-31dd-859b-ac91-df370896d754">
      <Execution id="080b51ce-f62e-42bc-90b1-77a9512f0c62" />
      <TestMethod codeBase="D:\Desktop\网页设计\Mouse\tests\CrossMacro.Platform.Windows.Tests\bin\Debug\net10.0\CrossMacro.Platform.Windows.Tests.dll" adapterTypeName="executor://xunit/VsTestRunner3/netcore/" className="CrossMacro.Platform.Windows.Tests.Services.WindowsWaitableTimerDelayStrategyTests" name="Dispose_CanBeCalledTwice" />
    </UnitTest>
    <UnitTest name="CrossMacro.Platform.Windows.Tests.Services.WindowsInputCaptureTests.TryMapMouseButtonOrScroll_WhenHorizontalWheelHasNegativeDelta_MapsSignedHorizontalScroll(encodedDelta: 65535, expectedValue: -1)" storage="d:\desktop\网页设计\mouse\tests\crossmacro.platform.windows.tests\bin\debug\net10.0\crossmacro.platform.windows.tests.dll" id="d5ab5e33-a2ec-e60b-2b68-43eca92d99f7">
      <Execution id="8736b428-43ae-47bf-af99-9ea20fde977e" />
      <TestMethod codeBase="D:\Desktop\网页设计\Mouse\tests\CrossMacro.Platform.Windows.Tests\bin\Debug\net10.0\CrossMacro.Platform.Windows.Tests.dll" adapterTypeName="executor://xunit/VsTestRunner3/netcore/" className="CrossMacro.Platform.Windows.Tests.Services.WindowsInputCaptureTests" name="TryMapMouseButtonOrScroll_WhenHorizontalWheelHasNegativeDelta_MapsSignedHorizontalScroll" />
    </UnitTest>
    <UnitTest name="CrossMacro.Platform.Windows.Tests.Services.WindowsInputCaptureTests.TryMapMouseButtonOrScroll_WhenXButtonIsUnknown_ReturnsFalse" storage="d:\desktop\网页设计\mouse\tests\crossmacro.platform.windows.tests\bin\debug\net10.0\crossmacro.platform.windows.tests.dll" id="75a864cd-9227-a614-92da-c7f65c508202">
      <Execution id="82a0c150-72aa-4038-b0d7-84dd0de1ef42" />
      <TestMethod codeBase="D:\Desktop\网页设计\Mouse\tests\CrossMacro.Platform.Windows.Tests\bin\Debug\net10.0\CrossMacro.Platform.Windows.Tests.dll" adapterTypeName="executor://xunit/VsTestRunner3/netcore/" className="CrossMacro.Platform.Windows.Tests.Services.WindowsInputCaptureTests" name="TryMapMouseButtonOrScroll_WhenXButtonIsUnknown_ReturnsFalse" />
    </UnitTest>
    <UnitTest name="CrossMacro.Platform.Windows.Tests.Services.WindowsInputCaptureTests.IsSessionRecoveryMessage_RecognizesUnlockAndDesktopReady(message: 689, reason: 15, expected: True)" storage="d:\desktop\网页设计\mouse\tests\crossmacro.platform.windows.tests\bin\debug\net10.0\crossmacro.platform.windows.tests.dll" id="5a0ecbe0-8d42-5b35-f56d-ed7d07ad72f6">
      <Execution id="abb4835d-cfca-4f97-b08e-f274342ae968" />
      <TestMethod codeBase="D:\Desktop\网页设计\Mouse\tests\CrossMacro.Platform.Windows.Tests\bin\Debug\net10.0\CrossMacro.Platform.Windows.Tests.dll" adapterTypeName="executor://xunit/VsTestRunner3/netcore/" className="CrossMacro.Platform.Windows.Tests.Services.WindowsInputCaptureTests" name="IsSessionRecoveryMessage_RecognizesUnlockAndDesktopReady" />
    </UnitTest>
  </TestDefinitions>
  <TestEntries>
    <TestEntry testId="3686ef5d-772e-feb9-aa67-044f5804a8ed" executionId="d7d5d994-e3d8-4578-8dfd-182f22de6524" testListId="8c84fa94-04c1-424b-9868-57a2d4851a1d" />
    <TestEntry testId="3fb42bf2-656a-c460-ad54-89b04d4a44e8" executionId="7fef5d80-4edd-44f3-90c5-5af76e610e9e" testListId="8c84fa94-04c1-424b-9868-57a2d4851a1d" />
    <TestEntry testId="6caf695f-7ae6-4589-4572-2d3e4bdd67db" executionId="9e98a583-a5a6-4e31-a2a4-1cf7286dc628" testListId="8c84fa94-04c1-424b-9868-57a2d4851a1d" />
    <TestEntry testId="e6236c47-c03c-b4a9-da0f-d2b3026e13a4" executionId="1dcf342e-edbf-464f-91bc-f8e47a56707b" testListId="8c84fa94-04c1-424b-9868-57a2d4851a1d" />
    <TestEntry testId="85daf028-92da-1e99-407e-5a0b1b83a698" executionId="c519b7a5-b330-4d8b-bb15-179c304b2382" testListId="8c84fa94-04c1-424b-9868-57a2d4851a1d" />
    <TestEntry testId="c12a0e51-ec91-50b7-cec5-f87316897614" executionId="c0fd026b-3970-44bd-9665-7e47e4a80ef4" testListId="8c84fa94-04c1-424b-9868-57a2d4851a1d" />
    <TestEntry testId="7b70a6a8-5a50-cc2f-815e-6f98414da314" executionId="ddd1311b-eedb-44f2-8792-570cd1c874bb" testListId="8c84fa94-04c1-424b-9868-57a2d4851a1d" />
    <TestEntry testId="7dcbef5c-b220-ef01-91f9-20948d6e3457" executionId="d454294d-7df1-4833-90a4-78fe9386bac8" testListId="8c84fa94-04c1-424b-9868-57a2d4851a1d" />
    <TestEntry testId="5ed631da-993c-2609-9a41-608f5700f467" executionId="dd50dbf0-5669-46dc-ae1d-8dceb38235ec" testListId="8c84fa94-04c1-424b-9868-57a2d4851a1d" />
    <TestEntry testId="7a5ae8e6-a880-4f4b-c03a-c96535af7e37" executionId="0a3651c8-21f2-48a4-b60d-9a0e9a052764" testListId="8c84fa94-04c1-424b-9868-57a2d4851a1d" />
    <TestEntry testId="115ee4d9-b468-8966-6262-f887a0604031" executionId="49029e46-a83e-4713-b123-89a17881d74a" testListId="8c84fa94-04c1-424b-9868-57a2d4851a1d" />
    <TestEntry testId="e7f3a5bc-5c8c-1ac9-f6c8-939887c5a5d4" executionId="eeedf590-c71b-4856-8edf-d9c8a5f6fc41" testListId="8c84fa94-04c1-424b-9868-57a2d4851a1d" />
    <TestEntry testId="cf2d21e3-ac19-892c-e924-0c64d0bcf855" executionId="34d776a3-adc7-4aa8-8513-dc0dc4d08c2c" testListId="8c84fa94-04c1-424b-9868-57a2d4851a1d" />
    <TestEntry testId="830badba-7cf1-724d-e348-cba3a82609b2" executionId="ad196c48-364f-4fb6-8f40-aa9d1d406ec9" testListId="8c84fa94-04c1-424b-9868-57a2d4851a1d" />
    <TestEntry testId="5b969b71-31dd-859b-ac91-df370896d754" executionId="080b51ce-f62e-42bc-90b1-77a9512f0c62" testListId="8c84fa94-04c1-424b-9868-57a2d4851a1d" />
    <TestEntry testId="64ccf529-4d75-0c69-885c-821a5e83dde0" executionId="f08da264-db13-44eb-9f42-9ad88cd33497" testListId="8c84fa94-04c1-424b-9868-57a2d4851a1d" />
    <TestEntry testId="5d009ef3-daa9-4a2a-fc39-5fbf48367f12" executionId="b056a8ce-4556-4432-979c-461376ecd5b1" testListId="8c84fa94-04c1-424b-9868-57a2d4851a1d" />
    <TestEntry testId="e4b96956-7a86-649a-b92d-677b83d7ac5b" executionId="b2ac1384-2dc9-41d9-a5a5-5b1283f0cbc7" testListId="8c84fa94-04c1-424b-9868-57a2d4851a1d" />
    <TestEntry testId="5a0ecbe0-8d42-5b35-f56d-ed7d07ad72f6" executionId="abb4835d-cfca-4f97-b08e-f274342ae968" testListId="8c84fa94-04c1-424b-9868-57a2d4851a1d" />
    <TestEntry testId="1946dfe4-3880-e60d-da88-e28e82b23e2c" executionId="bfb8dac9-e296-404d-902e-93d2edb364d2" testListId="8c84fa94-04c1-424b-9868-57a2d4851a1d" />
    <TestEntry testId="4cf329b5-4a7d-4f84-9e68-85a551281d7f" executionId="40378dae-a864-4e6c-9675-d7ad4842b1e8" testListId="8c84fa94-04c1-424b-9868-57a2d4851a1d" />
    <TestEntry testId="01390068-5266-7316-b79f-840108b34853" executionId="741deb6e-c4da-4fd5-b95f-354cdbd36d21" testListId="8c84fa94-04c1-424b-9868-57a2d4851a1d" />
    <TestEntry testId="99a14bac-44b1-ba24-c6fc-8f2a9fb3b30c" executionId="469b027d-b91a-49de-ab79-9fc53f963124" testListId="8c84fa94-04c1-424b-9868-57a2d4851a1d" />
    <TestEntry testId="e297f599-b7ca-bf4b-c5a3-e35db4a4f20f" executionId="5dc03a70-b060-4b69-807a-5a1f0de12ab6" testListId="8c84fa94-04c1-424b-9868-57a2d4851a1d" />
    <TestEntry testId="8ed75d50-927c-894d-5992-66c5758abc09" executionId="5bdea399-02da-4b58-a388-1c66bf2c191b" testListId="8c84fa94-04c1-424b-9868-57a2d4851a1d" />
    <TestEntry testId="dec18fc4-7b95-a9bf-079c-e8fd1b262803" executionId="09ab888d-4cc1-442c-9e4e-bbeca4a53a97" testListId="8c84fa94-04c1-424b-9868-57a2d4851a1d" />
    <TestEntry testId="4a67f177-6e88-402b-ab25-54e3ff762929" executionId="545bcf6f-ed63-49ae-af2a-af0acc68ac60" testListId="8c84fa94-04c1-424b-9868-57a2d4851a1d" />
    <TestEntry testId="6640db0c-da0c-6250-aa0b-384e26192cb3" executionId="94f70902-9a3b-4f18-8732-28091e3ebc56" testListId="8c84fa94-04c1-424b-9868-57a2d4851a1d" />
    <TestEntry testId="19afbc2c-4939-3ec5-5e46-5332bd1dad00" executionId="38bc0656-a604-4570-b7da-c64b0cffe507" testListId="8c84fa94-04c1-424b-9868-57a2d4851a1d" />
    <TestEntry testId="3a5b8051-bf10-9f0b-7175-1df280aad1b6" executionId="d67b5378-025c-4957-889a-7a01cd2cfcb7" testListId="8c84fa94-04c1-424b-9868-57a2d4851a1d" />
    <TestEntry testId="34702f07-6815-e31c-7494-2643b8c29235" executionId="ab607b43-e920-4604-962d-118dec884920" testListId="8c84fa94-04c1-424b-9868-57a2d4851a1d" />
    <TestEntry testId="6a391597-259b-3bf6-6942-d0ad7ab5b9ec" executionId="105219c2-31dd-42e4-b3e2-266a162116bd" testListId="8c84fa94-04c1-424b-9868-57a2d4851a1d" />
    <TestEntry testId="afb84158-fce6-21ed-a82c-ad1de8d49a27" executionId="5119843d-c782-429c-acf8-b469443cf396" testListId="8c84fa94-04c1-424b-9868-57a2d4851a1d" />
    <TestEntry testId="75a864cd-9227-a614-92da-c7f65c508202" executionId="82a0c150-72aa-4038-b0d7-84dd0de1ef42" testListId="8c84fa94-04c1-424b-9868-57a2d4851a1d" />
    <TestEntry testId="5ca92050-9324-2043-bd64-e6ecc15dffd3" executionId="1221aabb-eae8-4b7b-a27d-055e10d8057a" testListId="8c84fa94-04c1-424b-9868-57a2d4851a1d" />
    <TestEntry testId="104d1d95-91a2-3a45-51e2-16da48c07085" executionId="83c66390-15b5-4483-91f9-146975435a6f" testListId="8c84fa94-04c1-424b-9868-57a2d4851a1d" />
    <TestEntry testId="a392fc93-2e68-b953-a777-0a98d21b063f" executionId="420a8bba-a810-4343-83ad-a6a6ad3b476a" testListId="8c84fa94-04c1-424b-9868-57a2d4851a1d" />
    <TestEntry testId="5ab9abc8-36c3-3646-b825-c768918c7d89" executionId="064eb79c-7267-483c-a466-38617bed3a6d" testListId="8c84fa94-04c1-424b-9868-57a2d4851a1d" />
    <TestEntry testId="627e00f1-9cfc-d912-8ad4-e81b599f5f8c" executionId="38b12783-472d-4188-9c93-bfef2a741d3d" testListId="8c84fa94-04c1-424b-9868-57a2d4851a1d" />
    <TestEntry testId="0c565ee8-6571-79e7-1033-aacaecd32bbc" executionId="694e1322-80fa-4476-b48a-efc700d450c5" testListId="8c84fa94-04c1-424b-9868-57a2d4851a1d" />
    <TestEntry testId="d4f86d56-9545-36c2-7639-a4c77e329af5" executionId="b9b4bb7a-85cf-4e7c-b185-071d39bd91f8" testListId="8c84fa94-04c1-424b-9868-57a2d4851a1d" />
    <TestEntry testId="ea782ba5-0a63-209d-a92e-f1a5a3760b19" executionId="aa490e8b-d462-4ea4-a025-f3196691a391" testListId="8c84fa94-04c1-424b-9868-57a2d4851a1d" />
    <TestEntry testId="603c07fc-1f78-6486-8ca3-57a135a17433" executionId="df31404f-a5ec-4068-8482-07f91debc7dd" testListId="8c84fa94-04c1-424b-9868-57a2d4851a1d" />
    <TestEntry testId="8412c168-c070-695d-4224-ebcc6d5722a7" executionId="dc542054-4949-4eea-9e52-28f0c2406918" testListId="8c84fa94-04c1-424b-9868-57a2d4851a1d" />
    <TestEntry testId="061344a2-7069-61b9-676f-2a6141afd822" executionId="519bb69e-f88b-4dbd-8da3-a39714818a8a" testListId="8c84fa94-04c1-424b-9868-57a2d4851a1d" />
    <TestEntry testId="a065ff11-6ac3-ac88-e651-af0c48e115b5" executionId="5a46bdaa-7cca-4fc8-a15e-e1de01cedf72" testListId="8c84fa94-04c1-424b-9868-57a2d4851a1d" />
    <TestEntry testId="52a404a4-52b6-0748-b184-820348ce1f73" executionId="a65aad37-0474-4daf-a8c0-b4b165e4029d" testListId="8c84fa94-04c1-424b-9868-57a2d4851a1d" />
    <TestEntry testId="d1c7e4a8-8424-2245-dd26-50c2d0ab3e43" executionId="119aa0e6-2178-4b73-a681-7bc984946ec8" testListId="8c84fa94-04c1-424b-9868-57a2d4851a1d" />
    <TestEntry testId="e703d192-299d-15b4-8ed4-9fc5ae7d56d7" executionId="d627acaf-ef0f-462d-b3da-08c68923cd09" testListId="8c84fa94-04c1-424b-9868-57a2d4851a1d" />
    <TestEntry testId="1e90206f-76b4-e4f7-9e1e-95566c0e0c94" executionId="5cf0d8c3-68eb-4b04-b3b6-d5b1264604dc" testListId="8c84fa94-04c1-424b-9868-57a2d4851a1d" />
    <TestEntry testId="9f5cd27c-addd-916f-480a-c383d10dec32" executionId="c2bf7349-b13f-419a-b328-e556655a90ed" testListId="8c84fa94-04c1-424b-9868-57a2d4851a1d" />
    <TestEntry testId="090b5436-bb4f-5f3b-62de-dac2f9f0d0a1" executionId="dc3d8d48-125d-4595-b93c-13c3b07b0027" testListId="8c84fa94-04c1-424b-9868-57a2d4851a1d" />
    <TestEntry testId="b6771b72-48b5-e5fc-d74f-3afc22e46e1c" executionId="9badbaea-c54e-4a8a-8be0-d9f7d9a537cf" testListId="8c84fa94-04c1-424b-9868-57a2d4851a1d" />
    <TestEntry testId="9f1967b5-8404-484f-2865-379384797966" executionId="16a0d7b9-3b97-4337-97e3-507a31a344f0" testListId="8c84fa94-04c1-424b-9868-57a2d4851a1d" />
    <TestEntry testId="12dc7a60-0f79-6fcb-70b2-ef52110027e6" executionId="4a099a8b-2978-4507-9424-6ef8b23a0b78" testListId="8c84fa94-04c1-424b-9868-57a2d4851a1d" />
    <TestEntry testId="1f0447a2-6a25-27ab-8df4-2ba746e15770" executionId="cbeb2ba6-82a6-47a7-a225-7490dc3a39dd" testListId="8c84fa94-04c1-424b-9868-57a2d4851a1d" />
    <TestEntry testId="d8730007-044f-12b2-982f-ccf725045874" executionId="3da47b4b-b8fc-445a-b206-86954c4fb0b8" testListId="8c84fa94-04c1-424b-9868-57a2d4851a1d" />
    <TestEntry testId="48ecc6d2-afbd-ed90-0ed3-ad313363954c" executionId="18d8be88-745c-4451-8ff9-e3abd5113ef5" testListId="8c84fa94-04c1-424b-9868-57a2d4851a1d" />
    <TestEntry testId="a94f9567-ab01-bb41-8102-97e365dd7528" executionId="659eef0d-74c4-4170-a4f0-3937db2065b3" testListId="8c84fa94-04c1-424b-9868-57a2d4851a1d" />
    <TestEntry testId="bcb601ea-2ca9-7711-ede4-fc57d3d880f5" executionId="5aee3968-085e-4910-ae85-78cbbef6f1d3" testListId="8c84fa94-04c1-424b-9868-57a2d4851a1d" />
    <TestEntry testId="1691cffd-ac60-1a54-7ccd-82a2bc6dcc03" executionId="0a20a91e-5597-41dd-a249-2981091296af" testListId="8c84fa94-04c1-424b-9868-57a2d4851a1d" />
    <TestEntry testId="837e8879-43ca-dfcc-b08c-aed71c3c010e" executionId="265ae2f8-26cc-4497-98d8-ceac177044ea" testListId="8c84fa94-04c1-424b-9868-57a2d4851a1d" />
    <TestEntry testId="cc9f6610-30f0-c155-6f97-04847eceab12" executionId="21695582-8e9d-4ca7-bae3-205978e1bf0a" testListId="8c84fa94-04c1-424b-9868-57a2d4851a1d" />
    <TestEntry testId="880897cf-a303-ce5a-faec-59a03184f3da" executionId="23af8a10-fbab-44d0-97f2-f4ae7b4d486b" testListId="8c84fa94-04c1-424b-9868-57a2d4851a1d" />
    <TestEntry testId="a52048a1-eca0-c600-3544-9828b0db65db" executionId="b1bd678f-08e3-4aa4-ae34-3fdd45dd7e9a" testListId="8c84fa94-04c1-424b-9868-57a2d4851a1d" />
    <TestEntry testId="050930a2-8250-6c8f-545d-94a790d251cc" executionId="a5ae56d8-37ff-4ef8-a20e-3572e9863a1f" testListId="8c84fa94-04c1-424b-9868-57a2d4851a1d" />
    <TestEntry testId="19cda4ec-5c9a-3e7f-47ee-3b851c6b6240" executionId="c381f936-456d-4e98-966b-5e1bd059ac5b" testListId="8c84fa94-04c1-424b-9868-57a2d4851a1d" />
    <TestEntry testId="d483b124-2132-acea-9605-26e967951372" executionId="a1776a9e-32a1-4870-82aa-cbb566a54c9a" testListId="8c84fa94-04c1-424b-9868-57a2d4851a1d" />
    <TestEntry testId="1a865cdc-150a-cbde-0491-0142d216019b" executionId="d69e8aad-438c-42b9-a47d-1ef5f23f976c" testListId="8c84fa94-04c1-424b-9868-57a2d4851a1d" />
    <TestEntry testId="14fab787-43d9-08da-6bd7-c15dd1aadc99" executionId="052c6b24-cedd-4c95-84c0-696bd9105798" testListId="8c84fa94-04c1-424b-9868-57a2d4851a1d" />
    <TestEntry testId="26b05156-3b0b-6a23-eaec-a7b5c4781c84" executionId="434f7c43-53b7-4ad2-b056-0bb82d45a05e" testListId="8c84fa94-04c1-424b-9868-57a2d4851a1d" />
    <TestEntry testId="d5ab5e33-a2ec-e60b-2b68-43eca92d99f7" executionId="8736b428-43ae-47bf-af99-9ea20fde977e" testListId="8c84fa94-04c1-424b-9868-57a2d4851a1d" />
    <TestEntry testId="e19904d5-8abf-31a7-10cb-c5bf316f9e36" executionId="ca716938-caff-492b-927a-2d9f96e68020" testListId="8c84fa94-04c1-424b-9868-57a2d4851a1d" />
    <TestEntry testId="17fce134-4e42-4765-1e70-2d802503a50f" executionId="014b6328-b243-4ec4-baae-e1bd4e7ca835" testListId="8c84fa94-04c1-424b-9868-57a2d4851a1d" />
    <TestEntry testId="f02226a4-108e-8eba-58c2-3f06f75535d0" executionId="3e9e6d1f-0f90-4744-bf83-656703e57cc4" testListId="8c84fa94-04c1-424b-9868-57a2d4851a1d" />
  </TestEntries>
  <TestLists>
    <TestList name="列表中未列出的结果" id="8c84fa94-04c1-424b-9868-57a2d4851a1d" />
    <TestList name="所有已加载的结果" id="19431567-8539-422a-85d7-44ee4e166bda" />
  </TestLists>
  <ResultSummary outcome="Completed">
    <Counters total="75" executed="75" passed="75" failed="0" error="0" timeout="0" aborted="0" inconclusive="0" passedButRunAborted="0" notRunnable="0" notExecuted="0" disconnected="0" warning="0" completed="0" inProgress="0" pending="0" />
    <Output>
      <StdOut>[xUnit.net 00:00:00.00] xUnit.net VSTest Adapter v3.1.5+1b188a7b0a (64-bit .NET 10.0.11)&#xD;
[xUnit.net 00:00:00.33]   Discovering: CrossMacro.Platform.Windows.Tests&#xD;
[xUnit.net 00:00:00.38]   Discovered:  CrossMacro.Platform.Windows.Tests&#xD;
[xUnit.net 00:00:00.42]   Starting:    CrossMacro.Platform.Windows.Tests&#xD;
[xUnit.net 00:00:01.54]   Finished:    CrossMacro.Platform.Windows.Tests&#xD;
</StdOut>
    </Output>
  </ResultSummary>
</TestRun>