<?xml version="1.0" encoding="utf-8"?>
<TestRun id="b8b79274-82c8-4384-a714-3c3d5a6689ea" name="W@DESKTOP-QNA3DP1 2026-09-12 16:44:29" runUser="DESKTOP-QNA3DP1\CodexSandboxOffline" xmlns="http://microsoft.com/schemas/VisualStudio/TeamTest/2010">
  <Times creation="2026-09-12T16:44:29.5867906+08:00" queuing="2026-09-12T16:44:29.5867912+08:00" start="2026-09-12T16:44:28.8967759+08:00" finish="2026-09-12T16:44:30.1229021+08:00" />
  <TestSettings name="default" id="11bd4c15-a234-421f-8193-fedb3f9ffc70">
    <Deployment runDeploymentRoot="W_DESKTOP-QNA3DP1_2026-09-12_16_44_29" />
  </TestSettings>
  <Results>
    <UnitTestResult executionId="cae36f65-97fd-48f1-b179-4c092f4b4649" testId="0b5f9e56-d20f-0fcd-e19f-75de08b9aca9" testName="CrossMacro.Infrastructure.Tests.Services.SettingsServiceTests.Load_WhenFileCorrupted_ReturnsDefaults" computerName="DESKTOP-QNA3DP1" duration="00:00:00.0054687" startTime="2026-09-12T16:44:29.6559781+08:00" endTime="2026-09-12T16:44:29.6610176+08:00" testType="13cdc9d9-ddb5-4fa4-a97d-d965ccfc6d4b" outcome="Passed" testListId="8c84fa94-04c1-424b-9868-57a2d4851a1d" relativeResultsDirectory="cae36f65-97fd-48f1-b179-4c092f4b4649" />
    <UnitTestResult executionId="aad185e7-2111-4f22-ba67-7057b7b8a9e6" testId="e5a2f9b8-38fa-350e-4cd9-ccfb13c71046" testName="CrossMacro.Infrastructure.Tests.Services.SettingsServiceTests.SaveAsync_DoesNotPersistRemovedPortalRestoreFields" computerName="DESKTOP-QNA3DP1" duration="00:00:00.0551672" startTime="2026-09-12T16:44:29.5257189+08:00" endTime="2026-09-12T16:44:29.5810464+08:00" testType="13cdc9d9-ddb5-4fa4-a97d-d965ccfc6d4b" outcome="Passed" testListId="8c84fa94-04c1-424b-9868-57a2d4851a1d" relativeResultsDirectory="aad185e7-2111-4f22-ba67-7057b7b8a9e6" />
    <UnitTestResult executionId="ac23872f-374e-4cc0-b010-9d80687e600c" testId="f6c5d004-5019-129f-7ecb-046a376c918f" testName="CrossMacro.Infrastructure.Tests.Services.SettingsServiceTests.SaveAndLoadAsync_RoundTrip_PreservesSettings" computerName="DESKTOP-QNA3DP1" duration="00:00:00.0117942" startTime="2026-09-12T16:44:29.6434849+08:00" endTime="2026-09-12T16:44:29.6554547+08:00" testType="13cdc9d9-ddb5-4fa4-a97d-d965ccfc6d4b" outcome="Passed" testListId="8c84fa94-04c1-424b-9868-57a2d4851a1d" relativeResultsDirectory="ac23872f-374e-4cc0-b010-9d80687e600c" />
    <UnitTestResult executionId="50a9e9b5-c8e2-40d7-90ad-d411da4a20e8" testId="9da1dd7b-f85c-05a5-3759-8b272a4ee784" testName="CrossMacro.Infrastructure.Tests.Services.ManageTextExpansionTests.ActiveMutation_HoldsProfileScopeUntilSaveCompletesBeforeSwitchReload" computerName="DESKTOP-QNA3DP1" duration="00:00:00.0020165" startTime="2026-09-12T16:44:29.6211103+08:00" endTime="2026-09-12T16:44:29.6230779+08:00" testType="13cdc9d9-ddb5-4fa4-a97d-d965ccfc6d4b" outcome="Passed" testListId="8c84fa94-04c1-424b-9868-57a2d4851a1d" relativeResultsDirectory="50a9e9b5-c8e2-40d7-90ad-d411da4a20e8" />
    <UnitTestResult executionId="9cbd5cad-1b68-414d-a87c-b5132287fa48" testId="e5442652-0c20-a851-c920-1b98d8043e6e" testName="CrossMacro.Infrastructure.Tests.Services.SettingsServiceTests.SaveAndLoad_RoundTrip_PreservesSettings" computerName="DESKTOP-QNA3DP1" duration="00:00:00.0173374" startTime="2026-09-12T16:44:29.5867622+08:00" endTime="2026-09-12T16:44:29.6036967+08:00" testType="13cdc9d9-ddb5-4fa4-a97d-d965ccfc6d4b" outcome="Passed" testListId="8c84fa94-04c1-424b-9868-57a2d4851a1d" relativeResultsDirectory="9cbd5cad-1b68-414d-a87c-b5132287fa48" />
    <UnitTestResult executionId="fa7b3e6b-e45a-4738-af87-279917471a89" testId="f8421fbb-5ffc-d4e6-8231-e93c5adb1d5e" testName="CrossMacro.Infrastructure.Tests.Services.ProfileManagerTests.SwitchProfileAsync_AwaitsSchedulerShutdownBeforeReloadAndRestart" computerName="DESKTOP-QNA3DP1" duration="00:00:00.0425123" startTime="2026-09-12T16:44:29.8312441+08:00" endTime="2026-09-12T16:44:29.8738622+08:00" testType="13cdc9d9-ddb5-4fa4-a97d-d965ccfc6d4b" outcome="Passed" testListId="8c84fa94-04c1-424b-9868-57a2d4851a1d" relativeResultsDirectory="fa7b3e6b-e45a-4738-af87-279917471a89" />
    <UnitTestResult executionId="488558b6-c949-4fe7-9c8c-834076bc6c6f" testId="151fb183-0e8f-691d-2b71-e497883dbaa7" testName="CrossMacro.Infrastructure.Tests.Services.ProfileManagerTests.InitializeAsync_IsIdempotentAfterRuntimeServicesAreLoaded" computerName="DESKTOP-QNA3DP1" duration="00:00:00.0121452" startTime="2026-09-12T16:44:29.8863675+08:00" endTime="2026-09-12T16:44:29.8986784+08:00" testType="13cdc9d9-ddb5-4fa4-a97d-d965ccfc6d4b" outcome="Passed" testListId="8c84fa94-04c1-424b-9868-57a2d4851a1d" relativeResultsDirectory="488558b6-c949-4fe7-9c8c-834076bc6c6f" />
    <UnitTestResult executionId="e5fea382-285b-4e05-871e-8a621d3751ac" testId="9ed7ad90-f32e-8f9d-51d0-ddd7fb48d368" testName="CrossMacro.Infrastructure.Tests.Services.TextExpansionStorageServiceTests.GetCurrent_Initially_ReturnsEmptyList" computerName="DESKTOP-QNA3DP1" duration="00:00:00.0016278" startTime="2026-09-12T16:44:29.6493247+08:00" endTime="2026-09-12T16:44:29.6509069+08:00" testType="13cdc9d9-ddb5-4fa4-a97d-d965ccfc6d4b" outcome="Passed" testListId="8c84fa94-04c1-424b-9868-57a2d4851a1d" relativeResultsDirectory="e5fea382-285b-4e05-871e-8a621d3751ac" />
    <UnitTestResult executionId="a9472bd2-015a-4b20-a534-f0e0d9fe9295" testId="17054ed5-a5c3-d21f-10dd-d6536424e0fb" testName="CrossMacro.Infrastructure.Tests.Services.TextExpansionStorageServiceTests.LoadAsync_WhenFileNotExists_ReturnsEmptyList" computerName="DESKTOP-QNA3DP1" duration="00:00:00.0016528" startTime="2026-09-12T16:44:29.6776943+08:00" endTime="2026-09-12T16:44:29.6793097+08:00" testType="13cdc9d9-ddb5-4fa4-a97d-d965ccfc6d4b" outcome="Passed" testListId="8c84fa94-04c1-424b-9868-57a2d4851a1d" relativeResultsDirectory="a9472bd2-015a-4b20-a534-f0e0d9fe9295" />
    <UnitTestResult executionId="a8957004-ef2d-43b7-b917-757c687e0e94" testId="d9cf6e5e-749b-78f5-5590-d2f489f2212f" testName="CrossMacro.Infrastructure.Tests.Services.TextExpansionStorageServiceTests.SaveAsync_WhenEnumerationThrows_PropagatesException_AndKeepsCache" computerName="DESKTOP-QNA3DP1" duration="00:00:00.0127882" startTime="2026-09-12T16:44:29.6578587+08:00" endTime="2026-09-12T16:44:29.6709251+08:00" testType="13cdc9d9-ddb5-4fa4-a97d-d965ccfc6d4b" outcome="Passed" testListId="8c84fa94-04c1-424b-9868-57a2d4851a1d" relativeResultsDirectory="a8957004-ef2d-43b7-b917-757c687e0e94" />
    <UnitTestResult executionId="c5d20046-a223-466d-aa9e-423dcf6ebe72" testId="4b85128f-04aa-8776-047a-5083a29221da" testName="CrossMacro.Infrastructure.Tests.Services.SettingsServiceTests.Current_Initially_ReturnsDefaultSettings" computerName="DESKTOP-QNA3DP1" duration="00:00:00.0007482" startTime="2026-09-12T16:44:29.6769428+08:00" endTime="2026-09-12T16:44:29.6777199+08:00" testType="13cdc9d9-ddb5-4fa4-a97d-d965ccfc6d4b" outcome="Passed" testListId="8c84fa94-04c1-424b-9868-57a2d4851a1d" relativeResultsDirectory="c5d20046-a223-466d-aa9e-423dcf6ebe72" />
    <UnitTestResult executionId="3e769105-b904-452d-b473-5fe5ea8d7b6d" testId="80559903-2fd6-7479-2a29-6f93c7ccf4cd" testName="CrossMacro.Infrastructure.Tests.Services.TextExpansionStorageServiceTests.SaveAndReload_KeepLatestProfileCacheWhenOperationsOverlap" computerName="DESKTOP-QNA3DP1" duration="00:00:00.0309764" startTime="2026-09-12T16:44:29.6069678+08:00" endTime="2026-09-12T16:44:29.6381260+08:00" testType="13cdc9d9-ddb5-4fa4-a97d-d965ccfc6d4b" outcome="Passed" testListId="8c84fa94-04c1-424b-9868-57a2d4851a1d" relativeResultsDirectory="3e769105-b904-452d-b473-5fe5ea8d7b6d" />
    <UnitTestResult executionId="74b975e5-cd3b-484e-9d3f-19b8322b452c" testId="38cf06e0-4e46-9ecf-fb3c-526c3948d226" testName="CrossMacro.Infrastructure.Tests.Services.TextExpansionStorageServiceTests.LoadAsync_WhenInsertionModeIsMissing_DefaultsToPaste" computerName="DESKTOP-QNA3DP1" duration="00:00:00.0270636" startTime="2026-09-12T16:44:29.5128274+08:00" endTime="2026-09-12T16:44:29.5301814+08:00" testType="13cdc9d9-ddb5-4fa4-a97d-d965ccfc6d4b" outcome="Passed" testListId="8c84fa94-04c1-424b-9868-57a2d4851a1d" relativeResultsDirectory="74b975e5-cd3b-484e-9d3f-19b8322b452c" />
    <UnitTestResult executionId="bd801be7-6214-4f14-9403-e3615c342d2d" testId="5545c854-6281-5c3f-8ddc-35875eeb56ee" testName="CrossMacro.Infrastructure.Tests.Services.TextExpansionStorageServiceTests.GetCurrent_ReturnsDeepSnapshot_ThatCannotMutateCache" computerName="DESKTOP-QNA3DP1" duration="00:00:00.0050766" startTime="2026-09-12T16:44:29.6710811+08:00" endTime="2026-09-12T16:44:29.6762957+08:00" testType="13cdc9d9-ddb5-4fa4-a97d-d965ccfc6d4b" outcome="Passed" testListId="8c84fa94-04c1-424b-9868-57a2d4851a1d" relativeResultsDirectory="bd801be7-6214-4f14-9403-e3615c342d2d" />
    <UnitTestResult executionId="a32b7079-11d5-4dba-96a5-0941e5fe2e43" testId="6d95bf93-646f-3714-24a9-524a1997ee71" testName="CrossMacro.Infrastructure.Tests.Services.ProfileManagerTests.DeleteProfileAsync_WhenRegistrySaveFails_RestoresRegistryAndDirectory" computerName="DESKTOP-QNA3DP1" duration="00:00:00.1711273" startTime="2026-09-12T16:44:29.4652502+08:00" endTime="2026-09-12T16:44:29.6393432+08:00" testType="13cdc9d9-ddb5-4fa4-a97d-d965ccfc6d4b" outcome="Passed" testListId="8c84fa94-04c1-424b-9868-57a2d4851a1d" relativeResultsDirectory="a32b7079-11d5-4dba-96a5-0941e5fe2e43" />
    <UnitTestResult executionId="6ff7f647-bc81-4293-8ef2-6afcb3f1950d" testId="2520c648-8844-6eff-ffff-eacee4d56598" testName="CrossMacro.Infrastructure.Tests.Services.ProfileManagerTests.SwitchProfileAsync_WhenHotkeyStopFails_AbortsWithoutRestartingFailedService" computerName="DESKTOP-QNA3DP1" duration="00:00:00.0337234" startTime="2026-09-12T16:44:29.9195018+08:00" endTime="2026-09-12T16:44:29.9517062+08:00" testType="13cdc9d9-ddb5-4fa4-a97d-d965ccfc6d4b" outcome="Passed" testListId="8c84fa94-04c1-424b-9868-57a2d4851a1d" relativeResultsDirectory="6ff7f647-bc81-4293-8ef2-6afcb3f1950d" />
    <UnitTestResult executionId="d0c386ee-7c0d-4819-b280-5bcd4b6837ea" testId="9e7e8bb8-eb43-4b91-2b79-64cebbaa1f13" testName="CrossMacro.Infrastructure.Tests.Services.SettingsServiceTests.LoadAsync_ReturnsSettings" computerName="DESKTOP-QNA3DP1" duration="00:00:00.0383608" startTime="2026-09-12T16:44:29.4665286+08:00" endTime="2026-09-12T16:44:29.5129170+08:00" testType="13cdc9d9-ddb5-4fa4-a97d-d965ccfc6d4b" outcome="Passed" testListId="8c84fa94-04c1-424b-9868-57a2d4851a1d" relativeResultsDirectory="d0c386ee-7c0d-4819-b280-5bcd4b6837ea" />
    <UnitTestResult executionId="88e1a01f-b775-4dc3-8538-1f2cb401e4db" testId="8e021ff0-691d-2f3d-310f-236241d3e7e0" testName="CrossMacro.Infrastructure.Tests.Services.SettingsServiceTests.Save_DoesNotThrow" computerName="DESKTOP-QNA3DP1" duration="00:00:00.0128541" startTime="2026-09-12T16:44:29.6038460+08:00" endTime="2026-09-12T16:44:29.6166100+08:00" testType="13cdc9d9-ddb5-4fa4-a97d-d965ccfc6d4b" outcome="Passed" testListId="8c84fa94-04c1-424b-9868-57a2d4851a1d" relativeResultsDirectory="88e1a01f-b775-4dc3-8538-1f2cb401e4db" />
    <UnitTestResult executionId="58634b91-c96f-4bf0-9cf8-35890d548c3b" testId="71453d14-d271-f614-4830-567f1432ddfa" testName="CrossMacro.Infrastructure.Tests.Services.ProfileManagerTests.SwitchProfileAsync_WhenParticipantReloadFails_RestoresPreviousProfileParticipantState" computerName="DESKTOP-QNA3DP1" duration="00:00:00.0404317" startTime="2026-09-12T16:44:29.9889339+08:00" endTime="2026-09-12T16:44:30.0296505+08:00" testType="13cdc9d9-ddb5-4fa4-a97d-d965ccfc6d4b" outcome="Passed" testListId="8c84fa94-04c1-424b-9868-57a2d4851a1d" relativeResultsDirectory="58634b91-c96f-4bf0-9cf8-35890d548c3b" />
    <UnitTestResult executionId="6d520204-911b-434a-9744-a0f080b65b9e" testId="99f133af-15ac-2a67-47a4-247b4883e3f0" testName="CrossMacro.Infrastructure.Tests.Services.SettingsServiceTests.Save_WhenWriteFails_Throws" computerName="DESKTOP-QNA3DP1" duration="00:00:00.0038602" startTime="2026-09-12T16:44:29.5811580+08:00" endTime="2026-09-12T16:44:29.5849337+08:00" testType="13cdc9d9-ddb5-4fa4-a97d-d965ccfc6d4b" outcome="Passed" testListId="8c84fa94-04c1-424b-9868-57a2d4851a1d" relativeResultsDirectory="6d520204-911b-434a-9744-a0f080b65b9e" />
    <UnitTestResult executionId="990dd972-b04c-4a43-afc5-7d5cf9ada7a7" testId="08be21c3-c6b8-fabc-e9cd-8e78de0f56fb" testName="CrossMacro.Infrastructure.Tests.Services.ProfileManagerTests.CreateProfileAsync_WhenDefaultProfileHasUserData_CreatesCleanDefaultProfile" computerName="DESKTOP-QNA3DP1" duration="00:00:00.0618072" startTime="2026-09-12T16:44:29.7694068+08:00" endTime="2026-09-12T16:44:29.8311150+08:00" testType="13cdc9d9-ddb5-4fa4-a97d-d965ccfc6d4b" outcome="Passed" testListId="8c84fa94-04c1-424b-9868-57a2d4851a1d" relativeResultsDirectory="990dd972-b04c-4a43-afc5-7d5cf9ada7a7" />
    <UnitTestResult executionId="4879c324-a8eb-4cff-9609-3f8ccc083c71" testId="dbc7c404-39be-e745-beb1-5f577ababd8c" testName="CrossMacro.Infrastructure.Tests.Services.SettingsServiceTests.SaveAfterIdleAsync_CoalescesRequests_AndPersistsLatestSettings" computerName="DESKTOP-QNA3DP1" duration="00:00:00.0264467" startTime="2026-09-12T16:44:29.6167425+08:00" endTime="2026-09-12T16:44:29.6433635+08:00" testType="13cdc9d9-ddb5-4fa4-a97d-d965ccfc6d4b" outcome="Passed" testListId="8c84fa94-04c1-424b-9868-57a2d4851a1d" relativeResultsDirectory="4879c324-a8eb-4cff-9609-3f8ccc083c71" />
    <UnitTestResult executionId="4f2462e2-cfa8-49eb-8b7a-88b4ffc6f3ab" testId="1276c491-0696-86e0-1679-d14bd8945ef7" testName="CrossMacro.Infrastructure.Tests.Services.ProfileManagerTests.Dispose_CanBeCalledRepeatedly" computerName="DESKTOP-QNA3DP1" duration="00:00:00.0013120" startTime="2026-09-12T16:44:29.9190118+08:00" endTime="2026-09-12T16:44:29.9190549+08:00" testType="13cdc9d9-ddb5-4fa4-a97d-d965ccfc6d4b" outcome="Passed" testListId="8c84fa94-04c1-424b-9868-57a2d4851a1d" relativeResultsDirectory="4f2462e2-cfa8-49eb-8b7a-88b4ffc6f3ab" />
    <UnitTestResult executionId="2372c515-db5b-4765-a0e2-fd1c9e909c86" testId="c67bd640-01d9-c914-0706-d5ade3ce19f6" testName="CrossMacro.Infrastructure.Tests.Services.TextExpansionStorageServiceTests.FilePath_EndsWithJson" computerName="DESKTOP-QNA3DP1" duration="00:00:00.0029254" startTime="2026-09-12T16:44:29.5841260+08:00" endTime="2026-09-12T16:44:29.5869337+08:00" testType="13cdc9d9-ddb5-4fa4-a97d-d965ccfc6d4b" outcome="Passed" testListId="8c84fa94-04c1-424b-9868-57a2d4851a1d" relativeResultsDirectory="2372c515-db5b-4765-a0e2-fd1c9e909c86" />
    <UnitTestResult executionId="1151ec5a-145b-4fe0-9201-bf8ee1213e02" testId="8f26b4cd-743d-f0ab-8926-efedae871e3f" testName="CrossMacro.Infrastructure.Tests.Services.TextExpansionStorageServiceTests.SaveAsync_EmptyList_DoesNotThrow" computerName="DESKTOP-QNA3DP1" duration="00:00:00.0064167" startTime="2026-09-12T16:44:29.6510282+08:00" endTime="2026-09-12T16:44:29.6577262+08:00" testType="13cdc9d9-ddb5-4fa4-a97d-d965ccfc6d4b" outcome="Passed" testListId="8c84fa94-04c1-424b-9868-57a2d4851a1d" relativeResultsDirectory="1151ec5a-145b-4fe0-9201-bf8ee1213e02" />
    <UnitTestResult executionId="989523ee-1854-4fa1-b44d-41bf96db7393" testId="3809c0df-1ff8-0cea-d57b-e763d8f10378" testName="CrossMacro.Infrastructure.Tests.Services.ProfileManagerTests.GetProfileDirectory_WhenProfileDirectoryIsSymlink_RejectsIt" computerName="DESKTOP-QNA3DP1" duration="00:00:00.0118423" startTime="2026-09-12T16:44:29.8987901+08:00" endTime="2026-09-12T16:44:29.9149126+08:00" testType="13cdc9d9-ddb5-4fa4-a97d-d965ccfc6d4b" outcome="Failed" testListId="8c84fa94-04c1-424b-9868-57a2d4851a1d" relativeResultsDirectory="989523ee-1854-4fa1-b44d-41bf96db7393">
      <Output>
        <ErrorInfo>
          <Message>System.IO.IOException : 客户端没有所需的特权。 : 'C:\Users\W\AppData\Local\Temp\CrossMacroProfileManagerTests_014d835c-ecb9-49c2-aa51-66906fb4cf6b\profiles\work'.</Message>
          <StackTrace>   at Interop.Kernel32.CreateSymbolicLink(String symlinkFileName, String targetFileName, Boolean isDirectory)&#xD;
   at System.IO.Directory.CreateSymbolicLink(String path, String pathToTarget)&#xD;
   at CrossMacro.Infrastructure.Tests.Services.ProfileManagerTests.GetProfileDirectory_WhenProfileDirectoryIsSymlink_RejectsIt() in D:\Desktop\网页设计\Mouse\tests\CrossMacro.Infrastructure.Tests\Services\ProfileManagerTests.cs:line 273&#xD;
--- End of stack trace from previous location ---</StackTrace>
        </ErrorInfo>
      </Output>
    </UnitTestResult>
    <UnitTestResult executionId="5ea29ec3-9d02-46b9-9d5c-c499e66ad6a0" testId="c22035d5-24be-4924-b740-1481733fb939" testName="CrossMacro.Infrastructure.Tests.Services.SettingsServiceTests.Load_WhenFileMissing_PersistsDefaultSettingsFile" computerName="DESKTOP-QNA3DP1" duration="00:00:00.0058922" startTime="2026-09-12T16:44:29.5197261+08:00" endTime="2026-09-12T16:44:29.5255527+08:00" testType="13cdc9d9-ddb5-4fa4-a97d-d965ccfc6d4b" outcome="Passed" testListId="8c84fa94-04c1-424b-9868-57a2d4851a1d" relativeResultsDirectory="5ea29ec3-9d02-46b9-9d5c-c499e66ad6a0" />
    <UnitTestResult executionId="059e513b-535e-4622-b65a-4da528d56685" testId="7fa5b236-3862-8150-a548-238e827b3e6e" testName="CrossMacro.Infrastructure.Tests.Services.TextExpansionStorageServiceTests.Load_WhenFileNotExists_ReturnsEmptyList" computerName="DESKTOP-QNA3DP1" duration="00:00:00.0015042" startTime="2026-09-12T16:44:29.5772546+08:00" endTime="2026-09-12T16:44:29.5785472+08:00" testType="13cdc9d9-ddb5-4fa4-a97d-d965ccfc6d4b" outcome="Passed" testListId="8c84fa94-04c1-424b-9868-57a2d4851a1d" relativeResultsDirectory="059e513b-535e-4622-b65a-4da528d56685" />
    <UnitTestResult executionId="87bd8140-c69d-4d54-bbe9-a01276c2fb68" testId="a352c7a5-f548-94b8-3768-f20cb19f4583" testName="CrossMacro.Infrastructure.Tests.Services.ManageTextExpansionTests.ListAsync_UsesLoadedStorageSnapshot" computerName="DESKTOP-QNA3DP1" duration="00:00:00.0327628" startTime="2026-09-12T16:44:29.5879518+08:00" endTime="2026-09-12T16:44:29.6206847+08:00" testType="13cdc9d9-ddb5-4fa4-a97d-d965ccfc6d4b" outcome="Passed" testListId="8c84fa94-04c1-424b-9868-57a2d4851a1d" relativeResultsDirectory="87bd8140-c69d-4d54-bbe9-a01276c2fb68" />
    <UnitTestResult executionId="db83cd8d-9455-4abf-8a3e-59faf4535163" testId="0f317e0d-dd6b-aa32-1337-c43b6851dc6f" testName="CrossMacro.Infrastructure.Tests.Services.ProfileManagerTests.InitializeAsync_WhenRegistryContainsTraversalProfileId_RejectsItBeforePathUse" computerName="DESKTOP-QNA3DP1" duration="00:00:00.0120839" startTime="2026-09-12T16:44:29.8739890+08:00" endTime="2026-09-12T16:44:29.8862487+08:00" testType="13cdc9d9-ddb5-4fa4-a97d-d965ccfc6d4b" outcome="Passed" testListId="8c84fa94-04c1-424b-9868-57a2d4851a1d" relativeResultsDirectory="db83cd8d-9455-4abf-8a3e-59faf4535163" />
    <UnitTestResult executionId="9b032395-5948-4f4c-b8b1-b710465fec85" testId="aef4a789-1ded-57e1-99d0-7010b3da62fc" testName="CrossMacro.Infrastructure.Tests.Services.TextExpansionStorageServiceTests.SaveAsync_NullList_ThrowsException" computerName="DESKTOP-QNA3DP1" duration="00:00:00.0325293" startTime="2026-09-12T16:44:29.4665582+08:00" endTime="2026-09-12T16:44:29.5025171+08:00" testType="13cdc9d9-ddb5-4fa4-a97d-d965ccfc6d4b" outcome="Passed" testListId="8c84fa94-04c1-424b-9868-57a2d4851a1d" relativeResultsDirectory="9b032395-5948-4f4c-b8b1-b710465fec85" />
    <UnitTestResult executionId="77cfcbd9-4b39-4660-a09d-938e36461f45" testId="fdad15ed-3a07-359a-26f8-8a7a353a55e5" testName="CrossMacro.Infrastructure.Tests.Services.ManageTextExpansionTests.ListAsync_ForNonActiveProfile_UsesProfileScopedStoreWithoutReloadingActiveStorage" computerName="DESKTOP-QNA3DP1" duration="00:00:00.0304008" startTime="2026-09-12T16:44:29.5621730+08:00" endTime="2026-09-12T16:44:29.5853708+08:00" testType="13cdc9d9-ddb5-4fa4-a97d-d965ccfc6d4b" outcome="Passed" testListId="8c84fa94-04c1-424b-9868-57a2d4851a1d" relativeResultsDirectory="77cfcbd9-4b39-4660-a09d-938e36461f45" />
    <UnitTestResult executionId="a50e7b3f-aa5e-4c33-b8ee-7afef52f0618" testId="81adc95a-cdfc-846f-1287-5e1b78ed56a8" testName="CrossMacro.Infrastructure.Tests.Services.SettingsServiceTests.SaveAsync_DoesNotThrow" computerName="DESKTOP-QNA3DP1" duration="00:00:00.0177442" startTime="2026-09-12T16:44:29.7585706+08:00" endTime="2026-09-12T16:44:29.7765057+08:00" testType="13cdc9d9-ddb5-4fa4-a97d-d965ccfc6d4b" outcome="Passed" testListId="8c84fa94-04c1-424b-9868-57a2d4851a1d" relativeResultsDirectory="a50e7b3f-aa5e-4c33-b8ee-7afef52f0618" />
    <UnitTestResult executionId="bcc54951-ff7a-4eec-b69c-dbc8c6b9c51c" testId="dd8e359a-9b9e-adf4-2633-45edb0744715" testName="CrossMacro.Infrastructure.Tests.Services.SettingsServiceTests.Load_ReturnsSettings" computerName="DESKTOP-QNA3DP1" duration="00:00:00.0053900" startTime="2026-09-12T16:44:29.7291494+08:00" endTime="2026-09-12T16:44:29.7344790+08:00" testType="13cdc9d9-ddb5-4fa4-a97d-d965ccfc6d4b" outcome="Passed" testListId="8c84fa94-04c1-424b-9868-57a2d4851a1d" relativeResultsDirectory="bcc54951-ff7a-4eec-b69c-dbc8c6b9c51c" />
    <UnitTestResult executionId="239ec502-0dd6-4c76-a6e0-2518df0760ac" testId="4f07b392-4526-62d7-bca0-6aab31ed344e" testName="CrossMacro.Infrastructure.Tests.Services.SettingsServiceTests.SaveAndLoadAsync_RoundTripsImmutableMcpSecurityRoots" computerName="DESKTOP-QNA3DP1" duration="00:00:00.0208437" startTime="2026-09-12T16:44:29.7345913+08:00" endTime="2026-09-12T16:44:29.7556800+08:00" testType="13cdc9d9-ddb5-4fa4-a97d-d965ccfc6d4b" outcome="Passed" testListId="8c84fa94-04c1-424b-9868-57a2d4851a1d" relativeResultsDirectory="239ec502-0dd6-4c76-a6e0-2518df0760ac" />
    <UnitTestResult executionId="3d1e5188-5309-4f85-87cb-8441f5e9bb7a" testId="104c0560-64fb-c6ae-540e-1f9b798e5320" testName="CrossMacro.Infrastructure.Tests.Services.ProfileManagerTests.InitializeAsync_WhenConfigRootHasSymlinkedAncestor_UsesConfiguredTarget" computerName="DESKTOP-QNA3DP1" duration="00:00:00.0016614" startTime="2026-09-12T16:44:29.9191180+08:00" endTime="2026-09-12T16:44:29.9191753+08:00" testType="13cdc9d9-ddb5-4fa4-a97d-d965ccfc6d4b" outcome="Failed" testListId="8c84fa94-04c1-424b-9868-57a2d4851a1d" relativeResultsDirectory="3d1e5188-5309-4f85-87cb-8441f5e9bb7a">
      <Output>
        <ErrorInfo>
          <Message>System.IO.IOException : 客户端没有所需的特权。 : 'C:\Users\W\AppData\Local\Temp\CrossMacroProfileManagerTests_b1caf67f-9ba0-4c84-a455-67d304447717\linked-parent'.</Message>
          <StackTrace>   at Interop.Kernel32.CreateSymbolicLink(String symlinkFileName, String targetFileName, Boolean isDirectory)&#xD;
   at System.IO.Directory.CreateSymbolicLink(String path, String pathToTarget)&#xD;
   at CrossMacro.Infrastructure.Tests.Services.ProfileManagerTests.InitializeAsync_WhenConfigRootHasSymlinkedAncestor_UsesConfiguredTarget() in D:\Desktop\网页设计\Mouse\tests\CrossMacro.Infrastructure.Tests\Services\ProfileManagerTests.cs:line 254&#xD;
--- End of stack trace from previous location ---</StackTrace>
        </ErrorInfo>
      </Output>
    </UnitTestResult>
    <UnitTestResult executionId="f4ccbe2b-bf1c-4483-8881-f21f82f5c8c8" testId="8d1ac707-6a5f-2461-13b8-f701b9766632" testName="CrossMacro.Infrastructure.Tests.Services.ProfileManagerTests.CreateProfileAsync_WhenRegistrySaveFails_RestoresMemoryAndRemovesDirectory" computerName="DESKTOP-QNA3DP1" duration="00:00:00.0292258" startTime="2026-09-12T16:44:29.6995764+08:00" endTime="2026-09-12T16:44:29.7290998+08:00" testType="13cdc9d9-ddb5-4fa4-a97d-d965ccfc6d4b" outcome="Passed" testListId="8c84fa94-04c1-424b-9868-57a2d4851a1d" relativeResultsDirectory="f4ccbe2b-bf1c-4483-8881-f21f82f5c8c8" />
    <UnitTestResult executionId="715c400f-cd0b-4557-95e9-570b23565582" testId="f4065cf3-37cc-21ca-0344-2cbf51118085" testName="CrossMacro.Infrastructure.Tests.Services.TextExpansionStorageServiceTests.LoadAsync_WhenDirectTypingMethodIsMissing_DefaultsToFastBatch" computerName="DESKTOP-QNA3DP1" duration="00:00:00.0184118" startTime="2026-09-12T16:44:29.5870358+08:00" endTime="2026-09-12T16:44:29.6057314+08:00" testType="13cdc9d9-ddb5-4fa4-a97d-d965ccfc6d4b" outcome="Passed" testListId="8c84fa94-04c1-424b-9868-57a2d4851a1d" relativeResultsDirectory="715c400f-cd0b-4557-95e9-570b23565582" />
    <UnitTestResult executionId="2ee7304f-d716-45f8-bc64-e746f637f450" testId="06215b11-4f30-883c-ae6f-0149507a1222" testName="CrossMacro.Infrastructure.Tests.Services.SettingsServiceTests.SaveAsync_WhenWriteFails_Throws" computerName="DESKTOP-QNA3DP1" duration="00:00:00.0026776" startTime="2026-09-12T16:44:29.7558086+08:00" endTime="2026-09-12T16:44:29.7584558+08:00" testType="13cdc9d9-ddb5-4fa4-a97d-d965ccfc6d4b" outcome="Passed" testListId="8c84fa94-04c1-424b-9868-57a2d4851a1d" relativeResultsDirectory="2ee7304f-d716-45f8-bc64-e746f637f450" />
    <UnitTestResult executionId="88eecc6b-737c-4bb1-be4f-22ce035214b9" testId="ae136007-7bb3-e0c1-3be0-1cebbde089b1" testName="CrossMacro.Infrastructure.Tests.Services.TextExpansionStorageServiceTests.FilePath_IsNotEmpty" computerName="DESKTOP-QNA3DP1" duration="00:00:00.0010370" startTime="2026-09-12T16:44:29.6058492+08:00" endTime="2026-09-12T16:44:29.6068633+08:00" testType="13cdc9d9-ddb5-4fa4-a97d-d965ccfc6d4b" outcome="Passed" testListId="8c84fa94-04c1-424b-9868-57a2d4851a1d" relativeResultsDirectory="88eecc6b-737c-4bb1-be4f-22ce035214b9" />
    <UnitTestResult executionId="71aa55ae-0ad7-49be-bd99-69284189dd8c" testId="31aeea95-4195-38d3-49c5-e33c15258b9b" testName="CrossMacro.Infrastructure.Tests.Services.ProfileManagerTests.InitializeAsync_MigratesLegacyTriggersIntoDefaultProfile" computerName="DESKTOP-QNA3DP1" duration="00:00:00.0429162" startTime="2026-09-12T16:44:30.0297704+08:00" endTime="2026-09-12T16:44:30.0728569+08:00" testType="13cdc9d9-ddb5-4fa4-a97d-d965ccfc6d4b" outcome="Passed" testListId="8c84fa94-04c1-424b-9868-57a2d4851a1d" relativeResultsDirectory="71aa55ae-0ad7-49be-bd99-69284189dd8c" />
    <UnitTestResult executionId="10e2e495-1f26-4044-b3c3-9650e9bbe462" testId="8513fbaf-1f2e-ff8c-51de-b3f4d7517494" testName="CrossMacro.Infrastructure.Tests.Services.ManageTextExpansionTests.ListAsync_WhenLegacyProfileReloadFails_RestoresActiveProfileState" computerName="DESKTOP-QNA3DP1" duration="00:00:00.0024081" startTime="2026-09-12T16:44:29.5854611+08:00" endTime="2026-09-12T16:44:29.5878551+08:00" testType="13cdc9d9-ddb5-4fa4-a97d-d965ccfc6d4b" outcome="Passed" testListId="8c84fa94-04c1-424b-9868-57a2d4851a1d" relativeResultsDirectory="10e2e495-1f26-4044-b3c3-9650e9bbe462" />
    <UnitTestResult executionId="e5911473-7dd4-4faa-bfb2-058c8c43f5b3" testId="a322a585-435d-bf42-14e6-e5792264d98a" testName="CrossMacro.Infrastructure.Tests.Services.TextExpansionStorageServiceTests.SaveAndLoad_RoundTrip_PreservesData" computerName="DESKTOP-QNA3DP1" duration="00:00:00.0107263" startTime="2026-09-12T16:44:29.6382589+08:00" endTime="2026-09-12T16:44:29.6491904+08:00" testType="13cdc9d9-ddb5-4fa4-a97d-d965ccfc6d4b" outcome="Passed" testListId="8c84fa94-04c1-424b-9868-57a2d4851a1d" relativeResultsDirectory="e5911473-7dd4-4faa-bfb2-058c8c43f5b3" />
    <UnitTestResult executionId="1851d2b1-4f4d-4622-b6d1-4a0ec7a49676" testId="b5e5dc7c-b0c4-8f9c-8137-cff54ce0cdff" testName="CrossMacro.Infrastructure.Tests.Services.ManageTextExpansionTests.SwitchScopeFirst_MakesActiveMutationWaitForReloadBeforeLoading" computerName="DESKTOP-QNA3DP1" duration="00:00:00.0847531" startTime="2026-09-12T16:44:29.4665706+08:00" endTime="2026-09-12T16:44:29.5549356+08:00" testType="13cdc9d9-ddb5-4fa4-a97d-d965ccfc6d4b" outcome="Passed" testListId="8c84fa94-04c1-424b-9868-57a2d4851a1d" relativeResultsDirectory="1851d2b1-4f4d-4622-b6d1-4a0ec7a49676" />
    <UnitTestResult executionId="c7580f69-04ca-4f0a-9a85-ad69bedad630" testId="c802f30d-986e-a277-7e68-06b879245970" testName="CrossMacro.Infrastructure.Tests.Services.TextExpansionStorageServiceTests.Load_WhenFileContainsMalformedJson_ReturnsEmptyList_AndClearsCache" computerName="DESKTOP-QNA3DP1" duration="00:00:00.0464585" startTime="2026-09-12T16:44:29.5303113+08:00" endTime="2026-09-12T16:44:29.5769726+08:00" testType="13cdc9d9-ddb5-4fa4-a97d-d965ccfc6d4b" outcome="Passed" testListId="8c84fa94-04c1-424b-9868-57a2d4851a1d" relativeResultsDirectory="c7580f69-04ca-4f0a-9a85-ad69bedad630" />
    <UnitTestResult executionId="5b38cb88-99a4-40c6-861a-4642f76c32ef" testId="54398538-fb1d-f2f7-56a1-5f34941c8020" testName="CrossMacro.Infrastructure.Tests.Services.SettingsServiceTests.SaveAsync_QueuedSnapshotsAreWrittenInCallOrder" computerName="DESKTOP-QNA3DP1" duration="00:00:00.0184129" startTime="2026-09-12T16:44:29.7103750+08:00" endTime="2026-09-12T16:44:29.7289789+08:00" testType="13cdc9d9-ddb5-4fa4-a97d-d965ccfc6d4b" outcome="Passed" testListId="8c84fa94-04c1-424b-9868-57a2d4851a1d" relativeResultsDirectory="5b38cb88-99a4-40c6-861a-4642f76c32ef" />
    <UnitTestResult executionId="656e3ef1-e3a9-4bd1-9086-762dad3b8933" testId="4e7b8ad4-0009-3f42-83df-cffef113af80" testName="CrossMacro.Infrastructure.Tests.Services.ProfileManagerTests.RenameProfileAsync_WhenRegistrySaveFails_RestoresPreviousName" computerName="DESKTOP-QNA3DP1" duration="00:00:00.0395455" startTime="2026-09-12T16:44:29.7291768+08:00" endTime="2026-09-12T16:44:29.7689065+08:00" testType="13cdc9d9-ddb5-4fa4-a97d-d965ccfc6d4b" outcome="Passed" testListId="8c84fa94-04c1-424b-9868-57a2d4851a1d" relativeResultsDirectory="656e3ef1-e3a9-4bd1-9086-762dad3b8933" />
    <UnitTestResult executionId="1910fced-dfde-4ae0-a5a8-626bd60bc600" testId="fac4ba20-1780-55cf-7e1e-b55913b3e1cc" testName="CrossMacro.Infrastructure.Tests.Services.ProfileManagerTests.SwitchProfileAsync_AbortsWhenSchedulerLifetimeRemainsUnresolved" computerName="DESKTOP-QNA3DP1" duration="00:00:00.0366727" startTime="2026-09-12T16:44:29.9521488+08:00" endTime="2026-09-12T16:44:29.9888266+08:00" testType="13cdc9d9-ddb5-4fa4-a97d-d965ccfc6d4b" outcome="Passed" testListId="8c84fa94-04c1-424b-9868-57a2d4851a1d" relativeResultsDirectory="1910fced-dfde-4ae0-a5a8-626bd60bc600" />
    <UnitTestResult executionId="11738297-0a91-46af-acc7-1ea99c4f4bdb" testId="1e03cbb9-f77c-78ec-9b21-99b5ffc1848a" testName="CrossMacro.Infrastructure.Tests.Services.SettingsServiceTests.ReloadAsync_FirstLoadCombinesGlobalAndProfileSettings" computerName="DESKTOP-QNA3DP1" duration="00:00:00.0154622" startTime="2026-09-12T16:44:29.6611663+08:00" endTime="2026-09-12T16:44:29.6768455+08:00" testType="13cdc9d9-ddb5-4fa4-a97d-d965ccfc6d4b" outcome="Passed" testListId="8c84fa94-04c1-424b-9868-57a2d4851a1d" relativeResultsDirectory="11738297-0a91-46af-acc7-1ea99c4f4bdb" />
    <UnitTestResult executionId="256e1e47-130c-4b6f-9ada-b81614a381cf" testId="8dc386c6-fb73-eda1-b475-1fe896a5e93b" testName="CrossMacro.Infrastructure.Tests.Services.TextExpansionStorageServiceTests.FilePath_ContainsCrossmacro" computerName="DESKTOP-QNA3DP1" duration="00:00:00.0012060" startTime="2026-09-12T16:44:29.6764226+08:00" endTime="2026-09-12T16:44:29.6775810+08:00" testType="13cdc9d9-ddb5-4fa4-a97d-d965ccfc6d4b" outcome="Passed" testListId="8c84fa94-04c1-424b-9868-57a2d4851a1d" relativeResultsDirectory="256e1e47-130c-4b6f-9ada-b81614a381cf" />
    <UnitTestResult executionId="165974ef-3ea2-4b37-a5d0-f181be960cb8" testId="1ec2bde0-69cc-27c0-cb5f-df7356bace68" testName="CrossMacro.Infrastructure.Tests.Services.SettingsServiceTests.Dispose_CanBeCalledRepeatedly" computerName="DESKTOP-QNA3DP1" duration="00:00:00.0012729" startTime="2026-09-12T16:44:29.5850467+08:00" endTime="2026-09-12T16:44:29.5862613+08:00" testType="13cdc9d9-ddb5-4fa4-a97d-d965ccfc6d4b" outcome="Passed" testListId="8c84fa94-04c1-424b-9868-57a2d4851a1d" relativeResultsDirectory="165974ef-3ea2-4b37-a5d0-f181be960cb8" />
    <UnitTestResult executionId="94b0ead6-ab89-4b5f-be3a-cee051c151a1" testId="bc126b3d-d4f1-8379-990c-e599d1836744" testName="CrossMacro.Infrastructure.Tests.Services.TextExpansionStorageServiceTests.GetCurrent_AfterSave_ReturnsSavedData" computerName="DESKTOP-QNA3DP1" duration="00:00:00.0051030" startTime="2026-09-12T16:44:29.5786561+08:00" endTime="2026-09-12T16:44:29.5839621+08:00" testType="13cdc9d9-ddb5-4fa4-a97d-d965ccfc6d4b" outcome="Passed" testListId="8c84fa94-04c1-424b-9868-57a2d4851a1d" relativeResultsDirectory="94b0ead6-ab89-4b5f-be3a-cee051c151a1" />
    <UnitTestResult executionId="2412f391-d2d4-4622-84cf-c429fcea7c18" testId="7e91a8be-4024-6f05-4308-000ed596a0e8" testName="CrossMacro.Infrastructure.Tests.Services.ProfileManagerTests.SwitchProfileAsync_FlushesAndReloadsProfileRuntimeParticipants" computerName="DESKTOP-QNA3DP1" duration="00:00:00.0596530" startTime="2026-09-12T16:44:29.6394601+08:00" endTime="2026-09-12T16:44:29.6994627+08:00" testType="13cdc9d9-ddb5-4fa4-a97d-d965ccfc6d4b" outcome="Passed" testListId="8c84fa94-04c1-424b-9868-57a2d4851a1d" relativeResultsDirectory="2412f391-d2d4-4622-84cf-c429fcea7c18" />
    <UnitTestResult executionId="e66b4d8d-7531-4941-aa43-0bddd483b97b" testId="5861ed2a-b4aa-3612-60ea-f8d30adf2c0d" testName="CrossMacro.Infrastructure.Tests.Services.SettingsServiceTests.Load_WhenSettingsValuesRequireNormalization_ReturnsNormalizedValues" computerName="DESKTOP-QNA3DP1" duration="00:00:00.0087987" startTime="2026-09-12T16:44:29.5135964+08:00" endTime="2026-09-12T16:44:29.5195843+08:00" testType="13cdc9d9-ddb5-4fa4-a97d-d965ccfc6d4b" outcome="Passed" testListId="8c84fa94-04c1-424b-9868-57a2d4851a1d" relativeResultsDirectory="e66b4d8d-7531-4941-aa43-0bddd483b97b" />
    <UnitTestResult executionId="6cecc79f-d3ec-44a7-a50d-2c27b5914074" testId="48c6051b-044b-df8a-1410-601917707c67" testName="CrossMacro.Infrastructure.Tests.Services.SettingsServiceTests.LoadAsync_WhenFileCorrupted_ReturnsDefaults" computerName="DESKTOP-QNA3DP1" duration="00:00:00.0075370" startTime="2026-09-12T16:44:29.6777794+08:00" endTime="2026-09-12T16:44:29.6854612+08:00" testType="13cdc9d9-ddb5-4fa4-a97d-d965ccfc6d4b" outcome="Passed" testListId="8c84fa94-04c1-424b-9868-57a2d4851a1d" relativeResultsDirectory="6cecc79f-d3ec-44a7-a50d-2c27b5914074" />
    <UnitTestResult executionId="4fdc0322-3a28-4967-9a5e-694ba27ff6b3" testId="d5717471-c3c8-7089-7015-ee62085a5293" testName="CrossMacro.Infrastructure.Tests.Services.SettingsServiceTests.SaveAsync_WhenProfileWriteFails_RestoresGlobalFile" computerName="DESKTOP-QNA3DP1" duration="00:00:00.0244570" startTime="2026-09-12T16:44:29.6858892+08:00" endTime="2026-09-12T16:44:29.7102568+08:00" testType="13cdc9d9-ddb5-4fa4-a97d-d965ccfc6d4b" outcome="Passed" testListId="8c84fa94-04c1-424b-9868-57a2d4851a1d" relativeResultsDirectory="4fdc0322-3a28-4967-9a5e-694ba27ff6b3" />
  </Results>
  <TestDefinitions>
    <UnitTest name="CrossMacro.Infrastructure.Tests.Services.TextExpansionStorageServiceTests.LoadAsync_WhenInsertionModeIsMissing_DefaultsToPaste" storage="d:\desktop\网页设计\mouse\tests\crossmacro.infrastructure.tests\bin\debug\net10.0\crossmacro.infrastructure.tests.dll" id="38cf06e0-4e46-9ecf-fb3c-526c3948d226">
      <Execution id="74b975e5-cd3b-484e-9d3f-19b8322b452c" />
      <TestMethod codeBase="D:\Desktop\网页设计\Mouse\tests\CrossMacro.Infrastructure.Tests\bin\Debug\net10.0\CrossMacro.Infrastructure.Tests.dll" adapterTypeName="executor://xunit/VsTestRunner3/netcore/" className="CrossMacro.Infrastructure.Tests.Services.TextExpansionStorageServiceTests" name="LoadAsync_WhenInsertionModeIsMissing_DefaultsToPaste" />
    </UnitTest>
    <UnitTest name="CrossMacro.Infrastructure.Tests.Services.SettingsServiceTests.SaveAndLoadAsync_RoundTripsImmutableMcpSecurityRoots" storage="d:\desktop\网页设计\mouse\tests\crossmacro.infrastructure.tests\bin\debug\net10.0\crossmacro.infrastructure.tests.dll" id="4f07b392-4526-62d7-bca0-6aab31ed344e">
      <Execution id="239ec502-0dd6-4c76-a6e0-2518df0760ac" />
      <TestMethod codeBase="D:\Desktop\网页设计\Mouse\tests\CrossMacro.Infrastructure.Tests\bin\Debug\net10.0\CrossMacro.Infrastructure.Tests.dll" adapterTypeName="executor://xunit/VsTestRunner3/netcore/" className="CrossMacro.Infrastructure.Tests.Services.SettingsServiceTests" name="SaveAndLoadAsync_RoundTripsImmutableMcpSecurityRoots" />
    </UnitTest>
    <UnitTest name="CrossMacro.Infrastructure.Tests.Services.ManageTextExpansionTests.ListAsync_ForNonActiveProfile_UsesProfileScopedStoreWithoutReloadingActiveStorage" storage="d:\desktop\网页设计\mouse\tests\crossmacro.infrastructure.tests\bin\debug\net10.0\crossmacro.infrastructure.tests.dll" id="fdad15ed-3a07-359a-26f8-8a7a353a55e5">
      <Execution id="77cfcbd9-4b39-4660-a09d-938e36461f45" />
      <TestMethod codeBase="D:\Desktop\网页设计\Mouse\tests\CrossMacro.Infrastructure.Tests\bin\Debug\net10.0\CrossMacro.Infrastructure.Tests.dll" adapterTypeName="executor://xunit/VsTestRunner3/netcore/" className="CrossMacro.Infrastructure.Tests.Services.ManageTextExpansionTests" name="ListAsync_ForNonActiveProfile_UsesProfileScopedStoreWithoutReloadingActiveStorage" />
    </UnitTest>
    <UnitTest name="CrossMacro.Infrastructure.Tests.Services.SettingsServiceTests.SaveAsync_DoesNotPersistRemovedPortalRestoreFields" storage="d:\desktop\网页设计\mouse\tests\crossmacro.infrastructure.tests\bin\debug\net10.0\crossmacro.infrastructure.tests.dll" id="e5a2f9b8-38fa-350e-4cd9-ccfb13c71046">
      <Execution id="aad185e7-2111-4f22-ba67-7057b7b8a9e6" />
      <TestMethod codeBase="D:\Desktop\网页设计\Mouse\tests\CrossMacro.Infrastructure.Tests\bin\Debug\net10.0\CrossMacro.Infrastructure.Tests.dll" adapterTypeName="executor://xunit/VsTestRunner3/netcore/" className="CrossMacro.Infrastructure.Tests.Services.SettingsServiceTests" name="SaveAsync_DoesNotPersistRemovedPortalRestoreFields" />
    </UnitTest>
    <UnitTest name="CrossMacro.Infrastructure.Tests.Services.ProfileManagerTests.SwitchProfileAsync_WhenHotkeyStopFails_AbortsWithoutRestartingFailedService" storage="d:\desktop\网页设计\mouse\tests\crossmacro.infrastructure.tests\bin\debug\net10.0\crossmacro.infrastructure.tests.dll" id="2520c648-8844-6eff-ffff-eacee4d56598">
      <Execution id="6ff7f647-bc81-4293-8ef2-6afcb3f1950d" />
      <TestMethod codeBase="D:\Desktop\网页设计\Mouse\tests\CrossMacro.Infrastructure.Tests\bin\Debug\net10.0\CrossMacro.Infrastructure.Tests.dll" adapterTypeName="executor://xunit/VsTestRunner3/netcore/" className="CrossMacro.Infrastructure.Tests.Services.ProfileManagerTests" name="SwitchProfileAsync_WhenHotkeyStopFails_AbortsWithoutRestartingFailedService" />
    </UnitTest>
    <UnitTest name="CrossMacro.Infrastructure.Tests.Services.ProfileManagerTests.DeleteProfileAsync_WhenRegistrySaveFails_RestoresRegistryAndDirectory" storage="d:\desktop\网页设计\mouse\tests\crossmacro.infrastructure.tests\bin\debug\net10.0\crossmacro.infrastructure.tests.dll" id="6d95bf93-646f-3714-24a9-524a1997ee71">
      <Execution id="a32b7079-11d5-4dba-96a5-0941e5fe2e43" />
      <TestMethod codeBase="D:\Desktop\网页设计\Mouse\tests\CrossMacro.Infrastructure.Tests\bin\Debug\net10.0\CrossMacro.Infrastructure.Tests.dll" adapterTypeName="executor://xunit/VsTestRunner3/netcore/" className="CrossMacro.Infrastructure.Tests.Services.ProfileManagerTests" name="DeleteProfileAsync_WhenRegistrySaveFails_RestoresRegistryAndDirectory" />
    </UnitTest>
    <UnitTest name="CrossMacro.Infrastructure.Tests.Services.TextExpansionStorageServiceTests.FilePath_ContainsCrossmacro" storage="d:\desktop\网页设计\mouse\tests\crossmacro.infrastructure.tests\bin\debug\net10.0\crossmacro.infrastructure.tests.dll" id="8dc386c6-fb73-eda1-b475-1fe896a5e93b">
      <Execution id="256e1e47-130c-4b6f-9ada-b81614a381cf" />
      <TestMethod codeBase="D:\Desktop\网页设计\Mouse\tests\CrossMacro.Infrastructure.Tests\bin\Debug\net10.0\CrossMacro.Infrastructure.Tests.dll" adapterTypeName="executor://xunit/VsTestRunner3/netcore/" className="CrossMacro.Infrastructure.Tests.Services.TextExpansionStorageServiceTests" name="FilePath_ContainsCrossmacro" />
    </UnitTest>
    <UnitTest name="CrossMacro.Infrastructure.Tests.Services.ProfileManagerTests.Dispose_CanBeCalledRepeatedly" storage="d:\desktop\网页设计\mouse\tests\crossmacro.infrastructure.tests\bin\debug\net10.0\crossmacro.infrastructure.tests.dll" id="1276c491-0696-86e0-1679-d14bd8945ef7">
      <Execution id="4f2462e2-cfa8-49eb-8b7a-88b4ffc6f3ab" />
      <TestMethod codeBase="D:\Desktop\网页设计\Mouse\tests\CrossMacro.Infrastructure.Tests\bin\Debug\net10.0\CrossMacro.Infrastructure.Tests.dll" adapterTypeName="executor://xunit/VsTestRunner3/netcore/" className="CrossMacro.Infrastructure.Tests.Services.ProfileManagerTests" name="Dispose_CanBeCalledRepeatedly" />
    </UnitTest>
    <UnitTest name="CrossMacro.Infrastructure.Tests.Services.TextExpansionStorageServiceTests.SaveAndLoad_RoundTrip_PreservesData" storage="d:\desktop\网页设计\mouse\tests\crossmacro.infrastructure.tests\bin\debug\net10.0\crossmacro.infrastructure.tests.dll" id="a322a585-435d-bf42-14e6-e5792264d98a">
      <Execution id="e5911473-7dd4-4faa-bfb2-058c8c43f5b3" />
      <TestMethod codeBase="D:\Desktop\网页设计\Mouse\tests\CrossMacro.Infrastructure.Tests\bin\Debug\net10.0\CrossMacro.Infrastructure.Tests.dll" adapterTypeName="executor://xunit/VsTestRunner3/netcore/" className="CrossMacro.Infrastructure.Tests.Services.TextExpansionStorageServiceTests" name="SaveAndLoad_RoundTrip_PreservesData" />
    </UnitTest>
    <UnitTest name="CrossMacro.Infrastructure.Tests.Services.SettingsServiceTests.Load_WhenFileCorrupted_ReturnsDefaults" storage="d:\desktop\网页设计\mouse\tests\crossmacro.infrastructure.tests\bin\debug\net10.0\crossmacro.infrastructure.tests.dll" id="0b5f9e56-d20f-0fcd-e19f-75de08b9aca9">
      <Execution id="cae36f65-97fd-48f1-b179-4c092f4b4649" />
      <TestMethod codeBase="D:\Desktop\网页设计\Mouse\tests\CrossMacro.Infrastructure.Tests\bin\Debug\net10.0\CrossMacro.Infrastructure.Tests.dll" adapterTypeName="executor://xunit/VsTestRunner3/netcore/" className="CrossMacro.Infrastructure.Tests.Services.SettingsServiceTests" name="Load_WhenFileCorrupted_ReturnsDefaults" />
    </UnitTest>
    <UnitTest name="CrossMacro.Infrastructure.Tests.Services.SettingsServiceTests.Load_WhenSettingsValuesRequireNormalization_ReturnsNormalizedValues" storage="d:\desktop\网页设计\mouse\tests\crossmacro.infrastructure.tests\bin\debug\net10.0\crossmacro.infrastructure.tests.dll" id="5861ed2a-b4aa-3612-60ea-f8d30adf2c0d">
      <Execution id="e66b4d8d-7531-4941-aa43-0bddd483b97b" />
      <TestMethod codeBase="D:\Desktop\网页设计\Mouse\tests\CrossMacro.Infrastructure.Tests\bin\Debug\net10.0\CrossMacro.Infrastructure.Tests.dll" adapterTypeName="executor://xunit/VsTestRunner3/netcore/" className="CrossMacro.Infrastructure.Tests.Services.SettingsServiceTests" name="Load_WhenSettingsValuesRequireNormalization_ReturnsNormalizedValues" />
    </UnitTest>
    <UnitTest name="CrossMacro.Infrastructure.Tests.Services.SettingsServiceTests.Load_WhenFileMissing_PersistsDefaultSettingsFile" storage="d:\desktop\网页设计\mouse\tests\crossmacro.infrastructure.tests\bin\debug\net10.0\crossmacro.infrastructure.tests.dll" id="c22035d5-24be-4924-b740-1481733fb939">
      <Execution id="5ea29ec3-9d02-46b9-9d5c-c499e66ad6a0" />
      <TestMethod codeBase="D:\Desktop\网页设计\Mouse\tests\CrossMacro.Infrastructure.Tests\bin\Debug\net10.0\CrossMacro.Infrastructure.Tests.dll" adapterTypeName="executor://xunit/VsTestRunner3/netcore/" className="CrossMacro.Infrastructure.Tests.Services.SettingsServiceTests" name="Load_WhenFileMissing_PersistsDefaultSettingsFile" />
    </UnitTest>
    <UnitTest name="CrossMacro.Infrastructure.Tests.Services.SettingsServiceTests.Current_Initially_ReturnsDefaultSettings" storage="d:\desktop\网页设计\mouse\tests\crossmacro.infrastructure.tests\bin\debug\net10.0\crossmacro.infrastructure.tests.dll" id="4b85128f-04aa-8776-047a-5083a29221da">
      <Execution id="c5d20046-a223-466d-aa9e-423dcf6ebe72" />
      <TestMethod codeBase="D:\Desktop\网页设计\Mouse\tests\CrossMacro.Infrastructure.Tests\bin\Debug\net10.0\CrossMacro.Infrastructure.Tests.dll" adapterTypeName="executor://xunit/VsTestRunner3/netcore/" className="CrossMacro.Infrastructure.Tests.Services.SettingsServiceTests" name="Current_Initially_ReturnsDefaultSettings" />
    </UnitTest>
    <UnitTest name="CrossMacro.Infrastructure.Tests.Services.SettingsServiceTests.LoadAsync_WhenFileCorrupted_ReturnsDefaults" storage="d:\desktop\网页设计\mouse\tests\crossmacro.infrastructure.tests\bin\debug\net10.0\crossmacro.infrastructure.tests.dll" id="48c6051b-044b-df8a-1410-601917707c67">
      <Execution id="6cecc79f-d3ec-44a7-a50d-2c27b5914074" />
      <TestMethod codeBase="D:\Desktop\网页设计\Mouse\tests\CrossMacro.Infrastructure.Tests\bin\Debug\net10.0\CrossMacro.Infrastructure.Tests.dll" adapterTypeName="executor://xunit/VsTestRunner3/netcore/" className="CrossMacro.Infrastructure.Tests.Services.SettingsServiceTests" name="LoadAsync_WhenFileCorrupted_ReturnsDefaults" />
    </UnitTest>
    <UnitTest name="CrossMacro.Infrastructure.Tests.Services.SettingsServiceTests.ReloadAsync_FirstLoadCombinesGlobalAndProfileSettings" storage="d:\desktop\网页设计\mouse\tests\crossmacro.infrastructure.tests\bin\debug\net10.0\crossmacro.infrastructure.tests.dll" id="1e03cbb9-f77c-78ec-9b21-99b5ffc1848a">
      <Execution id="11738297-0a91-46af-acc7-1ea99c4f4bdb" />
      <TestMethod codeBase="D:\Desktop\网页设计\Mouse\tests\CrossMacro.Infrastructure.Tests\bin\Debug\net10.0\CrossMacro.Infrastructure.Tests.dll" adapterTypeName="executor://xunit/VsTestRunner3/netcore/" className="CrossMacro.Infrastructure.Tests.Services.SettingsServiceTests" name="ReloadAsync_FirstLoadCombinesGlobalAndProfileSettings" />
    </UnitTest>
    <UnitTest name="CrossMacro.Infrastructure.Tests.Services.SettingsServiceTests.SaveAsync_DoesNotThrow" storage="d:\desktop\网页设计\mouse\tests\crossmacro.infrastructure.tests\bin\debug\net10.0\crossmacro.infrastructure.tests.dll" id="81adc95a-cdfc-846f-1287-5e1b78ed56a8">
      <Execution id="a50e7b3f-aa5e-4c33-b8ee-7afef52f0618" />
      <TestMethod codeBase="D:\Desktop\网页设计\Mouse\tests\CrossMacro.Infrastructure.Tests\bin\Debug\net10.0\CrossMacro.Infrastructure.Tests.dll" adapterTypeName="executor://xunit/VsTestRunner3/netcore/" className="CrossMacro.Infrastructure.Tests.Services.SettingsServiceTests" name="SaveAsync_DoesNotThrow" />
    </UnitTest>
    <UnitTest name="CrossMacro.Infrastructure.Tests.Services.SettingsServiceTests.SaveAndLoadAsync_RoundTrip_PreservesSettings" storage="d:\desktop\网页设计\mouse\tests\crossmacro.infrastructure.tests\bin\debug\net10.0\crossmacro.infrastructure.tests.dll" id="f6c5d004-5019-129f-7ecb-046a376c918f">
      <Execution id="ac23872f-374e-4cc0-b010-9d80687e600c" />
      <TestMethod codeBase="D:\Desktop\网页设计\Mouse\tests\CrossMacro.Infrastructure.Tests\bin\Debug\net10.0\CrossMacro.Infrastructure.Tests.dll" adapterTypeName="executor://xunit/VsTestRunner3/netcore/" className="CrossMacro.Infrastructure.Tests.Services.SettingsServiceTests" name="SaveAndLoadAsync_RoundTrip_PreservesSettings" />
    </UnitTest>
    <UnitTest name="CrossMacro.Infrastructure.Tests.Services.TextExpansionStorageServiceTests.SaveAndReload_KeepLatestProfileCacheWhenOperationsOverlap" storage="d:\desktop\网页设计\mouse\tests\crossmacro.infrastructure.tests\bin\debug\net10.0\crossmacro.infrastructure.tests.dll" id="80559903-2fd6-7479-2a29-6f93c7ccf4cd">
      <Execution id="3e769105-b904-452d-b473-5fe5ea8d7b6d" />
      <TestMethod codeBase="D:\Desktop\网页设计\Mouse\tests\CrossMacro.Infrastructure.Tests\bin\Debug\net10.0\CrossMacro.Infrastructure.Tests.dll" adapterTypeName="executor://xunit/VsTestRunner3/netcore/" className="CrossMacro.Infrastructure.Tests.Services.TextExpansionStorageServiceTests" name="SaveAndReload_KeepLatestProfileCacheWhenOperationsOverlap" />
    </UnitTest>
    <UnitTest name="CrossMacro.Infrastructure.Tests.Services.ManageTextExpansionTests.ActiveMutation_HoldsProfileScopeUntilSaveCompletesBeforeSwitchReload" storage="d:\desktop\网页设计\mouse\tests\crossmacro.infrastructure.tests\bin\debug\net10.0\crossmacro.infrastructure.tests.dll" id="9da1dd7b-f85c-05a5-3759-8b272a4ee784">
      <Execution id="50a9e9b5-c8e2-40d7-90ad-d411da4a20e8" />
      <TestMethod codeBase="D:\Desktop\网页设计\Mouse\tests\CrossMacro.Infrastructure.Tests\bin\Debug\net10.0\CrossMacro.Infrastructure.Tests.dll" adapterTypeName="executor://xunit/VsTestRunner3/netcore/" className="CrossMacro.Infrastructure.Tests.Services.ManageTextExpansionTests" name="ActiveMutation_HoldsProfileScopeUntilSaveCompletesBeforeSwitchReload" />
    </UnitTest>
    <UnitTest name="CrossMacro.Infrastructure.Tests.Services.ProfileManagerTests.SwitchProfileAsync_WhenParticipantReloadFails_RestoresPreviousProfileParticipantState" storage="d:\desktop\网页设计\mouse\tests\crossmacro.infrastructure.tests\bin\debug\net10.0\crossmacro.infrastructure.tests.dll" id="71453d14-d271-f614-4830-567f1432ddfa">
      <Execution id="58634b91-c96f-4bf0-9cf8-35890d548c3b" />
      <TestMethod codeBase="D:\Desktop\网页设计\Mouse\tests\CrossMacro.Infrastructure.Tests\bin\Debug\net10.0\CrossMacro.Infrastructure.Tests.dll" adapterTypeName="executor://xunit/VsTestRunner3/netcore/" className="CrossMacro.Infrastructure.Tests.Services.ProfileManagerTests" name="SwitchProfileAsync_WhenParticipantReloadFails_RestoresPreviousProfileParticipantState" />
    </UnitTest>
    <UnitTest name="CrossMacro.Infrastructure.Tests.Services.ProfileManagerTests.GetProfileDirectory_WhenProfileDirectoryIsSymlink_RejectsIt" storage="d:\desktop\网页设计\mouse\tests\crossmacro.infrastructure.tests\bin\debug\net10.0\crossmacro.infrastructure.tests.dll" id="3809c0df-1ff8-0cea-d57b-e763d8f10378">
      <Execution id="989523ee-1854-4fa1-b44d-41bf96db7393" />
      <TestMethod codeBase="D:\Desktop\网页设计\Mouse\tests\CrossMacro.Infrastructure.Tests\bin\Debug\net10.0\CrossMacro.Infrastructure.Tests.dll" adapterTypeName="executor://xunit/VsTestRunner3/netcore/" className="CrossMacro.Infrastructure.Tests.Services.ProfileManagerTests" name="GetProfileDirectory_WhenProfileDirectoryIsSymlink_RejectsIt" />
    </UnitTest>
    <UnitTest name="CrossMacro.Infrastructure.Tests.Services.SettingsServiceTests.Load_ReturnsSettings" storage="d:\desktop\网页设计\mouse\tests\crossmacro.infrastructure.tests\bin\debug\net10.0\crossmacro.infrastructure.tests.dll" id="dd8e359a-9b9e-adf4-2633-45edb0744715">
      <Execution id="bcc54951-ff7a-4eec-b69c-dbc8c6b9c51c" />
      <TestMethod codeBase="D:\Desktop\网页设计\Mouse\tests\CrossMacro.Infrastructure.Tests\bin\Debug\net10.0\CrossMacro.Infrastructure.Tests.dll" adapterTypeName="executor://xunit/VsTestRunner3/netcore/" className="CrossMacro.Infrastructure.Tests.Services.SettingsServiceTests" name="Load_ReturnsSettings" />
    </UnitTest>
    <UnitTest name="CrossMacro.Infrastructure.Tests.Services.SettingsServiceTests.Dispose_CanBeCalledRepeatedly" storage="d:\desktop\网页设计\mouse\tests\crossmacro.infrastructure.tests\bin\debug\net10.0\crossmacro.infrastructure.tests.dll" id="1ec2bde0-69cc-27c0-cb5f-df7356bace68">
      <Execution id="165974ef-3ea2-4b37-a5d0-f181be960cb8" />
      <TestMethod codeBase="D:\Desktop\网页设计\Mouse\tests\CrossMacro.Infrastructure.Tests\bin\Debug\net10.0\CrossMacro.Infrastructure.Tests.dll" adapterTypeName="executor://xunit/VsTestRunner3/netcore/" className="CrossMacro.Infrastructure.Tests.Services.SettingsServiceTests" name="Dispose_CanBeCalledRepeatedly" />
    </UnitTest>
    <UnitTest name="CrossMacro.Infrastructure.Tests.Services.TextExpansionStorageServiceTests.Load_WhenFileNotExists_ReturnsEmptyList" storage="d:\desktop\网页设计\mouse\tests\crossmacro.infrastructure.tests\bin\debug\net10.0\crossmacro.infrastructure.tests.dll" id="7fa5b236-3862-8150-a548-238e827b3e6e">
      <Execution id="059e513b-535e-4622-b65a-4da528d56685" />
      <TestMethod codeBase="D:\Desktop\网页设计\Mouse\tests\CrossMacro.Infrastructure.Tests\bin\Debug\net10.0\CrossMacro.Infrastructure.Tests.dll" adapterTypeName="executor://xunit/VsTestRunner3/netcore/" className="CrossMacro.Infrastructure.Tests.Services.TextExpansionStorageServiceTests" name="Load_WhenFileNotExists_ReturnsEmptyList" />
    </UnitTest>
    <UnitTest name="CrossMacro.Infrastructure.Tests.Services.TextExpansionStorageServiceTests.SaveAsync_EmptyList_DoesNotThrow" storage="d:\desktop\网页设计\mouse\tests\crossmacro.infrastructure.tests\bin\debug\net10.0\crossmacro.infrastructure.tests.dll" id="8f26b4cd-743d-f0ab-8926-efedae871e3f">
      <Execution id="1151ec5a-145b-4fe0-9201-bf8ee1213e02" />
      <TestMethod codeBase="D:\Desktop\网页设计\Mouse\tests\CrossMacro.Infrastructure.Tests\bin\Debug\net10.0\CrossMacro.Infrastructure.Tests.dll" adapterTypeName="executor://xunit/VsTestRunner3/netcore/" className="CrossMacro.Infrastructure.Tests.Services.TextExpansionStorageServiceTests" name="SaveAsync_EmptyList_DoesNotThrow" />
    </UnitTest>
    <UnitTest name="CrossMacro.Infrastructure.Tests.Services.TextExpansionStorageServiceTests.LoadAsync_WhenFileNotExists_ReturnsEmptyList" storage="d:\desktop\网页设计\mouse\tests\crossmacro.infrastructure.tests\bin\debug\net10.0\crossmacro.infrastructure.tests.dll" id="17054ed5-a5c3-d21f-10dd-d6536424e0fb">
      <Execution id="a9472bd2-015a-4b20-a534-f0e0d9fe9295" />
      <TestMethod codeBase="D:\Desktop\网页设计\Mouse\tests\CrossMacro.Infrastructure.Tests\bin\Debug\net10.0\CrossMacro.Infrastructure.Tests.dll" adapterTypeName="executor://xunit/VsTestRunner3/netcore/" className="CrossMacro.Infrastructure.Tests.Services.TextExpansionStorageServiceTests" name="LoadAsync_WhenFileNotExists_ReturnsEmptyList" />
    </UnitTest>
    <UnitTest name="CrossMacro.Infrastructure.Tests.Services.ProfileManagerTests.RenameProfileAsync_WhenRegistrySaveFails_RestoresPreviousName" storage="d:\desktop\网页设计\mouse\tests\crossmacro.infrastructure.tests\bin\debug\net10.0\crossmacro.infrastructure.tests.dll" id="4e7b8ad4-0009-3f42-83df-cffef113af80">
      <Execution id="656e3ef1-e3a9-4bd1-9086-762dad3b8933" />
      <TestMethod codeBase="D:\Desktop\网页设计\Mouse\tests\CrossMacro.Infrastructure.Tests\bin\Debug\net10.0\CrossMacro.Infrastructure.Tests.dll" adapterTypeName="executor://xunit/VsTestRunner3/netcore/" className="CrossMacro.Infrastructure.Tests.Services.ProfileManagerTests" name="RenameProfileAsync_WhenRegistrySaveFails_RestoresPreviousName" />
    </UnitTest>
    <UnitTest name="CrossMacro.Infrastructure.Tests.Services.SettingsServiceTests.Save_WhenWriteFails_Throws" storage="d:\desktop\网页设计\mouse\tests\crossmacro.infrastructure.tests\bin\debug\net10.0\crossmacro.infrastructure.tests.dll" id="99f133af-15ac-2a67-47a4-247b4883e3f0">
      <Execution id="6d520204-911b-434a-9744-a0f080b65b9e" />
      <TestMethod codeBase="D:\Desktop\网页设计\Mouse\tests\CrossMacro.Infrastructure.Tests\bin\Debug\net10.0\CrossMacro.Infrastructure.Tests.dll" adapterTypeName="executor://xunit/VsTestRunner3/netcore/" className="CrossMacro.Infrastructure.Tests.Services.SettingsServiceTests" name="Save_WhenWriteFails_Throws" />
    </UnitTest>
    <UnitTest name="CrossMacro.Infrastructure.Tests.Services.SettingsServiceTests.SaveAndLoad_RoundTrip_PreservesSettings" storage="d:\desktop\网页设计\mouse\tests\crossmacro.infrastructure.tests\bin\debug\net10.0\crossmacro.infrastructure.tests.dll" id="e5442652-0c20-a851-c920-1b98d8043e6e">
      <Execution id="9cbd5cad-1b68-414d-a87c-b5132287fa48" />
      <TestMethod codeBase="D:\Desktop\网页设计\Mouse\tests\CrossMacro.Infrastructure.Tests\bin\Debug\net10.0\CrossMacro.Infrastructure.Tests.dll" adapterTypeName="executor://xunit/VsTestRunner3/netcore/" className="CrossMacro.Infrastructure.Tests.Services.SettingsServiceTests" name="SaveAndLoad_RoundTrip_PreservesSettings" />
    </UnitTest>
    <UnitTest name="CrossMacro.Infrastructure.Tests.Services.SettingsServiceTests.Save_DoesNotThrow" storage="d:\desktop\网页设计\mouse\tests\crossmacro.infrastructure.tests\bin\debug\net10.0\crossmacro.infrastructure.tests.dll" id="8e021ff0-691d-2f3d-310f-236241d3e7e0">
      <Execution id="88e1a01f-b775-4dc3-8538-1f2cb401e4db" />
      <TestMethod codeBase="D:\Desktop\网页设计\Mouse\tests\CrossMacro.Infrastructure.Tests\bin\Debug\net10.0\CrossMacro.Infrastructure.Tests.dll" adapterTypeName="executor://xunit/VsTestRunner3/netcore/" className="CrossMacro.Infrastructure.Tests.Services.SettingsServiceTests" name="Save_DoesNotThrow" />
    </UnitTest>
    <UnitTest name="CrossMacro.Infrastructure.Tests.Services.TextExpansionStorageServiceTests.FilePath_IsNotEmpty" storage="d:\desktop\网页设计\mouse\tests\crossmacro.infrastructure.tests\bin\debug\net10.0\crossmacro.infrastructure.tests.dll" id="ae136007-7bb3-e0c1-3be0-1cebbde089b1">
      <Execution id="88eecc6b-737c-4bb1-be4f-22ce035214b9" />
      <TestMethod codeBase="D:\Desktop\网页设计\Mouse\tests\CrossMacro.Infrastructure.Tests\bin\Debug\net10.0\CrossMacro.Infrastructure.Tests.dll" adapterTypeName="executor://xunit/VsTestRunner3/netcore/" className="CrossMacro.Infrastructure.Tests.Services.TextExpansionStorageServiceTests" name="FilePath_IsNotEmpty" />
    </UnitTest>
    <UnitTest name="CrossMacro.Infrastructure.Tests.Services.SettingsServiceTests.LoadAsync_ReturnsSettings" storage="d:\desktop\网页设计\mouse\tests\crossmacro.infrastructure.tests\bin\debug\net10.0\crossmacro.infrastructure.tests.dll" id="9e7e8bb8-eb43-4b91-2b79-64cebbaa1f13">
      <Execution id="d0c386ee-7c0d-4819-b280-5bcd4b6837ea" />
      <TestMethod codeBase="D:\Desktop\网页设计\Mouse\tests\CrossMacro.Infrastructure.Tests\bin\Debug\net10.0\CrossMacro.Infrastructure.Tests.dll" adapterTypeName="executor://xunit/VsTestRunner3/netcore/" className="CrossMacro.Infrastructure.Tests.Services.SettingsServiceTests" name="LoadAsync_ReturnsSettings" />
    </UnitTest>
    <UnitTest name="CrossMacro.Infrastructure.Tests.Services.SettingsServiceTests.SaveAsync_WhenProfileWriteFails_RestoresGlobalFile" storage="d:\desktop\网页设计\mouse\tests\crossmacro.infrastructure.tests\bin\debug\net10.0\crossmacro.infrastructure.tests.dll" id="d5717471-c3c8-7089-7015-ee62085a5293">
      <Execution id="4fdc0322-3a28-4967-9a5e-694ba27ff6b3" />
      <TestMethod codeBase="D:\Desktop\网页设计\Mouse\tests\CrossMacro.Infrastructure.Tests\bin\Debug\net10.0\CrossMacro.Infrastructure.Tests.dll" adapterTypeName="executor://xunit/VsTestRunner3/netcore/" className="CrossMacro.Infrastructure.Tests.Services.SettingsServiceTests" name="SaveAsync_WhenProfileWriteFails_RestoresGlobalFile" />
    </UnitTest>
    <UnitTest name="CrossMacro.Infrastructure.Tests.Services.ManageTextExpansionTests.SwitchScopeFirst_MakesActiveMutationWaitForReloadBeforeLoading" storage="d:\desktop\网页设计\mouse\tests\crossmacro.infrastructure.tests\bin\debug\net10.0\crossmacro.infrastructure.tests.dll" id="b5e5dc7c-b0c4-8f9c-8137-cff54ce0cdff">
      <Execution id="1851d2b1-4f4d-4622-b6d1-4a0ec7a49676" />
      <TestMethod codeBase="D:\Desktop\网页设计\Mouse\tests\CrossMacro.Infrastructure.Tests\bin\Debug\net10.0\CrossMacro.Infrastructure.Tests.dll" adapterTypeName="executor://xunit/VsTestRunner3/netcore/" className="CrossMacro.Infrastructure.Tests.Services.ManageTextExpansionTests" name="SwitchScopeFirst_MakesActiveMutationWaitForReloadBeforeLoading" />
    </UnitTest>
    <UnitTest name="CrossMacro.Infrastructure.Tests.Services.ProfileManagerTests.SwitchProfileAsync_AbortsWhenSchedulerLifetimeRemainsUnresolved" storage="d:\desktop\网页设计\mouse\tests\crossmacro.infrastructure.tests\bin\debug\net10.0\crossmacro.infrastructure.tests.dll" id="fac4ba20-1780-55cf-7e1e-b55913b3e1cc">
      <Execution id="1910fced-dfde-4ae0-a5a8-626bd60bc600" />
      <TestMethod codeBase="D:\Desktop\网页设计\Mouse\tests\CrossMacro.Infrastructure.Tests\bin\Debug\net10.0\CrossMacro.Infrastructure.Tests.dll" adapterTypeName="executor://xunit/VsTestRunner3/netcore/" className="CrossMacro.Infrastructure.Tests.Services.ProfileManagerTests" name="SwitchProfileAsync_AbortsWhenSchedulerLifetimeRemainsUnresolved" />
    </UnitTest>
    <UnitTest name="CrossMacro.Infrastructure.Tests.Services.TextExpansionStorageServiceTests.GetCurrent_AfterSave_ReturnsSavedData" storage="d:\desktop\网页设计\mouse\tests\crossmacro.infrastructure.tests\bin\debug\net10.0\crossmacro.infrastructure.tests.dll" id="bc126b3d-d4f1-8379-990c-e599d1836744">
      <Execution id="94b0ead6-ab89-4b5f-be3a-cee051c151a1" />
      <TestMethod codeBase="D:\Desktop\网页设计\Mouse\tests\CrossMacro.Infrastructure.Tests\bin\Debug\net10.0\CrossMacro.Infrastructure.Tests.dll" adapterTypeName="executor://xunit/VsTestRunner3/netcore/" className="CrossMacro.Infrastructure.Tests.Services.TextExpansionStorageServiceTests" name="GetCurrent_AfterSave_ReturnsSavedData" />
    </UnitTest>
    <UnitTest name="CrossMacro.Infrastructure.Tests.Services.TextExpansionStorageServiceTests.Load_WhenFileContainsMalformedJson_ReturnsEmptyList_AndClearsCache" storage="d:\desktop\网页设计\mouse\tests\crossmacro.infrastructure.tests\bin\debug\net10.0\crossmacro.infrastructure.tests.dll" id="c802f30d-986e-a277-7e68-06b879245970">
      <Execution id="c7580f69-04ca-4f0a-9a85-ad69bedad630" />
      <TestMethod codeBase="D:\Desktop\网页设计\Mouse\tests\CrossMacro.Infrastructure.Tests\bin\Debug\net10.0\CrossMacro.Infrastructure.Tests.dll" adapterTypeName="executor://xunit/VsTestRunner3/netcore/" className="CrossMacro.Infrastructure.Tests.Services.TextExpansionStorageServiceTests" name="Load_WhenFileContainsMalformedJson_ReturnsEmptyList_AndClearsCache" />
    </UnitTest>
    <UnitTest name="CrossMacro.Infrastructure.Tests.Services.ProfileManagerTests.InitializeAsync_WhenRegistryContainsTraversalProfileId_RejectsItBeforePathUse" storage="d:\desktop\网页设计\mouse\tests\crossmacro.infrastructure.tests\bin\debug\net10.0\crossmacro.infrastructure.tests.dll" id="0f317e0d-dd6b-aa32-1337-c43b6851dc6f">
      <Execution id="db83cd8d-9455-4abf-8a3e-59faf4535163" />
      <TestMethod codeBase="D:\Desktop\网页设计\Mouse\tests\CrossMacro.Infrastructure.Tests\bin\Debug\net10.0\CrossMacro.Infrastructure.Tests.dll" adapterTypeName="executor://xunit/VsTestRunner3/netcore/" className="CrossMacro.Infrastructure.Tests.Services.ProfileManagerTests" name="InitializeAsync_WhenRegistryContainsTraversalProfileId_RejectsItBeforePathUse" />
    </UnitTest>
    <UnitTest name="CrossMacro.Infrastructure.Tests.Services.TextExpansionStorageServiceTests.GetCurrent_Initially_ReturnsEmptyList" storage="d:\desktop\网页设计\mouse\tests\crossmacro.infrastructure.tests\bin\debug\net10.0\crossmacro.infrastructure.tests.dll" id="9ed7ad90-f32e-8f9d-51d0-ddd7fb48d368">
      <Execution id="e5fea382-285b-4e05-871e-8a621d3751ac" />
      <TestMethod codeBase="D:\Desktop\网页设计\Mouse\tests\CrossMacro.Infrastructure.Tests\bin\Debug\net10.0\CrossMacro.Infrastructure.Tests.dll" adapterTypeName="executor://xunit/VsTestRunner3/netcore/" className="CrossMacro.Infrastructure.Tests.Services.TextExpansionStorageServiceTests" name="GetCurrent_Initially_ReturnsEmptyList" />
    </UnitTest>
    <UnitTest name="CrossMacro.Infrastructure.Tests.Services.ProfileManagerTests.InitializeAsync_MigratesLegacyTriggersIntoDefaultProfile" storage="d:\desktop\网页设计\mouse\tests\crossmacro.infrastructure.tests\bin\debug\net10.0\crossmacro.infrastructure.tests.dll" id="31aeea95-4195-38d3-49c5-e33c15258b9b">
      <Execution id="71aa55ae-0ad7-49be-bd99-69284189dd8c" />
      <TestMethod codeBase="D:\Desktop\网页设计\Mouse\tests\CrossMacro.Infrastructure.Tests\bin\Debug\net10.0\CrossMacro.Infrastructure.Tests.dll" adapterTypeName="executor://xunit/VsTestRunner3/netcore/" className="CrossMacro.Infrastructure.Tests.Services.ProfileManagerTests" name="InitializeAsync_MigratesLegacyTriggersIntoDefaultProfile" />
    </UnitTest>
    <UnitTest name="CrossMacro.Infrastructure.Tests.Services.ProfileManagerTests.CreateProfileAsync_WhenRegistrySaveFails_RestoresMemoryAndRemovesDirectory" storage="d:\desktop\网页设计\mouse\tests\crossmacro.infrastructure.tests\bin\debug\net10.0\crossmacro.infrastructure.tests.dll" id="8d1ac707-6a5f-2461-13b8-f701b9766632">
      <Execution id="f4ccbe2b-bf1c-4483-8881-f21f82f5c8c8" />
      <TestMethod codeBase="D:\Desktop\网页设计\Mouse\tests\CrossMacro.Infrastructure.Tests\bin\Debug\net10.0\CrossMacro.Infrastructure.Tests.dll" adapterTypeName="executor://xunit/VsTestRunner3/netcore/" className="CrossMacro.Infrastructure.Tests.Services.ProfileManagerTests" name="CreateProfileAsync_WhenRegistrySaveFails_RestoresMemoryAndRemovesDirectory" />
    </UnitTest>
    <UnitTest name="CrossMacro.Infrastructure.Tests.Services.SettingsServiceTests.SaveAfterIdleAsync_CoalescesRequests_AndPersistsLatestSettings" storage="d:\desktop\网页设计\mouse\tests\crossmacro.infrastructure.tests\bin\debug\net10.0\crossmacro.infrastructure.tests.dll" id="dbc7c404-39be-e745-beb1-5f577ababd8c">
      <Execution id="4879c324-a8eb-4cff-9609-3f8ccc083c71" />
      <TestMethod codeBase="D:\Desktop\网页设计\Mouse\tests\CrossMacro.Infrastructure.Tests\bin\Debug\net10.0\CrossMacro.Infrastructure.Tests.dll" adapterTypeName="executor://xunit/VsTestRunner3/netcore/" className="CrossMacro.Infrastructure.Tests.Services.SettingsServiceTests" name="SaveAfterIdleAsync_CoalescesRequests_AndPersistsLatestSettings" />
    </UnitTest>
    <UnitTest name="CrossMacro.Infrastructure.Tests.Services.ProfileManagerTests.CreateProfileAsync_WhenDefaultProfileHasUserData_CreatesCleanDefaultProfile" storage="d:\desktop\网页设计\mouse\tests\crossmacro.infrastructure.tests\bin\debug\net10.0\crossmacro.infrastructure.tests.dll" id="08be21c3-c6b8-fabc-e9cd-8e78de0f56fb">
      <Execution id="990dd972-b04c-4a43-afc5-7d5cf9ada7a7" />
      <TestMethod codeBase="D:\Desktop\网页设计\Mouse\tests\CrossMacro.Infrastructure.Tests\bin\Debug\net10.0\CrossMacro.Infrastructure.Tests.dll" adapterTypeName="executor://xunit/VsTestRunner3/netcore/" className="CrossMacro.Infrastructure.Tests.Services.ProfileManagerTests" name="CreateProfileAsync_WhenDefaultProfileHasUserData_CreatesCleanDefaultProfile" />
    </UnitTest>
    <UnitTest name="CrossMacro.Infrastructure.Tests.Services.TextExpansionStorageServiceTests.SaveAsync_WhenEnumerationThrows_PropagatesException_AndKeepsCache" storage="d:\desktop\网页设计\mouse\tests\crossmacro.infrastructure.tests\bin\debug\net10.0\crossmacro.infrastructure.tests.dll" id="d9cf6e5e-749b-78f5-5590-d2f489f2212f">
      <Execution id="a8957004-ef2d-43b7-b917-757c687e0e94" />
      <TestMethod codeBase="D:\Desktop\网页设计\Mouse\tests\CrossMacro.Infrastructure.Tests\bin\Debug\net10.0\CrossMacro.Infrastructure.Tests.dll" adapterTypeName="executor://xunit/VsTestRunner3/netcore/" className="CrossMacro.Infrastructure.Tests.Services.TextExpansionStorageServiceTests" name="SaveAsync_WhenEnumerationThrows_PropagatesException_AndKeepsCache" />
    </UnitTest>
    <UnitTest name="CrossMacro.Infrastructure.Tests.Services.ProfileManagerTests.InitializeAsync_IsIdempotentAfterRuntimeServicesAreLoaded" storage="d:\desktop\网页设计\mouse\tests\crossmacro.infrastructure.tests\bin\debug\net10.0\crossmacro.infrastructure.tests.dll" id="151fb183-0e8f-691d-2b71-e497883dbaa7">
      <Execution id="488558b6-c949-4fe7-9c8c-834076bc6c6f" />
      <TestMethod codeBase="D:\Desktop\网页设计\Mouse\tests\CrossMacro.Infrastructure.Tests\bin\Debug\net10.0\CrossMacro.Infrastructure.Tests.dll" adapterTypeName="executor://xunit/VsTestRunner3/netcore/" className="CrossMacro.Infrastructure.Tests.Services.ProfileManagerTests" name="InitializeAsync_IsIdempotentAfterRuntimeServicesAreLoaded" />
    </UnitTest>
    <UnitTest name="CrossMacro.Infrastructure.Tests.Services.TextExpansionStorageServiceTests.LoadAsync_WhenDirectTypingMethodIsMissing_DefaultsToFastBatch" storage="d:\desktop\网页设计\mouse\tests\crossmacro.infrastructure.tests\bin\debug\net10.0\crossmacro.infrastructure.tests.dll" id="f4065cf3-37cc-21ca-0344-2cbf51118085">
      <Execution id="715c400f-cd0b-4557-95e9-570b23565582" />
      <TestMethod codeBase="D:\Desktop\网页设计\Mouse\tests\CrossMacro.Infrastructure.Tests\bin\Debug\net10.0\CrossMacro.Infrastructure.Tests.dll" adapterTypeName="executor://xunit/VsTestRunner3/netcore/" className="CrossMacro.Infrastructure.Tests.Services.TextExpansionStorageServiceTests" name="LoadAsync_WhenDirectTypingMethodIsMissing_DefaultsToFastBatch" />
    </UnitTest>
    <UnitTest name="CrossMacro.Infrastructure.Tests.Services.SettingsServiceTests.SaveAsync_QueuedSnapshotsAreWrittenInCallOrder" storage="d:\desktop\网页设计\mouse\tests\crossmacro.infrastructure.tests\bin\debug\net10.0\crossmacro.infrastructure.tests.dll" id="54398538-fb1d-f2f7-56a1-5f34941c8020">
      <Execution id="5b38cb88-99a4-40c6-861a-4642f76c32ef" />
      <TestMethod codeBase="D:\Desktop\网页设计\Mouse\tests\CrossMacro.Infrastructure.Tests\bin\Debug\net10.0\CrossMacro.Infrastructure.Tests.dll" adapterTypeName="executor://xunit/VsTestRunner3/netcore/" className="CrossMacro.Infrastructure.Tests.Services.SettingsServiceTests" name="SaveAsync_QueuedSnapshotsAreWrittenInCallOrder" />
    </UnitTest>
    <UnitTest name="CrossMacro.Infrastructure.Tests.Services.SettingsServiceTests.SaveAsync_WhenWriteFails_Throws" storage="d:\desktop\网页设计\mouse\tests\crossmacro.infrastructure.tests\bin\debug\net10.0\crossmacro.infrastructure.tests.dll" id="06215b11-4f30-883c-ae6f-0149507a1222">
      <Execution id="2ee7304f-d716-45f8-bc64-e746f637f450" />
      <TestMethod codeBase="D:\Desktop\网页设计\Mouse\tests\CrossMacro.Infrastructure.Tests\bin\Debug\net10.0\CrossMacro.Infrastructure.Tests.dll" adapterTypeName="executor://xunit/VsTestRunner3/netcore/" className="CrossMacro.Infrastructure.Tests.Services.SettingsServiceTests" name="SaveAsync_WhenWriteFails_Throws" />
    </UnitTest>
    <UnitTest name="CrossMacro.Infrastructure.Tests.Services.ProfileManagerTests.SwitchProfileAsync_FlushesAndReloadsProfileRuntimeParticipants" storage="d:\desktop\网页设计\mouse\tests\crossmacro.infrastructure.tests\bin\debug\net10.0\crossmacro.infrastructure.tests.dll" id="7e91a8be-4024-6f05-4308-000ed596a0e8">
      <Execution id="2412f391-d2d4-4622-84cf-c429fcea7c18" />
      <TestMethod codeBase="D:\Desktop\网页设计\Mouse\tests\CrossMacro.Infrastructure.Tests\bin\Debug\net10.0\CrossMacro.Infrastructure.Tests.dll" adapterTypeName="executor://xunit/VsTestRunner3/netcore/" className="CrossMacro.Infrastructure.Tests.Services.ProfileManagerTests" name="SwitchProfileAsync_FlushesAndReloadsProfileRuntimeParticipants" />
    </UnitTest>
    <UnitTest name="CrossMacro.Infrastructure.Tests.Services.ProfileManagerTests.SwitchProfileAsync_AwaitsSchedulerShutdownBeforeReloadAndRestart" storage="d:\desktop\网页设计\mouse\tests\crossmacro.infrastructure.tests\bin\debug\net10.0\crossmacro.infrastructure.tests.dll" id="f8421fbb-5ffc-d4e6-8231-e93c5adb1d5e">
      <Execution id="fa7b3e6b-e45a-4738-af87-279917471a89" />
      <TestMethod codeBase="D:\Desktop\网页设计\Mouse\tests\CrossMacro.Infrastructure.Tests\bin\Debug\net10.0\CrossMacro.Infrastructure.Tests.dll" adapterTypeName="executor://xunit/VsTestRunner3/netcore/" className="CrossMacro.Infrastructure.Tests.Services.ProfileManagerTests" name="SwitchProfileAsync_AwaitsSchedulerShutdownBeforeReloadAndRestart" />
    </UnitTest>
    <UnitTest name="CrossMacro.Infrastructure.Tests.Services.ManageTextExpansionTests.ListAsync_WhenLegacyProfileReloadFails_RestoresActiveProfileState" storage="d:\desktop\网页设计\mouse\tests\crossmacro.infrastructure.tests\bin\debug\net10.0\crossmacro.infrastructure.tests.dll" id="8513fbaf-1f2e-ff8c-51de-b3f4d7517494">
      <Execution id="10e2e495-1f26-4044-b3c3-9650e9bbe462" />
      <TestMethod codeBase="D:\Desktop\网页设计\Mouse\tests\CrossMacro.Infrastructure.Tests\bin\Debug\net10.0\CrossMacro.Infrastructure.Tests.dll" adapterTypeName="executor://xunit/VsTestRunner3/netcore/" className="CrossMacro.Infrastructure.Tests.Services.ManageTextExpansionTests" name="ListAsync_WhenLegacyProfileReloadFails_RestoresActiveProfileState" />
    </UnitTest>
    <UnitTest name="CrossMacro.Infrastructure.Tests.Services.TextExpansionStorageServiceTests.FilePath_EndsWithJson" storage="d:\desktop\网页设计\mouse\tests\crossmacro.infrastructure.tests\bin\debug\net10.0\crossmacro.infrastructure.tests.dll" id="c67bd640-01d9-c914-0706-d5ade3ce19f6">
      <Execution id="2372c515-db5b-4765-a0e2-fd1c9e909c86" />
      <TestMethod codeBase="D:\Desktop\网页设计\Mouse\tests\CrossMacro.Infrastructure.Tests\bin\Debug\net10.0\CrossMacro.Infrastructure.Tests.dll" adapterTypeName="executor://xunit/VsTestRunner3/netcore/" className="CrossMacro.Infrastructure.Tests.Services.TextExpansionStorageServiceTests" name="FilePath_EndsWithJson" />
    </UnitTest>
    <UnitTest name="CrossMacro.Infrastructure.Tests.Services.ManageTextExpansionTests.ListAsync_UsesLoadedStorageSnapshot" storage="d:\desktop\网页设计\mouse\tests\crossmacro.infrastructure.tests\bin\debug\net10.0\crossmacro.infrastructure.tests.dll" id="a352c7a5-f548-94b8-3768-f20cb19f4583">
      <Execution id="87bd8140-c69d-4d54-bbe9-a01276c2fb68" />
      <TestMethod codeBase="D:\Desktop\网页设计\Mouse\tests\CrossMacro.Infrastructure.Tests\bin\Debug\net10.0\CrossMacro.Infrastructure.Tests.dll" adapterTypeName="executor://xunit/VsTestRunner3/netcore/" className="CrossMacro.Infrastructure.Tests.Services.ManageTextExpansionTests" name="ListAsync_UsesLoadedStorageSnapshot" />
    </UnitTest>
    <UnitTest name="CrossMacro.Infrastructure.Tests.Services.TextExpansionStorageServiceTests.GetCurrent_ReturnsDeepSnapshot_ThatCannotMutateCache" storage="d:\desktop\网页设计\mouse\tests\crossmacro.infrastructure.tests\bin\debug\net10.0\crossmacro.infrastructure.tests.dll" id="5545c854-6281-5c3f-8ddc-35875eeb56ee">
      <Execution id="bd801be7-6214-4f14-9403-e3615c342d2d" />
      <TestMethod codeBase="D:\Desktop\网页设计\Mouse\tests\CrossMacro.Infrastructure.Tests\bin\Debug\net10.0\CrossMacro.Infrastructure.Tests.dll" adapterTypeName="executor://xunit/VsTestRunner3/netcore/" className="CrossMacro.Infrastructure.Tests.Services.TextExpansionStorageServiceTests" name="GetCurrent_ReturnsDeepSnapshot_ThatCannotMutateCache" />
    </UnitTest>
    <UnitTest name="CrossMacro.Infrastructure.Tests.Services.TextExpansionStorageServiceTests.SaveAsync_NullList_ThrowsException" storage="d:\desktop\网页设计\mouse\tests\crossmacro.infrastructure.tests\bin\debug\net10.0\crossmacro.infrastructure.tests.dll" id="aef4a789-1ded-57e1-99d0-7010b3da62fc">
      <Execution id="9b032395-5948-4f4c-b8b1-b710465fec85" />
      <TestMethod codeBase="D:\Desktop\网页设计\Mouse\tests\CrossMacro.Infrastructure.Tests\bin\Debug\net10.0\CrossMacro.Infrastructure.Tests.dll" adapterTypeName="executor://xunit/VsTestRunner3/netcore/" className="CrossMacro.Infrastructure.Tests.Services.TextExpansionStorageServiceTests" name="SaveAsync_NullList_ThrowsException" />
    </UnitTest>
    <UnitTest name="CrossMacro.Infrastructure.Tests.Services.ProfileManagerTests.InitializeAsync_WhenConfigRootHasSymlinkedAncestor_UsesConfiguredTarget" storage="d:\desktop\网页设计\mouse\tests\crossmacro.infrastructure.tests\bin\debug\net10.0\crossmacro.infrastructure.tests.dll" id="104c0560-64fb-c6ae-540e-1f9b798e5320">
      <Execution id="3d1e5188-5309-4f85-87cb-8441f5e9bb7a" />
      <TestMethod codeBase="D:\Desktop\网页设计\Mouse\tests\CrossMacro.Infrastructure.Tests\bin\Debug\net10.0\CrossMacro.Infrastructure.Tests.dll" adapterTypeName="executor://xunit/VsTestRunner3/netcore/" className="CrossMacro.Infrastructure.Tests.Services.ProfileManagerTests" name="InitializeAsync_WhenConfigRootHasSymlinkedAncestor_UsesConfiguredTarget" />
    </UnitTest>
  </TestDefinitions>
  <TestEntries>
    <TestEntry testId="0b5f9e56-d20f-0fcd-e19f-75de08b9aca9" executionId="cae36f65-97fd-48f1-b179-4c092f4b4649" testListId="8c84fa94-04c1-424b-9868-57a2d4851a1d" />
    <TestEntry testId="e5a2f9b8-38fa-350e-4cd9-ccfb13c71046" executionId="aad185e7-2111-4f22-ba67-7057b7b8a9e6" testListId="8c84fa94-04c1-424b-9868-57a2d4851a1d" />
    <TestEntry testId="f6c5d004-5019-129f-7ecb-046a376c918f" executionId="ac23872f-374e-4cc0-b010-9d80687e600c" testListId="8c84fa94-04c1-424b-9868-57a2d4851a1d" />
    <TestEntry testId="9da1dd7b-f85c-05a5-3759-8b272a4ee784" executionId="50a9e9b5-c8e2-40d7-90ad-d411da4a20e8" testListId="8c84fa94-04c1-424b-9868-57a2d4851a1d" />
    <TestEntry testId="e5442652-0c20-a851-c920-1b98d8043e6e" executionId="9cbd5cad-1b68-414d-a87c-b5132287fa48" testListId="8c84fa94-04c1-424b-9868-57a2d4851a1d" />
    <TestEntry testId="f8421fbb-5ffc-d4e6-8231-e93c5adb1d5e" executionId="fa7b3e6b-e45a-4738-af87-279917471a89" testListId="8c84fa94-04c1-424b-9868-57a2d4851a1d" />
    <TestEntry testId="151fb183-0e8f-691d-2b71-e497883dbaa7" executionId="488558b6-c949-4fe7-9c8c-834076bc6c6f" testListId="8c84fa94-04c1-424b-9868-57a2d4851a1d" />
    <TestEntry testId="9ed7ad90-f32e-8f9d-51d0-ddd7fb48d368" executionId="e5fea382-285b-4e05-871e-8a621d3751ac" testListId="8c84fa94-04c1-424b-9868-57a2d4851a1d" />
    <TestEntry testId="17054ed5-a5c3-d21f-10dd-d6536424e0fb" executionId="a9472bd2-015a-4b20-a534-f0e0d9fe9295" testListId="8c84fa94-04c1-424b-9868-57a2d4851a1d" />
    <TestEntry testId="d9cf6e5e-749b-78f5-5590-d2f489f2212f" executionId="a8957004-ef2d-43b7-b917-757c687e0e94" testListId="8c84fa94-04c1-424b-9868-57a2d4851a1d" />
    <TestEntry testId="4b85128f-04aa-8776-047a-5083a29221da" executionId="c5d20046-a223-466d-aa9e-423dcf6ebe72" testListId="8c84fa94-04c1-424b-9868-57a2d4851a1d" />
    <TestEntry testId="80559903-2fd6-7479-2a29-6f93c7ccf4cd" executionId="3e769105-b904-452d-b473-5fe5ea8d7b6d" testListId="8c84fa94-04c1-424b-9868-57a2d4851a1d" />
    <TestEntry testId="38cf06e0-4e46-9ecf-fb3c-526c3948d226" executionId="74b975e5-cd3b-484e-9d3f-19b8322b452c" testListId="8c84fa94-04c1-424b-9868-57a2d4851a1d" />
    <TestEntry testId="5545c854-6281-5c3f-8ddc-35875eeb56ee" executionId="bd801be7-6214-4f14-9403-e3615c342d2d" testListId="8c84fa94-04c1-424b-9868-57a2d4851a1d" />
    <TestEntry testId="6d95bf93-646f-3714-24a9-524a1997ee71" executionId="a32b7079-11d5-4dba-96a5-0941e5fe2e43" testListId="8c84fa94-04c1-424b-9868-57a2d4851a1d" />
    <TestEntry testId="2520c648-8844-6eff-ffff-eacee4d56598" executionId="6ff7f647-bc81-4293-8ef2-6afcb3f1950d" testListId="8c84fa94-04c1-424b-9868-57a2d4851a1d" />
    <TestEntry testId="9e7e8bb8-eb43-4b91-2b79-64cebbaa1f13" executionId="d0c386ee-7c0d-4819-b280-5bcd4b6837ea" testListId="8c84fa94-04c1-424b-9868-57a2d4851a1d" />
    <TestEntry testId="8e021ff0-691d-2f3d-310f-236241d3e7e0" executionId="88e1a01f-b775-4dc3-8538-1f2cb401e4db" testListId="8c84fa94-04c1-424b-9868-57a2d4851a1d" />
    <TestEntry testId="71453d14-d271-f614-4830-567f1432ddfa" executionId="58634b91-c96f-4bf0-9cf8-35890d548c3b" testListId="8c84fa94-04c1-424b-9868-57a2d4851a1d" />
    <TestEntry testId="99f133af-15ac-2a67-47a4-247b4883e3f0" executionId="6d520204-911b-434a-9744-a0f080b65b9e" testListId="8c84fa94-04c1-424b-9868-57a2d4851a1d" />
    <TestEntry testId="08be21c3-c6b8-fabc-e9cd-8e78de0f56fb" executionId="990dd972-b04c-4a43-afc5-7d5cf9ada7a7" testListId="8c84fa94-04c1-424b-9868-57a2d4851a1d" />
    <TestEntry testId="dbc7c404-39be-e745-beb1-5f577ababd8c" executionId="4879c324-a8eb-4cff-9609-3f8ccc083c71" testListId="8c84fa94-04c1-424b-9868-57a2d4851a1d" />
    <TestEntry testId="1276c491-0696-86e0-1679-d14bd8945ef7" executionId="4f2462e2-cfa8-49eb-8b7a-88b4ffc6f3ab" testListId="8c84fa94-04c1-424b-9868-57a2d4851a1d" />
    <TestEntry testId="c67bd640-01d9-c914-0706-d5ade3ce19f6" executionId="2372c515-db5b-4765-a0e2-fd1c9e909c86" testListId="8c84fa94-04c1-424b-9868-57a2d4851a1d" />
    <TestEntry testId="8f26b4cd-743d-f0ab-8926-efedae871e3f" executionId="1151ec5a-145b-4fe0-9201-bf8ee1213e02" testListId="8c84fa94-04c1-424b-9868-57a2d4851a1d" />
    <TestEntry testId="3809c0df-1ff8-0cea-d57b-e763d8f10378" executionId="989523ee-1854-4fa1-b44d-41bf96db7393" testListId="8c84fa94-04c1-424b-9868-57a2d4851a1d" />
    <TestEntry testId="c22035d5-24be-4924-b740-1481733fb939" executionId="5ea29ec3-9d02-46b9-9d5c-c499e66ad6a0" testListId="8c84fa94-04c1-424b-9868-57a2d4851a1d" />
    <TestEntry testId="7fa5b236-3862-8150-a548-238e827b3e6e" executionId="059e513b-535e-4622-b65a-4da528d56685" testListId="8c84fa94-04c1-424b-9868-57a2d4851a1d" />
    <TestEntry testId="a352c7a5-f548-94b8-3768-f20cb19f4583" executionId="87bd8140-c69d-4d54-bbe9-a01276c2fb68" testListId="8c84fa94-04c1-424b-9868-57a2d4851a1d" />
    <TestEntry testId="0f317e0d-dd6b-aa32-1337-c43b6851dc6f" executionId="db83cd8d-9455-4abf-8a3e-59faf4535163" testListId="8c84fa94-04c1-424b-9868-57a2d4851a1d" />
    <TestEntry testId="aef4a789-1ded-57e1-99d0-7010b3da62fc" executionId="9b032395-5948-4f4c-b8b1-b710465fec85" testListId="8c84fa94-04c1-424b-9868-57a2d4851a1d" />
[...]
    <TestEntry testId="8513fbaf-1f2e-ff8c-51de-b3f4d7517494" executionId="10e2e495-1f26-4044-b3c3-9650e9bbe462" testListId="8c84fa94-04c1-424b-9868-57a2d4851a1d" />
    <TestEntry testId="a322a585-435d-bf42-14e6-e5792264d98a" executionId="e5911473-7dd4-4faa-bfb2-058c8c43f5b3" testListId="8c84fa94-04c1-424b-9868-57a2d4851a1d" />
    <TestEntry testId="b5e5dc7c-b0c4-8f9c-8137-cff54ce0cdff" executionId="1851d2b1-4f4d-4622-b6d1-4a0ec7a49676" testListId="8c84fa94-04c1-424b-9868-57a2d4851a1d" />
    <TestEntry testId="c802f30d-986e-a277-7e68-06b879245970" executionId="c7580f69-04ca-4f0a-9a85-ad69bedad630" testListId="8c84fa94-04c1-424b-9868-57a2d4851a1d" />
    <TestEntry testId="54398538-fb1d-f2f7-56a1-5f34941c8020" executionId="5b38cb88-99a4-40c6-861a-4642f76c32ef" testListId="8c84fa94-04c1-424b-9868-57a2d4851a1d" />
    <TestEntry testId="4e7b8ad4-0009-3f42-83df-cffef113af80" executionId="656e3ef1-e3a9-4bd1-9086-762dad3b8933" testListId="8c84fa94-04c1-424b-9868-57a2d4851a1d" />
    <TestEntry testId="fac4ba20-1780-55cf-7e1e-b55913b3e1cc" executionId="1910fced-dfde-4ae0-a5a8-626bd60bc600" testListId="8c84fa94-04c1-424b-9868-57a2d4851a1d" />
    <TestEntry testId="1e03cbb9-f77c-78ec-9b21-99b5ffc1848a" executionId="11738297-0a91-46af-acc7-1ea99c4f4bdb" testListId="8c84fa94-04c1-424b-9868-57a2d4851a1d" />
    <TestEntry testId="8dc386c6-fb73-eda1-b475-1fe896a5e93b" executionId="256e1e47-130c-4b6f-9ada-b81614a381cf" testListId="8c84fa94-04c1-424b-9868-57a2d4851a1d" />
    <TestEntry testId="1ec2bde0-69cc-27c0-cb5f-df7356bace68" executionId="165974ef-3ea2-4b37-a5d0-f181be960cb8" testListId="8c84fa94-04c1-424b-9868-57a2d4851a1d" />
    <TestEntry testId="bc126b3d-d4f1-8379-990c-e599d1836744" executionId="94b0ead6-ab89-4b5f-be3a-cee051c151a1" testListId="8c84fa94-04c1-424b-9868-57a2d4851a1d" />
    <TestEntry testId="7e91a8be-4024-6f05-4308-000ed596a0e8" executionId="2412f391-d2d4-4622-84cf-c429fcea7c18" testListId="8c84fa94-04c1-424b-9868-57a2d4851a1d" />
    <TestEntry testId="5861ed2a-b4aa-3612-60ea-f8d30adf2c0d" executionId="e66b4d8d-7531-4941-aa43-0bddd483b97b" testListId="8c84fa94-04c1-424b-9868-57a2d4851a1d" />
    <TestEntry testId="48c6051b-044b-df8a-1410-601917707c67" executionId="6cecc79f-d3ec-44a7-a50d-2c27b5914074" testListId="8c84fa94-04c1-424b-9868-57a2d4851a1d" />
    <TestEntry testId="d5717471-c3c8-7089-7015-ee62085a5293" executionId="4fdc0322-3a28-4967-9a5e-694ba27ff6b3" testListId="8c84fa94-04c1-424b-9868-57a2d4851a1d" />
  </TestEntries>
  <TestLists>
    <TestList name="列表中未列出的结果" id="8c84fa94-04c1-424b-9868-57a2d4851a1d" />
    <TestList name="所有已加载的结果" id="19431567-8539-422a-85d7-44ee4e166bda" />
  </TestLists>
  <ResultSummary outcome="Failed">
    <Counters total="56" executed="56" passed="54" failed="2" error="0" timeout="0" aborted="0" inconclusive="0" passedButRunAborted="0" notRunnable="0" notExecuted="0" disconnected="0" warning="0" completed="0" inProgress="0" pending="0" />
    <Output>
      <StdOut>[xUnit.net 00:00:00.00] xUnit.net VSTest Adapter v3.1.5+1b188a7b0a (64-bit .NET 10.0.11)&#xD;
[xUnit.net 00:00:00.09]   Discovering: CrossMacro.Infrastructure.Tests&#xD;
[xUnit.net 00:00:00.23]   Discovered:  CrossMacro.Infrastructure.Tests&#xD;
[xUnit.net 00:00:00.25]   Starting:    CrossMacro.Infrastructure.Tests&#xD;
[CrossMacro] Core logger is using bootstrap fallback. Call LoggerSetup.Initialize early for structured logging.&#xD;
     Warning:&#xD;
     The component "Fluent Assertions" is governed by the rules defined in the Xceed License Agreement and&#xD;
     the Xceed Fluent Assertions Community License. You may use Fluent Assertions free of charge for&#xD;
     non-commercial use only. An active subscription is required to use Fluent Assertions for commercial use.&#xD;
     Please contact Xceed Sales mailto:sales@xceed.com to acquire a subscription at a very low cost.&#xD;
     A paid commercial license supports the development and continued increasing support of&#xD;
     Fluent Assertions users under both commercial and community licenses. Help us&#xD;
     keep Fluent Assertions at the forefront of unit testing.&#xD;
     For more information, visit https://xceed.com/products/unit-testing/fluent-assertions/&#xD;
[2026-09-12T08:44:29.4850028+00:00] [CrossMacro][Error] [TextExpansionStorageService] Failed to save text expansions&#xD;
System.ArgumentNullException: Value cannot be null. (Parameter 'expansions')&#xD;
   at System.ArgumentNullException.Throw(String paramName)&#xD;
   at System.ArgumentNullException.ThrowIfNull(Object argument, String paramName)&#xD;
   at CrossMacro.Infrastructure.Services.TextExpansionStorageService.SaveAsync(IEnumerable`1 expansions) in D:\Desktop\��ҳ���\Mouse\src\CrossMacro.Infrastructure\Services\TextExpansionStorageService.cs:line 146&#xD;
[2026-09-12T08:44:29.5723328+00:00] [CrossMacro][Error] [TextExpansionStorageService] Failed to load text expansions&#xD;
System.Text.Json.JsonException: The JSON value could not be converted to System.Collections.Generic.List`1[CrossMacro.Core.Models.TextExpansionEntry]. Path: $ | LineNumber: 0 | BytePositionInLine: 1.&#xD;
   at System.Text.Json.ThrowHelper.ThrowJsonException_DeserializeUnableToConvertValue(Type propertyType)&#xD;
   at System.Text.Json.Serialization.JsonCollectionConverter`2.OnTryRead(Utf8JsonReader&amp; reader, Type typeToConvert, JsonSerializerOptions options, ReadStack&amp; state, TCollection&amp; value)&#xD;
   at System.Text.Json.Serialization.JsonConverter`1.TryRead(Utf8JsonReader&amp; reader, Type typeToConvert, JsonSerializerOptions options, ReadStack&amp; state, T&amp; value, Boolean&amp; isPopulatedValue)&#xD;
   at System.Text.Json.Serialization.JsonConverter`1.ReadCore(Utf8JsonReader&amp; reader, T&amp; value, JsonSerializerOptions options, ReadStack&amp; state)&#xD;
   at System.Text.Json.Serialization.Metadata.JsonTypeInfo`1.Deserialize(Utf8JsonReader&amp; reader, ReadStack&amp; state)&#xD;
   at System.Text.Json.JsonSerializer.ReadFromSpan[TValue](ReadOnlySpan`1 utf8Json, JsonTypeInfo`1 jsonTypeInfo, Nullable`1 actualByteCount)&#xD;
   at System.Text.Json.JsonSerializer.ReadFromSpan[TValue](ReadOnlySpan`1 json, JsonTypeInfo`1 jsonTypeInfo)&#xD;
   at System.Text.Json.JsonSerializer.Deserialize[TValue](String json, JsonTypeInfo`1 jsonTypeInfo)&#xD;
   at CrossMacro.Infrastructure.Helpers.FileBackedJsonStorage.Read[T](String filePath, JsonTypeInfo`1 typeInfo) in D:\Desktop\��ҳ���\Mouse\src\CrossMacro.Infrastructure\Helpers\FileBackedJsonStorage.cs:line 63&#xD;
   at CrossMacro.Infrastructure.Services.TextExpansionStorageService.Load() in D:\Desktop\��ҳ���\Mouse\src\CrossMacro.Infrastructure\Services\TextExpansionStorageService.cs:line 47&#xD;
[2026-09-12T08:44:29.5841854+00:00] [CrossMacro][Error] Failed to save settings&#xD;
System.IO.IOException: Cannot create 'C:\Users\W\AppData\Local\Temp\CrossMacroSettingsTests_f33c3c60-335d-40a9-8b46-c562fb3bb919\not-a-directory' because a file or directory with the same name already exists.&#xD;
   at System.IO.FileSystem.CreateDirectory(String fullPath, Byte[] securityDescriptor)&#xD;
   at System.IO.Directory.CreateDirectory(String path)&#xD;
   at CrossMacro.Infrastructure.Helpers.FileBackedJsonStorage.EnsureParentDirectory(String filePath) in D:\Desktop\��ҳ���\Mouse\src\CrossMacro.Infrastructure\Helpers\FileBackedJsonStorage.cs:line 127&#xD;
   at CrossMacro.Infrastructure.Helpers.FileBackedJsonStorage.Write[T](String filePath, T value, JsonTypeInfo`1 typeInfo) in D:\Desktop\��ҳ���\Mouse\src\CrossMacro.Infrastructure\Helpers\FileBackedJsonStorage.cs:line 74&#xD;
   at CrossMacro.Infrastructure.Services.SettingsService.Save() in D:\Desktop\��ҳ���\Mouse\src\CrossMacro.Infrastructure\Services\SettingsService.cs:line 244&#xD;
[2026-09-12T08:44:29.6591537+00:00] [CrossMacro][Error] Failed to load settings, using defaults&#xD;
System.Text.Json.JsonException: 'i' is an invalid start of a property name. Expected a '"'. Path: $ | LineNumber: 0 | BytePositionInLine: 2.&#xD;
 ---&gt; System.Text.Json.JsonReaderException: 'i' is an invalid start of a property name. Expected a '"'. LineNumber: 0 | BytePositionInLine: 2.&#xD;
   at System.Text.Json.ThrowHelper.ThrowJsonReaderException(Utf8JsonReader&amp; json, ExceptionResource resource, Byte nextByte, ReadOnlySpan`1 bytes)&#xD;
   at System.Text.Json.Utf8JsonReader.ReadSingleSegment()&#xD;
   at System.Text.Json.Utf8JsonReader.Read()&#xD;
   at System.Text.Json.Serialization.Converters.ObjectDefaultConverter`1.OnTryRead(Utf8JsonReader&amp; reader, Type typeToConvert, JsonSerializerOptions options, ReadStack&amp; state, T&amp; value)&#xD;
   at System.Text.Json.Serialization.JsonConverter`1.TryRead(Utf8JsonReader&amp; reader, Type typeToConvert, JsonSerializerOptions options, ReadStack&amp; state, T&amp; value, Boolean&amp; isPopulatedValue)&#xD;
   at System.Text.Json.Serialization.JsonConverter`1.ReadCore(Utf8JsonReader&amp; reader, T&amp; value, JsonSerializerOptions options, ReadStack&amp; state)&#xD;
   --- End of inner exception stack trace ---&#xD;
   at System.Text.Json.ThrowHelper.ReThrowWithPath(ReadStack&amp; state, JsonReaderException ex)&#xD;
   at System.Text.Json.Serialization.JsonConverter`1.ReadCore(Utf8JsonReader&amp; reader, T&amp; value, JsonSerializerOptions options, ReadStack&amp; state)&#xD;
   at System.Text.Json.Serialization.Metadata.JsonTypeInfo`1.Deserialize(Utf8JsonReader&amp; reader, ReadStack&amp; state)&#xD;
   at System.Text.Json.JsonSerializer.ReadFromSpan[TValue](ReadOnlySpan`1 utf8Json, JsonTypeInfo`1 jsonTypeInfo, Nullable`1 actualByteCount)&#xD;
   at System.Text.Json.JsonSerializer.ReadFromSpan[TValue](ReadOnlySpan`1 json, JsonTypeInfo`1 jsonTypeInfo)&#xD;
   at System.Text.Json.JsonSerializer.Deserialize[TValue](String json, JsonTypeInfo`1 jsonTypeInfo)&#xD;
   at CrossMacro.Infrastructure.Helpers.FileBackedJsonStorage.Read[T](String filePath, JsonTypeInfo`1 typeInfo) in D:\Desktop\��ҳ���\Mouse\src\CrossMacro.Infrastructure\Helpers\FileBackedJsonStorage.cs:line 63&#xD;
   at CrossMacro.Infrastructure.Services.SettingsService.LoadProfileSettings() in D:\Desktop\��ҳ���\Mouse\src\CrossMacro.Infrastructure\Services\SettingsService.cs:line 424&#xD;
   at CrossMacro.Infrastructure.Services.SettingsService.Load() in D:\Desktop\��ҳ���\Mouse\src\CrossMacro.Infrastructure\Services\SettingsService.cs:line 119&#xD;
[2026-09-12T08:44:29.6620348+00:00] [CrossMacro][Error] [TextExpansionStorageService] Failed to save text expansions&#xD;
System.InvalidOperationException: enumeration failed&#xD;
   at CrossMacro.Infrastructure.Tests.Services.TextExpansionStorageServiceTests.ThrowingExpansionEnumerable.GetEnumerator() in D:\Desktop\��ҳ���\Mouse\tests\CrossMacro.Infrastructure.Tests\Services\TextExpansionStorageServiceTests.cs:line 291&#xD;
   at System.Linq.Enumerable.IEnumerableSelectIterator`2.ToList()&#xD;
   at CrossMacro.Infrastructure.Services.TextExpansionStorageService.CloneEntries(IEnumerable`1 entries) in D:\Desktop\��ҳ���\Mouse\src\CrossMacro.Infrastructure\Services\TextExpansionStorageService.cs:line 204&#xD;
   at CrossMacro.Infrastructure.Services.TextExpansionStorageService.SaveAsync(IEnumerable`1 expansions) in D:\Desktop\��ҳ���\Mouse\src\CrossMacro.Infrastructure\Services\TextExpansionStorageService.cs:line 147&#xD;
[2026-09-12T08:44:29.6838328+00:00] [CrossMacro][Error] Failed to load settings, using defaults&#xD;
System.Text.Json.JsonException: 'N' is an invalid start of a value. Path: $ | LineNumber: 0 | BytePositionInLine: 0.&#xD;
 ---&gt; System.Text.Json.JsonReaderException: 'N' is an invalid start of a value. LineNumber: 0 | BytePositionInLine: 0.&#xD;
   at System.Text.Json.ThrowHelper.ThrowJsonReaderException(Utf8JsonReader&amp; json, ExceptionResource resource, Byte nextByte, ReadOnlySpan`1 bytes)&#xD;
   at System.Text.Json.Utf8JsonReader.ConsumeValue(Byte marker)&#xD;
   at System.Text.Json.Utf8JsonReader.ReadFirstToken(Byte first)&#xD;
   at System.Text.Json.Utf8JsonReader.ReadSingleSegment()&#xD;
   at System.Text.Json.Utf8JsonReader.Read()&#xD;
   at System.Text.Json.Serialization.JsonConverter`1.ReadCore(Utf8JsonReader&amp; reader, T&amp; value, JsonSerializerOptions options, ReadStack&amp; state)&#xD;
   --- End of inner exception stack trace ---&#xD;
   at System.Text.Json.ThrowHelper.ReThrowWithPath(ReadStack&amp; state, JsonReaderException ex)&#xD;
   at System.Text.Json.Serialization.JsonConverter`1.ReadCore(Utf8JsonReader&amp; reader, T&amp; value, JsonSerializerOptions options, ReadStack&amp; state)&#xD;
   at System.Text.Json.Serialization.Metadata.JsonTypeInfo`1.Deserialize(Utf8JsonReader&amp; reader, ReadStack&amp; state)&#xD;
   at System.Text.Json.JsonSerializer.ReadFromSpan[TValue](ReadOnlySpan`1 utf8Json, JsonTypeInfo`1 jsonTypeInfo, Nullable`1 actualByteCount)&#xD;
   at System.Text.Json.JsonSerializer.ReadFromSpan[TValue](ReadOnlySpan`1 json, JsonTypeInfo`1 jsonTypeInfo)&#xD;
   at System.Text.Json.JsonSerializer.Deserialize[TValue](String json, JsonTypeInfo`1 jsonTypeInfo)&#xD;
   at CrossMacro.Infrastructure.Helpers.FileBackedJsonStorage.ReadAsync[T](String filePath, JsonTypeInfo`1 typeInfo) in D:\Desktop\��ҳ���\Mouse\src\CrossMacro.Infrastructure\Helpers\FileBackedJsonStorage.cs:line 69&#xD;
   at CrossMacro.Infrastructure.Services.SettingsService.LoadProfileSettingsAsync() in D:\Desktop\��ҳ���\Mouse\src\CrossMacro.Infrastructure\Services\SettingsService.cs:line 406&#xD;
   at CrossMacro.Infrastructure.Services.SettingsService.LoadAsync() in D:\Desktop\��ҳ���\Mouse\src\CrossMacro.Infrastructure\Services\SettingsService.cs:line 96&#xD;
[2026-09-12T08:44:29.7049318+00:00] [CrossMacro][Error] Failed to save settings&#xD;
System.IO.IOException: Cannot create 'C:\Users\W\AppData\Local\Temp\CrossMacroSettingsTests_15e2ac95-acf7-4b20-b82e-f71d60811004\profiles\default' because a file or directory with the same name already exists.&#xD;
   at System.IO.FileSystem.CreateDirectory(String fullPath, Byte[] securityDescriptor)&#xD;
   at System.IO.Directory.CreateDirectory(String path)&#xD;
   at CrossMacro.Infrastructure.Helpers.FileBackedJsonStorage.EnsureParentDirectory(String filePath) in D:\Desktop\��ҳ���\Mouse\src\CrossMacro.Infrastructure\Helpers\FileBackedJsonStorage.cs:line 127&#xD;
   at CrossMacro.Infrastructure.Helpers.FileBackedJsonStorage.WriteAsync[T](String filePath, T value, JsonTypeInfo`1 typeInfo, CancellationToken cancellationToken) in D:\Desktop\��ҳ���\Mouse\src\CrossMacro.Infrastructure\Helpers\FileBackedJsonStorage.cs:line 97&#xD;
   at CrossMacro.Infrastructure.Services.SettingsService.SaveCoreAsync() in D:\Desktop\��ҳ���\Mouse\src\CrossMacro.Infrastructure\Services\SettingsService.cs:line 179&#xD;
   at CrossMacro.Infrastructure.Services.SettingsService.SaveCoreAsync() in D:\Desktop\��ҳ���\Mouse\src\CrossMacro.Infrastructure\Services\SettingsService.cs:line 219&#xD;
[2026-09-12T08:44:29.7577393+00:00] [CrossMacro][Error] Failed to save settings&#xD;
System.IO.IOException: Cannot create 'C:\Users\W\AppData\Local\Temp\CrossMacroSettingsTests_1ba0731a-cb8f-4f8a-8f3a-3941738528e4\not-a-directory' because a file or directory with the same name already exists.&#xD;
   at System.IO.FileSystem.CreateDirectory(String fullPath, Byte[] securityDescriptor)&#xD;
   at System.IO.Directory.CreateDirectory(String path)&#xD;
   at CrossMacro.Infrastructure.Helpers.FileBackedJsonStorage.EnsureParentDirectory(String filePath) in D:\Desktop\��ҳ���\Mouse\src\CrossMacro.Infrastructure\Helpers\FileBackedJsonStorage.cs:line 127&#xD;
   at CrossMacro.Infrastructure.Helpers.FileBackedJsonStorage.WriteAsync[T](String filePath, T value, JsonTypeInfo`1 typeInfo, CancellationToken cancellationToken) in D:\Desktop\��ҳ���\Mouse\src\CrossMacro.Infrastructure\Helpers\FileBackedJsonStorage.cs:line 97&#xD;
   at CrossMacro.Infrastructure.Services.SettingsService.SaveCoreAsync() in D:\Desktop\��ҳ���\Mouse\src\CrossMacro.Infrastructure\Services\SettingsService.cs:line 170&#xD;
   at CrossMacro.Infrastructure.Services.SettingsService.SaveCoreAsync() in D:\Desktop\��ҳ���\Mouse\src\CrossMacro.Infrastructure\Services\SettingsService.cs:line 219&#xD;
[2026-09-12T08:44:29.8835956+00:00] [CrossMacro][Error] Failed to initialize profile manager&#xD;
System.IO.InvalidDataException: Profile id '../outside' contains unsupported path characters.&#xD;
   at CrossMacro.Infrastructure.Services.ProfileManager.ValidateProfileId(String profileId) in D:\Desktop\��ҳ���\Mouse\src\CrossMacro.Infrastructure\Services\ProfileManager.cs:line 357&#xD;
   at CrossMacro.Infrastructure.Services.ProfileManager.NormalizeRegistry() in D:\Desktop\��ҳ���\Mouse\src\CrossMacro.Infrastructure\Services\ProfileManager.cs:line 592&#xD;
   at CrossMacro.Infrastructure.Services.ProfileManager.InitializeAsync() in D:\Desktop\��ҳ���\Mouse\src\CrossMacro.Infrastructure\Services\ProfileManager.cs:line 59&#xD;
[xUnit.net 00:00:00.72]       System.IO.IOException : 客户端没有所需的特权。 : 'C:\Users\W\AppData\Local\Temp\CrossMacroProfileManagerTests_014d835c-ecb9-49c2-aa51-66906fb4cf6b\profiles\work'.&#xD;
[xUnit.net 00:00:00.72]       Stack Trace:&#xD;
[xUnit.net 00:00:00.72]            at Interop.Kernel32.CreateSymbolicLink(String symlinkFileName, String targetFileName, Boolean isDirectory)&#xD;
[xUnit.net 00:00:00.72]            at System.IO.Directory.CreateSymbolicLink(String path, String pathToTarget)&#xD;
[xUnit.net 00:00:00.72]         D:\Desktop\网页设计\Mouse\tests\CrossMacro.Infrastructure.Tests\Services\ProfileManagerTests.cs(273,0): at CrossMacro.Infrastructure.Tests.Services.ProfileManagerTests.GetProfileDirectory_WhenProfileDirectoryIsSymlink_RejectsIt()&#xD;
[xUnit.net 00:00:00.72]         --- End of stack trace from previous location ---&#xD;
[xUnit.net 00:00:00.72]       System.IO.IOException : 客户端没有所需的特权。 : 'C:\Users\W\AppData\Local\Temp\CrossMacroProfileManagerTests_b1caf67f-9ba0-4c84-a455-67d304447717\linked-parent'.&#xD;
[xUnit.net 00:00:00.72]       Stack Trace:&#xD;
[xUnit.net 00:00:00.72]            at Interop.Kernel32.CreateSymbolicLink(String symlinkFileName, String targetFileName, Boolean isDirectory)&#xD;
[xUnit.net 00:00:00.72]            at System.IO.Directory.CreateSymbolicLink(String path, String pathToTarget)&#xD;
[xUnit.net 00:00:00.72]         D:\Desktop\网页设计\Mouse\tests\CrossMacro.Infrastructure.Tests\Services\ProfileManagerTests.cs(254,0): at CrossMacro.Infrastructure.Tests.Services.ProfileManagerTests.InitializeAsync_WhenConfigRootHasSymlinkedAncestor_UsesConfiguredTarget()&#xD;
[xUnit.net 00:00:00.72]         --- End of stack trace from previous location ---&#xD;
[2026-09-12T08:44:29.9486999+00:00] [CrossMacro][Warning] Failed to stop hotkey service&#xD;
System.InvalidOperationException: hotkey stop failed&#xD;
   at CrossMacro.Infrastructure.Services.ProfileRuntimeCoordinator.StopRuntimeServicesAsync() in D:\Desktop\��ҳ���\Mouse\src\CrossMacro.Infrastructure\Services\ProfileRuntimeCoordinator.cs:line 266&#xD;
[2026-09-12T08:44:29.9862603+00:00] [CrossMacro][Warning] Profile switch aborted because the scheduler lifetime is still active after shutdown timeout&#xD;
[xUnit.net 00:00:00.88]   Finished:    CrossMacro.Infrastructure.Tests&#xD;
</StdOut>
    </Output>
    <RunInfos>
      <RunInfo computerName="DESKTOP-QNA3DP1" outcome="Error" timestamp="2026-09-12T16:44:29.9170357+08:00">
        <Text>[xUnit.net 00:00:00.72]     CrossMacro.Infrastructure.Tests.Services.ProfileManagerTests.GetProfileDirectory_WhenProfileDirectoryIsSymlink_RejectsIt [FAIL]</Text>
      </RunInfo>
      <RunInfo computerName="DESKTOP-QNA3DP1" outcome="Error" timestamp="2026-09-12T16:44:29.9193606+08:00">
        <Text>[xUnit.net 00:00:00.72]     CrossMacro.Infrastructure.Tests.Services.ProfileManagerTests.InitializeAsync_WhenConfigRootHasSymlinkedAncestor_UsesConfiguredTarget [FAIL]</Text>
      </RunInfo>
    </RunInfos>
  </ResultSummary>
</TestRun>