<?xml version="1.0" encoding="utf-8"?>
<TestRun id="440ff4b8-8f08-4c9e-8fa5-01d33235e68b" name="W@DESKTOP-QNA3DP1 2026-09-12 16:43:13" runUser="DESKTOP-QNA3DP1\CodexSandboxOffline" xmlns="http://microsoft.com/schemas/VisualStudio/TeamTest/2010">
  <Times creation="2026-09-12T16:43:13.1058156+08:00" queuing="2026-09-12T16:43:13.1058159+08:00" start="2026-09-12T16:43:11.4198320+08:00" finish="2026-09-12T16:43:14.5300494+08:00" />
  <TestSettings name="default" id="c6c2700a-b924-4c03-bd1c-4c2efb41f39e">
    <Deployment runDeploymentRoot="W_DESKTOP-QNA3DP1_2026-09-12_16_43_13" />
  </TestSettings>
  <Results>
    <UnitTestResult executionId="71a125a9-0c7d-4ab7-9959-cac92de60f67" testId="f57661bf-7f8a-b7be-04ba-cd7d01c956eb" testName="CrossMacro.Infrastructure.Tests.Services.RunScriptScreenReadRuntimeTests.PlayAsync_WhenRuntimeMulDivAmountIsInvalid_ThrowsExactMessage(step: &quot;mul x abc&quot;, expectedMessage: &quot;Invalid mul/div amount 'abc'. Expected integer.&quot;)" computerName="DESKTOP-QNA3DP1" duration="00:00:00.0003866" startTime="2026-09-12T16:43:13.3138039+08:00" endTime="2026-09-12T16:43:13.3141206+08:00" testType="13cdc9d9-ddb5-4fa4-a97d-d965ccfc6d4b" outcome="Passed" testListId="8c84fa94-04c1-424b-9868-57a2d4851a1d" relativeResultsDirectory="71a125a9-0c7d-4ab7-9959-cac92de60f67" />
    <UnitTestResult executionId="17301e09-6362-4dc2-b0b7-67371c84d9cb" testId="28b90848-c372-13c3-254f-faf27b2a9b8b" testName="CrossMacro.Infrastructure.Tests.Services.RunScriptCompilerTests.Compile_WhenScreenReadingStepIsMalformed_ReturnsFailure(step: &quot;screenshot output a.png output b.png&quot;, expectedError: &quot;Duplicate screenshot output&quot;)" computerName="DESKTOP-QNA3DP1" duration="00:00:00.0000406" startTime="2026-09-12T16:43:13.1787122+08:00" endTime="2026-09-12T16:43:13.1787576+08:00" testType="13cdc9d9-ddb5-4fa4-a97d-d965ccfc6d4b" outcome="Passed" testListId="8c84fa94-04c1-424b-9868-57a2d4851a1d" relativeResultsDirectory="17301e09-6362-4dc2-b0b7-67371c84d9cb" />
    <UnitTestResult executionId="2da6dd8d-2971-4f4f-a5d4-0dfddd0949e1" testId="7fa50a5f-2242-84d2-207a-3a41c9998583" testName="CrossMacro.Infrastructure.Tests.Services.RunScriptScreenReadRuntimeTests.PlayAsync_WhenRuntimeScriptContainsKeyAction_InitializesSimulatorAndExecutesKey" computerName="DESKTOP-QNA3DP1" duration="00:00:00.0017712" startTime="2026-09-12T16:43:13.9460500+08:00" endTime="2026-09-12T16:43:13.9478949+08:00" testType="13cdc9d9-ddb5-4fa4-a97d-d965ccfc6d4b" outcome="Passed" testListId="8c84fa94-04c1-424b-9868-57a2d4851a1d" relativeResultsDirectory="2da6dd8d-2971-4f4f-a5d4-0dfddd0949e1" />
    <UnitTestResult executionId="0a12e918-0704-47b1-a566-ba8836d85e0e" testId="13840cd6-dcbd-5adf-4662-9d762bfbca29" testName="CrossMacro.Infrastructure.Tests.Services.RunScriptCompilerTests.Compile_WhenTapContainsSingleModifier_EmitsPressAndRelease" computerName="DESKTOP-QNA3DP1" duration="00:00:00.0006943" startTime="2026-09-12T16:43:13.2231846+08:00" endTime="2026-09-12T16:43:13.2238499+08:00" testType="13cdc9d9-ddb5-4fa4-a97d-d965ccfc6d4b" outcome="Passed" testListId="8c84fa94-04c1-424b-9868-57a2d4851a1d" relativeResultsDirectory="0a12e918-0704-47b1-a566-ba8836d85e0e" />
    <UnitTestResult executionId="03e89a4e-2e05-4fe3-bf15-bf78a6991025" testId="a5b0612d-32b1-ed73-78df-8fa33b83d43c" testName="CrossMacro.Infrastructure.Tests.Services.RunScriptScreenReadRuntimeTests.PlayAsync_WhenRuntimeOnlyClipboardDelayAndVariables_DoesNotAcquireSimulator" computerName="DESKTOP-QNA3DP1" duration="00:00:00.0036026" startTime="2026-09-12T16:43:13.4645842+08:00" endTime="2026-09-12T16:43:13.4678752+08:00" testType="13cdc9d9-ddb5-4fa4-a97d-d965ccfc6d4b" outcome="Passed" testListId="8c84fa94-04c1-424b-9868-57a2d4851a1d" relativeResultsDirectory="03e89a4e-2e05-4fe3-bf15-bf78a6991025" />
    <UnitTestResult executionId="d60ef609-d284-48a2-a885-dc48f5ba1f11" testId="6252d173-fefb-059b-4978-5363a954f941" testName="CrossMacro.Infrastructure.Tests.Services.RunScriptScreenReadRuntimeTests.PlayAsync_WhenPixelSearchHasFoundVariable_ReturnsCanceled_StopsCleanly" computerName="DESKTOP-QNA3DP1" duration="00:00:00.0019415" startTime="2026-09-12T16:43:13.9284048+08:00" endTime="2026-09-12T16:43:13.9303976+08:00" testType="13cdc9d9-ddb5-4fa4-a97d-d965ccfc6d4b" outcome="Passed" testListId="8c84fa94-04c1-424b-9868-57a2d4851a1d" relativeResultsDirectory="d60ef609-d284-48a2-a885-dc48f5ba1f11" />
    <UnitTestResult executionId="9aa0bc4d-54e7-491d-823c-2265f7e32212" testId="336af5ac-08ec-d0c5-fc6d-0f31e46fefaf" testName="CrossMacro.Infrastructure.Tests.Services.RunScriptCompilerTests.Compile_WhenSetUsesEscapedDollarLiteral_PreservesLiteralTextInCondition" computerName="DESKTOP-QNA3DP1" duration="00:00:00.0821310" startTime="2026-09-12T16:43:13.0431630+08:00" endTime="2026-09-12T16:43:13.1265003+08:00" testType="13cdc9d9-ddb5-4fa4-a97d-d965ccfc6d4b" outcome="Passed" testListId="8c84fa94-04c1-424b-9868-57a2d4851a1d" relativeResultsDirectory="9aa0bc4d-54e7-491d-823c-2265f7e32212" />
    <UnitTestResult executionId="4bf89723-d40e-4bd5-a401-a61b97efe388" testId="53ebd8be-bba9-0a5e-66b9-55092e72f6b1" testName="CrossMacro.Infrastructure.Tests.Services.RunScriptCompilerTests.Compile_WhenScreenReadingStepIsMalformed_ReturnsFailure(step: &quot;screenshot clipboard clipboard&quot;, expectedError: &quot;Duplicate screenshot clipboard&quot;)" computerName="DESKTOP-QNA3DP1" duration="00:00:00.0000432" startTime="2026-09-12T16:43:13.1781501+08:00" endTime="2026-09-12T16:43:13.1781723+08:00" testType="13cdc9d9-ddb5-4fa4-a97d-d965ccfc6d4b" outcome="Passed" testListId="8c84fa94-04c1-424b-9868-57a2d4851a1d" relativeResultsDirectory="4bf89723-d40e-4bd5-a401-a61b97efe388" />
    <UnitTestResult executionId="0fd8512b-d07d-48aa-b736-84288c870d1f" testId="98fa0bad-8768-88ef-dd93-123f8ef3f290" testName="CrossMacro.Infrastructure.Tests.Services.RunScriptCompilerTests.Compile_WhenRuntimeScriptStepIsWellFormed_PreservesScriptStep(step: &quot;pixelcolor 1 2&quot;)" computerName="DESKTOP-QNA3DP1" duration="00:00:00.0000592" startTime="2026-09-12T16:43:13.1580370+08:00" endTime="2026-09-12T16:43:13.1580591+08:00" testType="13cdc9d9-ddb5-4fa4-a97d-d965ccfc6d4b" outcome="Passed" testListId="8c84fa94-04c1-424b-9868-57a2d4851a1d" relativeResultsDirectory="0fd8512b-d07d-48aa-b736-84288c870d1f" />
    <UnitTestResult executionId="c85fbd3d-ef63-492d-a0ed-dc182f7f74c2" testId="4f0beaf8-f557-e160-54f8-abb3ab2d24e1" testName="CrossMacro.Infrastructure.Tests.Services.RunScriptScreenReadRuntimeTests.PlayAsync_WhenPixelSearchCoordinatesFeedAbsoluteMove_ClicksTheMatch" computerName="DESKTOP-QNA3DP1" duration="00:00:00.0019542" startTime="2026-09-12T16:43:13.9440230+08:00" endTime="2026-09-12T16:43:13.9459195+08:00" testType="13cdc9d9-ddb5-4fa4-a97d-d965ccfc6d4b" outcome="Passed" testListId="8c84fa94-04c1-424b-9868-57a2d4851a1d" relativeResultsDirectory="c85fbd3d-ef63-492d-a0ed-dc182f7f74c2" />
    <UnitTestResult executionId="aa519e95-136f-4a54-b5d5-9ffe4860619b" testId="631a6f95-6b21-603a-2ff6-dac21102e384" testName="CrossMacro.Infrastructure.Tests.Services.RunScriptScreenReadRuntimeTests.PlayAsync_WhenImageSearchImageAssetExceedsSupportedDimensions_ThrowsStepNumberedFailure" computerName="DESKTOP-QNA3DP1" duration="00:00:00.0018258" startTime="2026-09-12T16:43:13.5837480+08:00" endTime="2026-09-12T16:43:13.5854997+08:00" testType="13cdc9d9-ddb5-4fa4-a97d-d965ccfc6d4b" outcome="Passed" testListId="8c84fa94-04c1-424b-9868-57a2d4851a1d" relativeResultsDirectory="aa519e95-136f-4a54-b5d5-9ffe4860619b" />
    <UnitTestResult executionId="135ab23b-18d0-409a-b983-c388883039a3" testId="b44d87c5-93e4-dc67-448e-02ea9f0fc8f7" testName="CrossMacro.Infrastructure.Tests.Services.RunScriptCompilerTests.Compile_WhenRuntimeScriptStepIsWellFormed_PreservesScriptStep(step: &quot;imagesearch TargetImage found found_x found_y&quot;)" computerName="DESKTOP-QNA3DP1" duration="00:00:00.0001702" startTime="2026-09-12T16:43:13.1390369+08:00" endTime="2026-09-12T16:43:13.1411702+08:00" testType="13cdc9d9-ddb5-4fa4-a97d-d965ccfc6d4b" outcome="Passed" testListId="8c84fa94-04c1-424b-9868-57a2d4851a1d" relativeResultsDirectory="135ab23b-18d0-409a-b983-c388883039a3" />
    <UnitTestResult executionId="52f94fb9-8933-46e3-bb7e-e12ff27a2063" testId="28618358-2e08-1cb4-f586-1d8f9bc4ff03" testName="CrossMacro.Infrastructure.Tests.Services.RunScriptCompilerTests.Compile_WhenRepeatCountIsSpacelessArithmetic_ExpandsEvaluatedCount" computerName="DESKTOP-QNA3DP1" duration="00:00:00.0005383" startTime="2026-09-12T16:43:13.2587610+08:00" endTime="2026-09-12T16:43:13.2592720+08:00" testType="13cdc9d9-ddb5-4fa4-a97d-d965ccfc6d4b" outcome="Passed" testListId="8c84fa94-04c1-424b-9868-57a2d4851a1d" relativeResultsDirectory="52f94fb9-8933-46e3-bb7e-e12ff27a2063" />
    <UnitTestResult executionId="465fdad2-7753-4de4-bb73-dff66c0482a5" testId="13d6bf10-4953-b66b-f793-a28bc6114985" testName="CrossMacro.Infrastructure.Tests.Services.RunScriptCompilerTests.Compile_WhenRuntimeScreenStepFeedsVariableMove_AllowsCoordinateModes(mode: &quot;rel-raw&quot;)" computerName="DESKTOP-QNA3DP1" duration="00:00:00.0001154" startTime="2026-09-12T16:43:13.2024699+08:00" endTime="2026-09-12T16:43:13.2026333+08:00" testType="13cdc9d9-ddb5-4fa4-a97d-d965ccfc6d4b" outcome="Passed" testListId="8c84fa94-04c1-424b-9868-57a2d4851a1d" relativeResultsDirectory="465fdad2-7753-4de4-bb73-dff66c0482a5" />
    <UnitTestResult executionId="a02cdaa3-74bb-4adf-966a-ed2ccc79b870" testId="8ec5b26e-fb59-52ba-7bf8-57cbd45627fb" testName="CrossMacro.Infrastructure.Tests.Services.RunScriptCompilerTests.Compile_WhenMulOverflowsIntRange_ReturnsOutOfRangeFailure" computerName="DESKTOP-QNA3DP1" duration="00:00:00.0001985" startTime="2026-09-12T16:43:13.2585520+08:00" endTime="2026-09-12T16:43:13.2586982+08:00" testType="13cdc9d9-ddb5-4fa4-a97d-d965ccfc6d4b" outcome="Passed" testListId="8c84fa94-04c1-424b-9868-57a2d4851a1d" relativeResultsDirectory="a02cdaa3-74bb-4adf-966a-ed2ccc79b870" />
    <UnitTestResult executionId="cef208e3-e3f0-4e3d-b2ba-e963c5f8788a" testId="9ccc6adc-6fc6-0144-04cd-9b09c070aaf5" testName="CrossMacro.Infrastructure.Tests.Services.RunScriptCompilerTests.Compile_WhenRuntimeScriptStepIsWellFormed_PreservesScriptStep(step: &quot;pixelsearch 0 0 10 10 123456 tolerance 10&quot;)" computerName="DESKTOP-QNA3DP1" duration="00:00:00.0001524" startTime="2026-09-12T16:43:13.1376358+08:00" endTime="2026-09-12T16:43:13.1376659+08:00" testType="13cdc9d9-ddb5-4fa4-a97d-d965ccfc6d4b" outcome="Passed" testListId="8c84fa94-04c1-424b-9868-57a2d4851a1d" relativeResultsDirectory="cef208e3-e3f0-4e3d-b2ba-e963c5f8788a" />
    <UnitTestResult executionId="fa191771-cf14-4f85-bede-6cb6d5a66810" testId="5b0f0c43-8217-d39b-93f7-ff1de2c7aa5d" testName="CrossMacro.Infrastructure.Tests.Services.RunScriptScreenReadRuntimeTests.PlayAsync_WhenPixelSearchHasFoundVariable_InfrastructureFailuresThrowAndStop(errorKind: PermissionDenied, errorMessage: &quot;pixelsearch permission denied&quot;)" computerName="DESKTOP-QNA3DP1" duration="00:00:00.0037567" startTime="2026-09-12T16:43:13.6081718+08:00" endTime="2026-09-12T16:43:13.6118780+08:00" testType="13cdc9d9-ddb5-4fa4-a97d-d965ccfc6d4b" outcome="Passed" testListId="8c84fa94-04c1-424b-9868-57a2d4851a1d" relativeResultsDirectory="fa191771-cf14-4f85-bede-6cb6d5a66810" />
    <UnitTestResult executionId="56a7a18f-f0bd-4ef4-8f78-53bda8632842" testId="3e20dc33-2ea5-75ee-19a6-6738efec4c85" testName="CrossMacro.Infrastructure.Tests.Services.RunScriptScreenReadRuntimeTests.PlayAsync_WhenWaitImageIsCanceledBeforeTimeout_PropagatesCancellation" computerName="DESKTOP-QNA3DP1" duration="00:00:00.0029682" startTime="2026-09-12T16:43:14.4712438+08:00" endTime="2026-09-12T16:43:14.4737584+08:00" testType="13cdc9d9-ddb5-4fa4-a97d-d965ccfc6d4b" outcome="Passed" testListId="8c84fa94-04c1-424b-9868-57a2d4851a1d" relativeResultsDirectory="56a7a18f-f0bd-4ef4-8f78-53bda8632842" />
    <UnitTestResult executionId="f872cab4-2dbf-4519-81d8-20ff4ec5d674" testId="d099ed31-21b7-ccd3-c063-55130bb5838c" testName="CrossMacro.Infrastructure.Tests.Services.RunScriptCompilerTests.Compile_WhenTypeControlKeyCannotBeMapped_PreservesExactDiagnosticWithoutParameterSuffix" computerName="DESKTOP-QNA3DP1" duration="00:00:00.0004743" startTime="2026-09-12T16:43:13.2573708+08:00" endTime="2026-09-12T16:43:13.2577322+08:00" testType="13cdc9d9-ddb5-4fa4-a97d-d965ccfc6d4b" outcome="Passed" testListId="8c84fa94-04c1-424b-9868-57a2d4851a1d" relativeResultsDirectory="f872cab4-2dbf-4519-81d8-20ff4ec5d674" />
    <UnitTestResult executionId="3cb74322-c178-4002-8255-93b8d6a320f8" testId="e7bd3a36-16bf-046b-0e2f-cbbbc7442b30" testName="CrossMacro.Infrastructure.Tests.Services.RunScriptScreenReadRuntimeTests.SearchPixelAsync_WhenCapturedRegionHasOnlyInvalidMaskedPixels_ReturnsOutOfBounds" computerName="DESKTOP-QNA3DP1" duration="00:00:00.0008255" startTime="2026-09-12T16:43:14.3893565+08:00" endTime="2026-09-12T16:43:14.3894294+08:00" testType="13cdc9d9-ddb5-4fa4-a97d-d965ccfc6d4b" outcome="Passed" testListId="8c84fa94-04c1-424b-9868-57a2d4851a1d" relativeResultsDirectory="3cb74322-c178-4002-8255-93b8d6a320f8" />
    <UnitTestResult executionId="6115216d-ddd2-407b-bd54-7638dbfd3693" testId="00ff62ca-f3c3-d9d1-5f06-370fb5670463" testName="CrossMacro.Infrastructure.Tests.Services.RunScriptCompilerTests.Compile_WhenScreenReadingStepIsMalformed_ReturnsFailure(step: &quot;pixelsearch 0 0 10 10 123456 tolerance -1&quot;, expectedError: &quot;Invalid pixelsearch tolerance&quot;)" computerName="DESKTOP-QNA3DP1" duration="00:00:00.0001336" startTime="2026-09-12T16:43:13.1807431+08:00" endTime="2026-09-12T16:43:13.1809092+08:00" testType="13cdc9d9-ddb5-4fa4-a97d-d965ccfc6d4b" outcome="Passed" testListId="8c84fa94-04c1-424b-9868-57a2d4851a1d" relativeResultsDirectory="6115216d-ddd2-407b-bd54-7638dbfd3693" />
    <UnitTestResult executionId="2851c166-bb76-4d57-a370-7bcd97627e15" testId="023c4db6-af53-e85a-57d4-7057ae0b1f06" testName="CrossMacro.Infrastructure.Tests.Services.RunScriptCompilerTests.Compile_WhenUnquotedShellCommandEndsWithNumericToken_ReturnsAmbiguityFailure" computerName="DESKTOP-QNA3DP1" duration="00:00:00.0004619" startTime="2026-09-12T16:43:13.2477274+08:00" endTime="2026-09-12T16:43:13.2480763+08:00" testType="13cdc9d9-ddb5-4fa4-a97d-d965ccfc6d4b" outcome="Passed" testListId="8c84fa94-04c1-424b-9868-57a2d4851a1d" relativeResultsDirectory="2851c166-bb76-4d57-a370-7bcd97627e15" />
    <UnitTestResult executionId="22859387-42da-4d37-9d6f-2b07b5016eb2" testId="018202d9-223c-e71e-50d9-34b2864ffd52" testName="CrossMacro.Infrastructure.Tests.Services.RunScriptScreenReadRuntimeTests.PlayAsync_WhenRuntimeDelayUsesVariable_PreservesScaledTiming" computerName="DESKTOP-QNA3DP1" duration="00:00:00.0035947" startTime="2026-09-12T16:43:14.3651473+08:00" endTime="2026-09-12T16:43:14.3685573+08:00" testType="13cdc9d9-ddb5-4fa4-a97d-d965ccfc6d4b" outcome="Passed" testListId="8c84fa94-04c1-424b-9868-57a2d4851a1d" relativeResultsDirectory="22859387-42da-4d37-9d6f-2b07b5016eb2" />
    <UnitTestResult executionId="98d66b5d-1386-4dc8-a906-3bdc0501d3b8" testId="60ccd590-fd44-f7dd-8374-12d4b3540258" testName="CrossMacro.Infrastructure.Tests.Services.RunScriptCompilerTests.Compile_WhenColorConditionUsesDifferentHexCasing_ExecutesMatchingBranch" computerName="DESKTOP-QNA3DP1" duration="00:00:00.0008089" startTime="2026-09-12T16:43:13.2109497+08:00" endTime="2026-09-12T16:43:13.2116343+08:00" testType="13cdc9d9-ddb5-4fa4-a97d-d965ccfc6d4b" outcome="Passed" testListId="8c84fa94-04c1-424b-9868-57a2d4851a1d" relativeResultsDirectory="98d66b5d-1386-4dc8-a906-3bdc0501d3b8" />
    <UnitTestResult executionId="83e50459-9003-401e-a00a-c7171f174f85" testId="77c2fb10-9a22-4aa5-6730-a19bf0184556" testName="CrossMacro.Infrastructure.Tests.Services.RunScriptScreenReadRuntimeTests.PlayAsync_WhenRuntimeMulDivSyntaxIsInvalid_ThrowsUnsupportedStepFromValidation(step: &quot;div x 1 1&quot;)" computerName="DESKTOP-QNA3DP1" duration="00:00:00.0022467" startTime="2026-09-12T16:43:13.5202578+08:00" endTime="2026-09-12T16:43:13.5224167+08:00" testType="13cdc9d9-ddb5-4fa4-a97d-d965ccfc6d4b" outcome="Passed" testListId="8c84fa94-04c1-424b-9868-57a2d4851a1d" relativeResultsDirectory="83e50459-9003-401e-a00a-c7171f174f85" />
    <UnitTestResult executionId="7a12cbc1-337a-45bf-915c-434fb4ff4c10" testId="f23a4870-3b00-cf98-9dd0-226dc2b3ad45" testName="CrossMacro.Infrastructure.Tests.Services.RunScriptCompilerTests.Compile_WhenScreenReadingStepIsMalformed_ReturnsFailure(step: &quot;imagesearch TargetImage found 1bad found_y&quot;, expectedError: &quot;Invalid variable name&quot;)" computerName="DESKTOP-QNA3DP1" duration="00:00:00.0000505" startTime="2026-09-12T16:43:13.1633381+08:00" endTime="2026-09-12T16:43:13.1633676+08:00" testType="13cdc9d9-ddb5-4fa4-a97d-d965ccfc6d4b" outcome="Passed" testListId="8c84fa94-04c1-424b-9868-57a2d4851a1d" relativeResultsDirectory="7a12cbc1-337a-45bf-915c-434fb4ff4c10" />
    <UnitTestResult executionId="5f3e01f7-ad8c-4dfe-8c95-3899a51a4aed" testId="8de5f98d-1828-dc67-7d37-d66ce43f34ee" testName="CrossMacro.Infrastructure.Tests.Services.RunScriptScreenReadRuntimeTests.PlayAsync_WhenImageSearchUsesExplicitMatchMode_ForwardsSelectionMode(modeToken: &quot;best&quot;, expectedMode: BestMatch)" computerName="DESKTOP-QNA3DP1" duration="00:00:00.0028646" startTime="2026-09-12T16:43:13.4101215+08:00" endTime="2026-09-12T16:43:13.4133889+08:00" testType="13cdc9d9-ddb5-4fa4-a97d-d965ccfc6d4b" outcome="Passed" testListId="8c84fa94-04c1-424b-9868-57a2d4851a1d" relativeResultsDirectory="5f3e01f7-ad8c-4dfe-8c95-3899a51a4aed" />
    <UnitTestResult executionId="4c76e7d8-2296-4b8d-8303-31a66cb05957" testId="298583f6-f0a4-68ed-37f8-2a9b066175f2" testName="CrossMacro.Infrastructure.Tests.Services.RunScriptCompilerTests.Compile_WhenShellNumericOptionsAreInvalid_ReturnsFailure(step: &quot;shell \&quot;echo ok\&quot; 0 0 -1&quot;, expected: &quot;Invalid timeout_ms&quot;)" computerName="DESKTOP-QNA3DP1" duration="00:00:00.0000574" startTime="2026-09-12T16:43:13.2104722+08:00" endTime="2026-09-12T16:43:13.2104915+08:00" testType="13cdc9d9-ddb5-4fa4-a97d-d965ccfc6d4b" outcome="Passed" testListId="8c84fa94-04c1-424b-9868-57a2d4851a1d" relativeResultsDirectory="4c76e7d8-2296-4b8d-8303-31a66cb05957" />
    <UnitTestResult executionId="a7555dc5-582a-4aee-9eb8-c726921fdf22" testId="ba7eb8bb-840a-429b-3e45-64f205ea799d" testName="CrossMacro.Infrastructure.Tests.Services.RunScriptCompilerTests.Compile_WhenScreenReadingStepIsMalformed_ReturnsFailure(step: &quot;imageclick TargetImage button left button right&quot;, expectedError: &quot;Invalid imageclick button&quot;)" computerName="DESKTOP-QNA3DP1" duration="00:00:00.0000446" startTime="2026-09-12T16:43:13.1790929+08:00" endTime="2026-09-12T16:43:13.1791128+08:00" testType="13cdc9d9-ddb5-4fa4-a97d-d965ccfc6d4b" outcome="Passed" testListId="8c84fa94-04c1-424b-9868-57a2d4851a1d" relativeResultsDirectory="a7555dc5-582a-4aee-9eb8-c726921fdf22" />
    <UnitTestResult executionId="4d111c7d-7672-4669-9a25-6386f13e4009" testId="dc43a02d-43ab-e096-66ef-b03094ed4f34" testName="CrossMacro.Infrastructure.Tests.Services.RunScriptCompilerTests.Compile_WhenDivByZeroThroughVariable_ReturnsCanonicalFailure" computerName="DESKTOP-QNA3DP1" duration="00:00:00.0002345" startTime="2026-09-12T16:43:13.2599808+08:00" endTime="2026-09-12T16:43:13.2601698+08:00" testType="13cdc9d9-ddb5-4fa4-a97d-d965ccfc6d4b" outcome="Passed" testListId="8c84fa94-04c1-424b-9868-57a2d4851a1d" relativeResultsDirectory="4d111c7d-7672-4669-9a25-6386f13e4009" />
    <UnitTestResult executionId="d1ab6fc7-3126-4e20-80d2-5a21e23fc66a" testId="8def8dbb-1f21-3032-c4ed-4c5349df929d" testName="CrossMacro.Infrastructure.Tests.Services.RunScriptCompilerTests.Compile_WhenScreenReadingStepIsMalformed_ReturnsFailure(step: &quot;pixelsearch 0 0 10 10 123456 poll 0&quot;, expectedError: &quot;Unknown pixelsearch option&quot;)" computerName="DESKTOP-QNA3DP1" duration="00:00:00.0000523" startTime="2026-09-12T16:43:13.1779705+08:00" endTime="2026-09-12T16:43:13.1779921+08:00" testType="13cdc9d9-ddb5-4fa4-a97d-d965ccfc6d4b" outcome="Passed" testListId="8c84fa94-04c1-424b-9868-57a2d4851a1d" relativeResultsDirectory="d1ab6fc7-3126-4e20-80d2-5a21e23fc66a" />
    <UnitTestResult executionId="4bb8118d-1515-4aef-bad4-12aaf6a638e6" testId="31a1058e-b3ad-c089-11c0-58c75de0abf8" testName="CrossMacro.Infrastructure.Tests.Services.RunScriptScreenReadRuntimeTests.PlayAsync_WhenWaitColorUsesVariableTargetColor_PassesSampledColorToScreenReader" computerName="DESKTOP-QNA3DP1" duration="00:00:00.0019348" startTime="2026-09-12T16:43:13.9228473+08:00" endTime="2026-09-12T16:43:13.9246962+08:00" testType="13cdc9d9-ddb5-4fa4-a97d-d965ccfc6d4b" outcome="Passed" testListId="8c84fa94-04c1-424b-9868-57a2d4851a1d" relativeResultsDirectory="4bb8118d-1515-4aef-bad4-12aaf6a638e6" />
    <UnitTestResult executionId="0b596117-c2bd-4575-b45e-cd7989500d25" testId="6c84e51b-7d1d-0105-daaf-55db2c58b248" testName="CrossMacro.Infrastructure.Tests.Services.RunScriptCompilerTests.Compile_WhenRuntimeScriptStepIsWellFormed_PreservesScriptStep(step: &quot;pixelcolor rel 1 2 underCursor&quot;)" computerName="DESKTOP-QNA3DP1" duration="00:00:00.0001076" startTime="2026-09-12T16:43:13.1544157+08:00" endTime="2026-09-12T16:43:13.1544930+08:00" testType="13cdc9d9-ddb5-4fa4-a97d-d965ccfc6d4b" outcome="Passed" testListId="8c84fa94-04c1-424b-9868-57a2d4851a1d" relativeResultsDirectory="0b596117-c2bd-4575-b45e-cd7989500d25" />
    <UnitTestResult executionId="0dd3cbff-44e5-45d7-993d-408e1502afda" testId="2fc9fe9c-eb09-b21c-22b1-aec2e8dbad69" testName="CrossMacro.Infrastructure.Tests.Services.RunScriptCompilerTests.Compile_WhenImageActionCommandIsWellFormed_PreservesScriptStep(step: &quot;imageclick 0 0 100 100 Target button right similar&quot;···)" computerName="DESKTOP-QNA3DP1" duration="00:00:00.0000909" startTime="2026-09-12T16:43:13.1621073+08:00" endTime="2026-09-12T16:43:13.1621326+08:00" testType="13cdc9d9-ddb5-4fa4-a97d-d965ccfc6d4b" outcome="Passed" testListId="8c84fa94-04c1-424b-9868-57a2d4851a1d" relativeResultsDirectory="0dd3cbff-44e5-45d7-993d-408e1502afda" />
    <UnitTestResult executionId="493fcc62-b216-4639-a56c-20d9c6b81d56" testId="a78ebca5-e935-8a2a-64aa-42c574877a18" testName="CrossMacro.Infrastructure.Tests.Services.RunScriptCompilerTests.Compile_WhenScreenReadingStepIsMalformed_ReturnsFailure(step: &quot;screenshot&quot;, expectedError: &quot;at least one destination&quot;)" computerName="DESKTOP-QNA3DP1" duration="00:00:00.0000416" startTime="2026-09-12T16:43:13.1835402+08:00" endTime="2026-09-12T16:43:13.1835606+08:00" testType="13cdc9d9-ddb5-4fa4-a97d-d965ccfc6d4b" outcome="Passed" testListId="8c84fa94-04c1-424b-9868-57a2d4851a1d" relativeResultsDirectory="493fcc62-b216-4639-a56c-20d9c6b81d56" />
    <UnitTestResult executionId="1a6e7263-af3b-4adc-a11a-b0da5dbd6f4b" testId="6029237d-eac7-686d-0d9d-81d3586a4342" testName="CrossMacro.Infrastructure.Tests.Services.RunScriptScreenReadingWhitespaceTests.TryParseCommand_WithMixedUnicodeWhitespace_UsesTheSameTokensAsValidation(step: &quot;imagesearch\tTarget\r\nfound x y similarity 0.9&quot;, expectedParts: [&quot;imagesearch&quot;, &quot;Target&quot;, &quot;found&quot;, &quot;x&quot;, &quot;y&quot;, ···])" computerName="DESKTOP-QNA3DP1" duration="00:00:00.0008074" startTime="2026-09-12T16:43:13.0747792+08:00" endTime="2026-09-12T16:43:13.0749571+08:00" testType="13cdc9d9-ddb5-4fa4-a97d-d965ccfc6d4b" outcome="Passed" testListId="8c84fa94-04c1-424b-9868-57a2d4851a1d" relativeResultsDirectory="1a6e7263-af3b-4adc-a11a-b0da5dbd6f4b" />
    <UnitTestResult executionId="2ceb1089-76a6-4d2c-93f0-7779271a2c50" testId="8cde9113-2ce1-8a38-86a5-2eb3ab35438d" testName="CrossMacro.Infrastructure.Tests.Services.RunScriptCompilerTests.Compile_WhenScreenReadingStepIsMalformed_ReturnsFailure(step: &quot;screenshot unknown&quot;, expectedError: &quot;Unknown screenshot token 'unknown'&quot;)" computerName="DESKTOP-QNA3DP1" duration="00:00:00.0000800" startTime="2026-09-12T16:43:13.1809742+08:00" endTime="2026-09-12T16:43:13.1809987+08:00" testType="13cdc9d9-ddb5-4fa4-a97d-d965ccfc6d4b" outcome="Passed" testListId="8c84fa94-04c1-424b-9868-57a2d4851a1d" relativeResultsDirectory="2ceb1089-76a6-4d2c-93f0-7779271a2c50" />
    <UnitTestResult executionId="57f1e316-ac8b-4ecf-9ae5-1d60fa3c241b" testId="b09f07be-87a3-a023-0f0d-69615ced5c80" testName="CrossMacro.Infrastructure.Tests.Services.RunScriptCompilerTests.Compile_WhenRuntimeScriptStepIsWellFormed_PreservesScriptStep(step: &quot;pixelsearch 0 0 10 10 123456 found found_x found_y&quot;···)" computerName="DESKTOP-QNA3DP1" duration="00:00:00.0001258" startTime="2026-09-12T16:43:13.1542669+08:00" endTime="2026-09-12T16:43:13.1543571+08:00" testType="13cdc9d9-ddb5-4fa4-a97d-d965ccfc6d4b" outcome="Passed" testListId="8c84fa94-04c1-424b-9868-57a2d4851a1d" relativeResultsDirectory="57f1e316-ac8b-4ecf-9ae5-1d60fa3c241b" />
    <UnitTestResult executionId="21539757-3a1d-4da5-a26c-dfb19e68d91d" testId="001f51a6-ea2a-0038-7f58-66654238d1c8" testName="CrossMacro.Infrastructure.Tests.Services.RunScriptScreenReadRuntimeTests.SearchPixelAsync_WithDefaultOptions_RepeatsUntilMatch" computerName="DESKTOP-QNA3DP1" duration="00:00:00.0664443" startTime="2026-09-12T16:43:13.3330292+08:00" endTime="2026-09-12T16:43:13.3996438+08:00" testType="13cdc9d9-ddb5-4fa4-a97d-d965ccfc6d4b" outcome="Passed" testListId="8c84fa94-04c1-424b-9868-57a2d4851a1d" relativeResultsDirectory="21539757-3a1d-4da5-a26c-dfb19e68d91d" />
    <UnitTestResult executionId="abffb0d9-102d-495b-ad94-d239900f3513" testId="be36fb01-84ee-f257-32e5-16afa0302960" testName="CrossMacro.Infrastructure.Tests.Services.RunScriptScreenReadRuntimeTests.PlayAsync_WhenWaitColorTimesOut_ThrowsRuntimeFailure" computerName="DESKTOP-QNA3DP1" duration="00:00:00.0024162" startTime="2026-09-12T16:43:13.9203020+08:00" endTime="2026-09-12T16:43:13.9227008+08:00" testType="13cdc9d9-ddb5-4fa4-a97d-d965ccfc6d4b" outcome="Passed" testListId="8c84fa94-04c1-424b-9868-57a2d4851a1d" relativeResultsDirectory="abffb0d9-102d-495b-ad94-d239900f3513" />
    <UnitTestResult executionId="de4948ca-9d22-40ac-a085-bf88ef2fc086" testId="fd8ec7b9-ca4d-00aa-bca7-082bb88dae29" testName="CrossMacro.Infrastructure.Tests.Services.RunScriptCompilerTests.Compile_WhenImageActionCommandIsWellFormed_PreservesScriptStep(step: &quot;waitimage Target timeout 5000&quot;)" computerName="DESKTOP-QNA3DP1" duration="00:00:00.0014506" startTime="2026-09-12T16:43:13.1621743+08:00" endTime="2026-09-12T16:43:13.1621988+08:00" testType="13cdc9d9-ddb5-4fa4-a97d-d965ccfc6d4b" outcome="Passed" testListId="8c84fa94-04c1-424b-9868-57a2d4851a1d" relativeResultsDirectory="de4948ca-9d22-40ac-a085-bf88ef2fc086" />
    <UnitTestResult executionId="8f8b239c-1129-4e94-9e18-0828856ed896" testId="6318122b-0b99-bffc-0d5c-7dd4f7ae2b19" testName="CrossMacro.Infrastructure.Tests.Services.RunScriptCompilerTests.Compile_WhenMulDivUsed_ExpandsToExpectedValue(step: &quot;div x 5&quot;, expectedX: 1)" computerName="DESKTOP-QNA3DP1" duration="00:00:00.0003391" startTime="2026-09-12T16:43:13.1967369+08:00" endTime="2026-09-12T16:43:13.1970560+08:00" testType="13cdc9d9-ddb5-4fa4-a97d-d965ccfc6d4b" outcome="Passed" testListId="8c84fa94-04c1-424b-9868-57a2d4851a1d" relativeResultsDirectory="8f8b239c-1129-4e94-9e18-0828856ed896" />
    <UnitTestResult executionId="b3cbd0a9-4aa3-4772-89f6-0dd321d8ea5a" testId="4aeda9f2-7189-0499-74fe-ec49365f7b51" testName="CrossMacro.Infrastructure.Tests.Services.RunScriptScreenReadRuntimeTests.PlayAsync_WhenWaitColorHasResultVariable_InfrastructureFailuresThrowAndStop(errorKind: Unsupported, errorMessage: &quot;waitcolor unsupported&quot;)" computerName="DESKTOP-QNA3DP1" duration="00:00:00.0008973" startTime="2026-09-12T16:43:13.5657139+08:00" endTime="2026-09-12T16:43:13.5657535+08:00" testType="13cdc9d9-ddb5-4fa4-a97d-d965ccfc6d4b" outcome="Passed" testListId="8c84fa94-04c1-424b-9868-57a2d4851a1d" relativeResultsDirectory="b3cbd0a9-4aa3-4772-89f6-0dd321d8ea5a" />
    <UnitTestResult executionId="e02f90b5-40c4-4499-b29f-8e766cd53f07" testId="ac1109b9-c9db-6577-c086-d0fce64795a9" testName="CrossMacro.Infrastructure.Tests.Services.RunScriptCompilerTests.Compile_WhenRuntimeScriptStepIsWellFormed_PreservesScriptStep(step: &quot;imagesearch TargetImage similarity 1&quot;)" computerName="DESKTOP-QNA3DP1" duration="00:00:00.0000922" startTime="2026-09-12T16:43:13.1377086+08:00" endTime="2026-09-12T16:43:13.1377363+08:00" testType="13cdc9d9-ddb5-4fa4-a97d-d965ccfc6d4b" outcome="Passed" testListId="8c84fa94-04c1-424b-9868-57a2d4851a1d" relativeResultsDirectory="e02f90b5-40c4-4499-b29f-8e766cd53f07" />
    <UnitTestResult executionId="aac6a36f-6a90-403b-a9a2-e3db812a36a2" testId="cc30f295-d6b6-573c-cc82-b5ddf26bde66" testName="CrossMacro.Infrastructure.Tests.Services.RunScriptCompilerTests.Compile_WhenShellNumericOptionsAreInvalid_ReturnsFailure(step: &quot;shell \&quot;echo ok\&quot;1&quot;, expected: &quot;Syntax: shell&quot;)" computerName="DESKTOP-QNA3DP1" duration="00:00:00.0000390" startTime="2026-09-12T16:43:13.2103962+08:00" endTime="2026-09-12T16:43:13.2104277+08:00" testType="13cdc9d9-ddb5-4fa4-a97d-d965ccfc6d4b" outcome="Passed" testListId="8c84fa94-04c1-424b-9868-57a2d4851a1d" relativeResultsDirectory="aac6a36f-6a90-403b-a9a2-e3db812a36a2" />
    <UnitTestResult executionId="888c7490-eb08-4b68-8c3b-13ab9f731995" testId="918e846f-fbb8-ff34-495d-d4d7b8a5714b" testName="CrossMacro.Infrastructure.Tests.Services.RunScriptCompilerTests.Compile_WhenImageActionCommandIsWellFormed_PreservesScriptStep(step: &quot;waitimage 0 0 100 100 Target found x y timeout 500&quot;···)" computerName="DESKTOP-QNA3DP1" duration="00:00:00.0014464" startTime="2026-09-12T16:43:13.1583960+08:00" endTime="2026-09-12T16:43:13.1599105+08:00" testType="13cdc9d9-ddb5-4fa4-a97d-d965ccfc6d4b" outcome="Passed" testListId="8c84fa94-04c1-424b-9868-57a2d4851a1d" relativeResultsDirectory="888c7490-eb08-4b68-8c3b-13ab9f731995" />
    <UnitTestResult executionId="11ac69a9-1e4c-4b26-81a7-9c2326e2cdbd" testId="d0cd9730-fff7-9ed4-fe21-321aeba95fb1" testName="CrossMacro.Infrastructure.Tests.Services.RunScriptCompilerTests.Compile_WhenRuntimeScriptStepIsWellFormed_PreservesScriptStep(step: &quot;imagesearch TargetImage&quot;)" computerName="DESKTOP-QNA3DP1" duration="00:00:00.0000966" startTime="2026-09-12T16:43:13.1550245+08:00" endTime="2026-09-12T16:43:13.1578399+08:00" testType="13cdc9d9-ddb5-4fa4-a97d-d965ccfc6d4b" outcome="Passed" testListId="8c84fa94-04c1-424b-9868-57a2d4851a1d" relativeResultsDirectory="11ac69a9-1e4c-4b26-81a7-9c2326e2cdbd" />
    <UnitTestResult executionId="6554731a-729e-405c-b405-be9fb8fe5f7d" testId="e0b390dd-26a9-6910-a893-1bcc0dbb6daf" testName="CrossMacro.Infrastructure.Tests.Services.RunScriptScreenReadRuntimeTests.PlayAsync_WhenImageSearchDoesNotFindTemplate_StoresFalseAndNegativeCoordinates" computerName="DESKTOP-QNA3DP1" duration="00:00:00.0013692" startTime="2026-09-12T16:43:13.9248206+08:00" endTime="2026-09-12T16:43:13.9261046+08:00" testType="13cdc9d9-ddb5-4fa4-a97d-d965ccfc6d4b" outcome="Passed" testListId="8c84fa94-04c1-424b-9868-57a2d4851a1d" relativeResultsDirectory="6554731a-729e-405c-b405-be9fb8fe5f7d" />
    <UnitTestResult executionId="8e3ebb73-b26e-4c6c-b450-a39fa0827df9" testId="59ff5bee-0cf6-ed71-4e6c-9d88692d8517" testName="CrossMacro.Infrastructure.Tests.Services.RunScriptCompilerTests.Compile_WhenStaticSyntaxIsInvalid_PreservesExactDiagnosticWithoutParameterSuffix(step: &quot;move sideways 1 2&quot;, expectedError: &quot;Step 1: Invalid move mode. Expected: abs|absolute|&quot;···)" computerName="DESKTOP-QNA3DP1" duration="00:00:00.0003896" startTime="2026-09-12T16:43:13.1843865+08:00" endTime="2026-09-12T16:43:13.1846646+08:00" testType="13cdc9d9-ddb5-4fa4-a97d-d965ccfc6d4b" outcome="Passed" testListId="8c84fa94-04c1-424b-9868-57a2d4851a1d" relativeResultsDirectory="8e3ebb73-b26e-4c6c-b450-a39fa0827df9" />
    <UnitTestResult executionId="42fd067a-9771-4e9c-8af2-ecb137df952a" testId="02648b6f-055d-3b11-92e0-cf60bfbdb194" testName="CrossMacro.Infrastructure.Tests.Services.RunScriptCompilerTests.Compile_WhenRuntimeScriptStepIsWellFormed_PreservesScriptStep(step: &quot;screenshot output shot.png&quot;)" computerName="DESKTOP-QNA3DP1" duration="00:00:00.0001312" startTime="2026-09-12T16:43:13.1529733+08:00" endTime="2026-09-12T16:43:13.1530428+08:00" testType="13cdc9d9-ddb5-4fa4-a97d-d965ccfc6d4b" outcome="Passed" testListId="8c84fa94-04c1-424b-9868-57a2d4851a1d" relativeResultsDirectory="42fd067a-9771-4e9c-8af2-ecb137df952a" />
    <UnitTestResult executionId="712664fb-60c6-43f7-a3fd-906ebeed037b" testId="d1cc0255-bcaf-90ec-d96d-537726849173" testName="CrossMacro.Infrastructure.Tests.Services.RunScriptScreenReadRuntimeTests.PlayAsync_WhenImageSearchImageAssetIsMissing_ThrowsStepNumberedFailure" computerName="DESKTOP-QNA3DP1" duration="00:00:00.0116947" startTime="2026-09-12T16:43:13.6161096+08:00" endTime="2026-09-12T16:43:13.6277563+08:00" testType="13cdc9d9-ddb5-4fa4-a97d-d965ccfc6d4b" outcome="Passed" testListId="8c84fa94-04c1-424b-9868-57a2d4851a1d" relativeResultsDirectory="712664fb-60c6-43f7-a3fd-906ebeed037b" />
    <UnitTestResult executionId="18ba52f9-a08f-472d-8f6c-5ae98fc1819f" testId="15e4a111-9c2c-7b43-48f9-3166a8995dd7" testName="CrossMacro.Infrastructure.Tests.Services.RunScriptCompilerTests.Compile_WhenRuntimeScriptStepIsWellFormed_PreservesScriptStep(step: &quot;shell capture-input \&quot;payload\&quot; \&quot;cat\&quot; code stdou&quot;···)" computerName="DESKTOP-QNA3DP1" duration="00:00:00.0023297" startTime="2026-09-12T16:43:13.1503702+08:00" endTime="2026-09-12T16:43:13.1523022+08:00" testType="13cdc9d9-ddb5-4fa4-a97d-d965ccfc6d4b" outcome="Passed" testListId="8c84fa94-04c1-424b-9868-57a2d4851a1d" relativeResultsDirectory="18ba52f9-a08f-472d-8f6c-5ae98fc1819f" />
    <UnitTestResult executionId="abc726b8-9a93-46e1-8ef9-506fc0b85956" testId="5c23997e-3a11-2fc4-911a-fd53e9b1ef77" testName="CrossMacro.Infrastructure.Tests.Services.RunScriptScreenReadRuntimeTests.PlayAsync_WhenRuntimeAbsoluteMoveStartsAfterUserReposition_ReanchorsBeforeClick" computerName="DESKTOP-QNA3DP1" duration="00:00:00.0024272" startTime="2026-09-12T16:43:13.9088121+08:00" endTime="2026-09-12T16:43:13.9112172+08:00" testType="13cdc9d9-ddb5-4fa4-a97d-d965ccfc6d4b" outcome="Passed" testListId="8c84fa94-04c1-424b-9868-57a2d4851a1d" relativeResultsDirectory="abc726b8-9a93-46e1-8ef9-506fc0b85956" />
    <UnitTestResult executionId="62ecf1c3-db64-4d0e-aaa8-0f18174dbdd8" testId="9ffed105-0ed7-359b-00f1-e2057b196fec" testName="CrossMacro.Infrastructure.Tests.Services.RunScriptCompilerTests.Compile_WhenShellCommandIsMissing_ReturnsFailure(step: &quot;shell \&quot;\&quot;&quot;)" computerName="DESKTOP-QNA3DP1" duration="00:00:00.0002247" startTime="2026-09-12T16:43:13.2466549+08:00" endTime="2026-09-12T16:43:13.2467290+08:00" testType="13cdc9d9-ddb5-4fa4-a97d-d965ccfc6d4b" outcome="Passed" testListId="8c84fa94-04c1-424b-9868-57a2d4851a1d" relativeResultsDirectory="62ecf1c3-db64-4d0e-aaa8-0f18174dbdd8" />
    <UnitTestResult executionId="2d2e4887-2c79-4505-b121-42cc68e18d25" testId="582334ea-5f4a-19e3-e3f9-9ec2b4875aa3" testName="CrossMacro.Infrastructure.Tests.Services.RunScriptScreenReadingWhitespaceTests.TryParseCommand_WithMixedUnicodeWhitespace_UsesTheSameTokensAsValidation(step: &quot;pixelsearch\t0 0\r\n10 10 123456\tfound x y\ttoler&quot;···, expectedParts: [&quot;pixelsearch&quot;, &quot;0&quot;, &quot;0&quot;, &quot;10&quot;, &quot;10&quot;, ···])" computerName="DESKTOP-QNA3DP1" duration="00:00:00.0154616" startTime="2026-09-12T16:43:13.0419226+08:00" endTime="2026-09-12T16:43:13.0643436+08:00" testType="13cdc9d9-ddb5-4fa4-a97d-d965ccfc6d4b" outcome="Passed" testListId="8c84fa94-04c1-424b-9868-57a2d4851a1d" relativeResultsDirectory="2d2e4887-2c79-4505-b121-42cc68e18d25" />
    <UnitTestResult executionId="ea153b41-e247-4e46-9cc5-16a416e7cc33" testId="b349345d-3751-5bb3-d245-275af7901622" testName="CrossMacro.Infrastructure.Tests.Services.RunScriptCompilerTests.Compile_WhenScreenReadingStepIsMalformed_ReturnsFailure(step: &quot;imagesearch TargetImage similarity 0.9 found found&quot;···, expectedError: &quot;Unknown imagesearch option&quot;)" computerName="DESKTOP-QNA3DP1" duration="00:00:00.0002120" startTime="2026-09-12T16:43:13.1820076+08:00" endTime="2026-09-12T16:43:13.1820357+08:00" testType="13cdc9d9-ddb5-4fa4-a97d-d965ccfc6d4b" outcome="Passed" testListId="8c84fa94-04c1-424b-9868-57a2d4851a1d" relativeResultsDirectory="ea153b41-e247-4e46-9cc5-16a416e7cc33" />
    <UnitTestResult executionId="60da8f92-2d72-4f00-9e9f-5d0bf7aeec5d" testId="3a014cdb-8e45-b407-b134-b88d469722fa" testName="CrossMacro.Infrastructure.Tests.Services.RunScriptCompilerTests.Compile_WhenScreenReadingStepIsMalformed_ReturnsFailure(step: &quot;imagesearch TargetImage matchmode first matchmode &quot;···, expectedError: &quot;Duplicate imagesearch matchmode&quot;)" computerName="DESKTOP-QNA3DP1" duration="00:00:00.0002303" startTime="2026-09-12T16:43:13.1810375+08:00" endTime="2026-09-12T16:43:13.1812908+08:00" testType="13cdc9d9-ddb5-4fa4-a97d-d965ccfc6d4b" outcome="Passed" testListId="8c84fa94-04c1-424b-9868-57a2d4851a1d" relativeResultsDirectory="60da8f92-2d72-4f00-9e9f-5d0bf7aeec5d" />
    <UnitTestResult executionId="4d8924de-bb21-4fc3-9157-071e93119c73" testId="2ec5d392-0222-e2a7-26aa-3bcab9fe348a" testName="CrossMacro.Infrastructure.Tests.Services.RunScriptScreenReadRuntimeTests.PlayAsync_WhenImageSearchImageAssetIsInvalid_ThrowsStepNumberedFailure(asset: &quot;not-base64&quot;, expectedMessage: &quot;not valid Base64&quot;)" computerName="DESKTOP-QNA3DP1" duration="00:00:00.0043818" startTime="2026-09-12T16:43:13.5865765+08:00" endTime="2026-09-12T16:43:13.5909976+08:00" testType="13cdc9d9-ddb5-4fa4-a97d-d965ccfc6d4b" outcome="Passed" testListId="8c84fa94-04c1-424b-9868-57a2d4851a1d" relativeResultsDirectory="4d8924de-bb21-4fc3-9157-071e93119c73" />
    <UnitTestResult executionId="7c367f18-3374-49e9-863a-477452bb6d73" testId="63bc524c-90bf-8e9e-7c3a-8fe71c3c90e6" testName="CrossMacro.Infrastructure.Tests.Services.RunScriptCompilerTests.Compile_WhenScreenReadingStepIsMalformed_ReturnsFailure(step: &quot;imagesearch TargetImage downsample 2&quot;, expectedError: &quot;Unknown imagesearch option&quot;)" computerName="DESKTOP-QNA3DP1" duration="00:00:00.0000677" startTime="2026-09-12T16:43:13.1792530+08:00" endTime="2026-09-12T16:43:13.1792718+08:00" testType="13cdc9d9-ddb5-4fa4-a97d-d965ccfc6d4b" outcome="Passed" testListId="8c84fa94-04c1-424b-9868-57a2d4851a1d" relativeResultsDirectory="7c367f18-3374-49e9-863a-477452bb6d73" />
    <UnitTestResult executionId="abe8f97b-9463-40a9-8d8f-320d2269e74d" testId="ff996864-06f5-3f11-4d3c-469d0faef2cc" testName="CrossMacro.Infrastructure.Tests.Services.RunScriptScreenReadRuntimeTests.PlayAsync_WhenPixelSearchHasFoundVariable_StoresFalseCoordinatesAndContinuesOnNoMatch" computerName="DESKTOP-QNA3DP1" duration="00:00:00.0020569" startTime="2026-09-12T16:43:14.4738900+08:00" endTime="2026-09-12T16:43:14.4758939+08:00" testType="13cdc9d9-ddb5-4fa4-a97d-d965ccfc6d4b" outcome="Passed" testListId="8c84fa94-04c1-424b-9868-57a2d4851a1d" relativeResultsDirectory="abe8f97b-9463-40a9-8d8f-320d2269e74d" />
    <UnitTestResult executionId="39b77467-3810-4f44-a202-defc154e9431" testId="aecb8931-b3f6-d035-b1e5-58e28739c0df" testName="CrossMacro.Infrastructure.Tests.Services.RunScriptCompilerTests.Compile_WhenImageActionCommandIsWellFormed_PreservesScriptStep(step: &quot;imageclick 0 0 100 100 Target clicked click_x clic&quot;···)" computerName="DESKTOP-QNA3DP1" duration="00:00:00.0001232" startTime="2026-09-12T16:43:13.1620020+08:00" endTime="2026-09-12T16:43:13.1620382+08:00" testType="13cdc9d9-ddb5-4fa4-a97d-d965ccfc6d4b" outcome="Passed" testListId="8c84fa94-04c1-424b-9868-57a2d4851a1d" relativeResultsDirectory="39b77467-3810-4f44-a202-defc154e9431" />
    <UnitTestResult executionId="9984436d-6415-4c3b-9575-eb06de5ef30a" testId="ff493623-c3fd-3c1d-d632-de051419af13" testName="CrossMacro.Infrastructure.Tests.Services.RunScriptCompilerTests.Compile_WhenShellNumericOptionsAreInvalid_ReturnsFailure(step: &quot;shell capture-input \&quot;payload\&quot; \&quot;cat\&quot; code stdou&quot;···, expected: &quot;Syntax: shell&quot;)" computerName="DESKTOP-QNA3DP1" duration="00:00:00.0000441" startTime="2026-09-12T16:43:13.2098352+08:00" endTime="2026-09-12T16:43:13.2098570+08:00" testType="13cdc9d9-ddb5-4fa4-a97d-d965ccfc6d4b" outcome="Passed" testListId="8c84fa94-04c1-424b-9868-57a2d4851a1d" relativeResultsDirectory="9984436d-6415-4c3b-9575-eb06de5ef30a" />
    <UnitTestResult executionId="54f2d996-bd83-430f-9387-4bd37f98c601" testId="5d612664-f1bc-2cd2-c7c5-b0621b4943b6" testName="CrossMacro.Infrastructure.Tests.Services.RunScriptCompilerTests.Compile_WhenShellQuotedCommandContainsEscapedBackslashes_PreservesScriptStep" computerName="DESKTOP-QNA3DP1" duration="00:00:00.0011661" startTime="2026-09-12T16:43:13.1895085+08:00" endTime="2026-09-12T16:43:13.1906457+08:00" testType="13cdc9d9-ddb5-4fa4-a97d-d965ccfc6d4b" outcome="Passed" testListId="8c84fa94-04c1-424b-9868-57a2d4851a1d" relativeResultsDirectory="54f2d996-bd83-430f-9387-4bd37f98c601" />
    <UnitTestResult executionId="ef4593c9-fb80-4179-b136-cc1ec0068c64" testId="d4d5a50b-37f1-566f-dd2c-47c363e1d192" testName="CrossMacro.Infrastructure.Tests.Services.RunScriptScreenReadRuntimeTests.PlayAsync_WhenImageSearchFindsTemplate_StoresFoundFlagAndCoordinates" computerName="DESKTOP-QNA3DP1" duration="00:00:00.0030416" startTime="2026-09-12T16:43:13.6306400+08:00" endTime="2026-09-12T16:43:13.6337116+08:00" testType="13cdc9d9-ddb5-4fa4-a97d-d965ccfc6d4b" outcome="Passed" testListId="8c84fa94-04c1-424b-9868-57a2d4851a1d" relativeResultsDirectory="ef4593c9-fb80-4179-b136-cc1ec0068c64" />
    <UnitTestResult executionId="e77e494c-8350-4fd8-987a-9d23f3e495e7" testId="244d28c3-3080-aa4d-2edc-d6bfd9390e50" testName="CrossMacro.Infrastructure.Tests.Services.RunScriptCompilerTests.Compile_WhenScreenReadingStepIsMalformed_ReturnsFailure(step: &quot;screenshot region 1 2 3 -4 clipboard&quot;, expectedError: &quot;width and height &gt; 0&quot;)" computerName="DESKTOP-QNA3DP1" duration="00:00:00.0000426" startTime="2026-09-12T16:43:13.1782657+08:00" endTime="2026-09-12T16:43:13.1782867+08:00" testType="13cdc9d9-ddb5-4fa4-a97d-d965ccfc6d4b" outcome="Passed" testListId="8c84fa94-04c1-424b-9868-57a2d4851a1d" relativeResultsDirectory="e77e494c-8350-4fd8-987a-9d23f3e495e7" />
    <UnitTestResult executionId="c38cef37-15b9-4cfa-93e2-bfd0d647be40" testId="82ff064a-5448-8cb9-2e23-c075e488cd34" testName="CrossMacro.Infrastructure.Tests.Services.RunScriptCompilerTests.Compile_WhenRepeatCountIsMalformedExpression_FailsWithRepeatCountLabel" computerName="DESKTOP-QNA3DP1" duration="00:00:00.0003886" startTime="2026-09-12T16:43:13.2273470+08:00" endTime="2026-09-12T16:43:13.2273751+08:00" testType="13cdc9d9-ddb5-4fa4-a97d-d965ccfc6d4b" outcome="Passed" testListId="8c84fa94-04c1-424b-9868-57a2d4851a1d" relativeResultsDirectory="c38cef37-15b9-4cfa-93e2-bfd0d647be40" />
    <UnitTestResult executionId="d907e33d-d914-408c-9488-052c80247446" testId="c71f2932-1932-1d2b-456e-64bed53ea252" testName="CrossMacro.Infrastructure.Tests.Services.RunScriptCompilerTests.Compile_WhenRuntimeScriptStepIsWellFormed_PreservesScriptStep(step: &quot;imageclick TargetImage button right timeout 5000&quot;)" computerName="DESKTOP-QNA3DP1" duration="00:00:00.0005397" startTime="2026-09-12T16:43:13.1534393+08:00" endTime="2026-09-12T16:43:13.1539179+08:00" testType="13cdc9d9-ddb5-4fa4-a97d-d965ccfc6d4b" outcome="Passed" testListId="8c84fa94-04c1-424b-9868-57a2d4851a1d" relativeResultsDirectory="d907e33d-d914-408c-9488-052c80247446" />
    <UnitTestResult executionId="78efe6e0-898d-41aa-a6d2-c082d2ef6d80" testId="67846337-c65a-c87f-6fca-6002fb5cab64" testName="CrossMacro.Infrastructure.Tests.Services.RunScriptScreenReadRuntimeTests.PlayAsync_WhenPixelSearchUsesVariableTargetColor_PassesSampledColorToScreenReader" computerName="DESKTOP-QNA3DP1" duration="00:00:00.0025063" startTime="2026-09-12T16:43:13.9178331+08:00" endTime="2026-09-12T16:43:13.9201794+08:00" testType="13cdc9d9-ddb5-4fa4-a97d-d965ccfc6d4b" outcome="Passed" testListId="8c84fa94-04c1-424b-9868-57a2d4851a1d" relativeResultsDirectory="78efe6e0-898d-41aa-a6d2-c082d2ef6d80" />
    <UnitTestResult executionId="37081a17-a1a8-4ede-b9f0-34138564a2b8" testId="8e2ed8bb-3555-896c-439e-22c11c2c7f59" testName="CrossMacro.Infrastructure.Tests.Services.RunScriptScreenReadRuntimeTests.PlayAsync_WhenWaitImageFindsTemplateAfterPolling_StoresFoundFlagAndCoordinates" computerName="DESKTOP-QNA3DP1" duration="00:00:00.1230956" startTime="2026-09-12T16:43:13.9688332+08:00" endTime="2026-09-12T16:43:14.0920878+08:00" testType="13cdc9d9-ddb5-4fa4-a97d-d965ccfc6d4b" outcome="Passed" testListId="8c84fa94-04c1-424b-9868-57a2d4851a1d" relativeResultsDirectory="37081a17-a1a8-4ede-b9f0-34138564a2b8" />
    <UnitTestResult executionId="422a16ec-988d-4468-9f5d-e5e2d949c521" testId="350f161a-8ce4-b1a4-6b97-d963297c4b70" testName="CrossMacro.Infrastructure.Tests.Services.RunScriptScreenReadRuntimeTests.PlayAsync_WhenWaitColorHasResultVariable_ReturnsCanceled_StopsCleanly" computerName="DESKTOP-QNA3DP1" duration="00:00:00.0102089" startTime="2026-09-12T16:43:13.3997870+08:00" endTime="2026-09-12T16:43:13.4100031+08:00" testType="13cdc9d9-ddb5-4fa4-a97d-d965ccfc6d4b" outcome="Passed" testListId="8c84fa94-04c1-424b-9868-57a2d4851a1d" relativeResultsDirectory="422a16ec-988d-4468-9f5d-e5e2d949c521" />
    <UnitTestResult executionId="75664e1d-d592-40db-83a4-f3f5e1db3bc1" testId="01ed00c8-6e27-3f4d-76a2-2aea59d9ef55" testName="CrossMacro.Infrastructure.Tests.Services.RunScriptScreenReadRuntimeTests.PlayAsync_WhenPixelSearchUsesSupportedLayouts_AppliesToleranceAndStoresVariables(step: &quot;pixelsearch 0 0 10 12 112233 found found_x found_y&quot;, foundVariable: &quot;found&quot;, xVariable: &quot;found_x&quot;, yVariable: &quot;found_y&quot;, expectedTolerance: 0)" computerName="DESKTOP-QNA3DP1" duration="00:00:00.0009627" startTime="2026-09-12T16:43:13.3257937+08:00" endTime="2026-09-12T16:43:13.3266519+08:00" testType="13cdc9d9-ddb5-4fa4-a97d-d965ccfc6d4b" outcome="Passed" testListId="8c84fa94-04c1-424b-9868-57a2d4851a1d" relativeResultsDirectory="75664e1d-d592-40db-83a4-f3f5e1db3bc1" />
    <UnitTestResult executionId="32fea12d-4590-4e5a-ac63-743351577b4c" testId="8e4809ec-6a1f-cd6d-3644-9b28f6a1c858" testName="CrossMacro.Infrastructure.Tests.Services.RunScriptCompilerTests.Compile_WhenRawRelativeMoveThenClick_PropagatesRawDeviceSpace" computerName="DESKTOP-QNA3DP1" duration="00:00:00.0041080" startTime="2026-09-12T16:43:13.2420838+08:00" endTime="2026-09-12T16:43:13.2461547+08:00" testType="13cdc9d9-ddb5-4fa4-a97d-d965ccfc6d4b" outcome="Passed" testListId="8c84fa94-04c1-424b-9868-57a2d4851a1d" relativeResultsDirectory="32fea12d-4590-4e5a-ac63-743351577b4c" />
    <UnitTestResult executionId="67cabd72-9d23-4b20-bf39-994fb4a4d256" testId="ed3a720f-43af-287c-6fa7-e8fa0a4378d2" testName="CrossMacro.Infrastructure.Tests.Services.RunScriptScreenReadRuntimeTests.WaitForPixelAsync_WhenTimeoutExpires_DisposesCapturedFrameOnce" computerName="DESKTOP-QNA3DP1" duration="00:00:00.0009799" startTime="2026-09-12T16:43:13.9167455+08:00" endTime="2026-09-12T16:43:13.9176783+08:00" testType="13cdc9d9-ddb5-4fa4-a97d-d965ccfc6d4b" outcome="Passed" testListId="8c84fa94-04c1-424b-9868-57a2d4851a1d" relativeResultsDirectory="67cabd72-9d23-4b20-bf39-994fb4a4d256" />
    <UnitTestResult executionId="c3d07f77-b44d-4963-87b4-c7f460e2006c" testId="02ae234e-5e75-76ed-e431-b38774fb6500" testName="CrossMacro.Infrastructure.Tests.Services.RunScriptCompilerTests.Compile_WhenMulDivReferenceUnknownVariable_ReturnsFailure(step: &quot;mul missing 2&quot;)" computerName="DESKTOP-QNA3DP1" duration="00:00:00.0002379" startTime="2026-09-12T16:43:13.2223659+08:00" endTime="2026-09-12T16:43:13.2225235+08:00" testType="13cdc9d9-ddb5-4fa4-a97d-d965ccfc6d4b" outcome="Passed" testListId="8c84fa94-04c1-424b-9868-57a2d4851a1d" relativeResultsDirectory="c3d07f77-b44d-4963-87b4-c7f460e2006c" />
    <UnitTestResult executionId="7fe0647d-a759-4280-baab-f195247d4fca" testId="7d08b3da-aa37-9961-19f1-fc31a25e5220" testName="CrossMacro.Infrastructure.Tests.Services.RunScriptScreenReadRuntimeTests.PlayAsync_WhenRuntimeScriptUsesRepeatForBreakContinue_PreservesPlaybackOrdering" computerName="DESKTOP-QNA3DP1" duration="00:00:00.0147550" startTime="2026-09-12T16:43:13.4356639+08:00" endTime="2026-09-12T16:43:13.4493421+08:00" testType="13cdc9d9-ddb5-4fa4-a97d-d965ccfc6d4b" outcome="Passed" testListId="8c84fa94-04c1-424b-9868-57a2d4851a1d" relativeResultsDirectory="7fe0647d-a759-4280-baab-f195247d4fca" />
    <UnitTestResult executionId="4bc8640a-7641-4725-898d-7723e2530348" testId="9acbd8b8-d16e-0314-030a-a82ff7274be3" testName="CrossMacro.Infrastructure.Tests.Services.RunScriptCompilerTests.Compile_WhenRuntimeScriptStepIsWellFormed_PreservesScriptStep(step: &quot;pixelsearch 0 0 10 10 123456 found found_x found_y&quot;)" computerName="DESKTOP-QNA3DP1" duration="00:00:00.0001115" startTime="2026-09-12T16:43:13.1433973+08:00" endTime="2026-09-12T16:43:13.1435382+08:00" testType="13cdc9d9-ddb5-4fa4-a97d-d965ccfc6d4b" outcome="Passed" testListId="8c84fa94-04c1-424b-9868-57a2d4851a1d" relativeResultsDirectory="4bc8640a-7641-4725-898d-7723e2530348" />
    <UnitTestResult executionId="fe359730-c34e-4477-b4a7-d24e38fb76e0" testId="9aad8e06-4254-c036-5c00-27f426013dd5" testName="CrossMacro.Infrastructure.Tests.Services.RunScriptScreenReadRuntimeTests.ExecuteStepAsync_WhenImageSearchHasUnknownOption_RejectsTheStep" computerName="DESKTOP-QNA3DP1" duration="00:00:00.0197864" startTime="2026-09-12T16:43:13.5003647+08:00" endTime="2026-09-12T16:43:13.5201116+08:00" testType="13cdc9d9-ddb5-4fa4-a97d-d965ccfc6d4b" outcome="Passed" testListId="8c84fa94-04c1-424b-9868-57a2d4851a1d" relativeResultsDirectory="fe359730-c34e-4477-b4a7-d24e38fb76e0" />
    <UnitTestResult executionId="0031fdd7-6360-4d12-af1a-e77c31588924" testId="a2a104fc-b44a-57d4-6cb0-d9b0cc218c18" testName="CrossMacro.Infrastructure.Tests.Services.ScreenReading.ScreenReadPollingTests.GetDelay_WhenDeadlineHasPassed_ReturnsZero" computerName="DESKTOP-QNA3DP1" duration="00:00:00.0001369" startTime="2026-09-12T16:43:13.0836333+08:00" endTime="2026-09-12T16:43:13.0836640+08:00" testType="13cdc9d9-ddb5-4fa4-a97d-d965ccfc6d4b" outcome="Passed" testListId="8c84fa94-04c1-424b-9868-57a2d4851a1d" relativeResultsDirectory="0031fdd7-6360-4d12-af1a-e77c31588924" />
    <UnitTestResult executionId="b8f1049d-531b-4af4-943f-395cd1ca84a4" testId="fd7a7421-b815-f895-87af-5333696c9647" testName="CrossMacro.Infrastructure.Tests.Services.RunScriptCompilerTests.Compile_WhenShellNumericOptionsAreInvalid_ReturnsFailure(step: &quot;shell \&quot;echo ok\&quot; 0 0 0 0&quot;, expected: &quot;Syntax: shell&quot;)" computerName="DESKTOP-QNA3DP1" duration="00:00:00.0000567" startTime="2026-09-12T16:43:13.2097753+08:00" endTime="2026-09-12T16:43:13.2097994+08:00" testType="13cdc9d9-ddb5-4fa4-a97d-d965ccfc6d4b" outcome="Passed" testListId="8c84fa94-04c1-424b-9868-57a2d4851a1d" relativeResultsDirectory="b8f1049d-531b-4af4-943f-395cd1ca84a4" />
    <UnitTestResult executionId="045ef69b-6b03-4193-ae3a-ff0f114d28ad" testId="a2c85d75-6956-2225-020e-c99f6eeb48a4" testName="CrossMacro.Infrastructure.Tests.Services.RunScriptCompilerTests.Compile_WhenScreenReadingStepIsMalformed_ReturnsFailure(step: &quot;imagesearchful TargetImage&quot;, expectedError: &quot;unsupported step syntax&quot;)" computerName="DESKTOP-QNA3DP1" duration="00:00:00.0015178" startTime="2026-09-12T16:43:13.1798234+08:00" endTime="2026-09-12T16:43:13.1806743+08:00" testType="13cdc9d9-ddb5-4fa4-a97d-d965ccfc6d4b" outcome="Passed" testListId="8c84fa94-04c1-424b-9868-57a2d4851a1d" relativeResultsDirectory="045ef69b-6b03-4193-ae3a-ff0f114d28ad" />
    <UnitTestResult executionId="b98bdec8-1d28-4680-b22b-d145060cd543" testId="4daf0258-e06d-e2b2-9f79-9b4a1409a7a5" testName="CrossMacro.Infrastructure.Tests.Services.RunScriptScreenReadRuntimeTests.PlayAsync_WhenPixelSearchHasFoundVariable_InfrastructureFailuresThrowAndStop(errorKind: OutOfBounds, errorMessage: &quot;pixelsearch out of bounds&quot;)" computerName="DESKTOP-QNA3DP1" duration="00:00:00.0014610" startTime="2026-09-12T16:43:13.6136857+08:00" endTime="2026-09-12T16:43:13.6147319+08:00" testType="13cdc9d9-ddb5-4fa4-a97d-d965ccfc6d4b" outcome="Passed" testListId="8c84fa94-04c1-424b-9868-57a2d4851a1d" relativeResultsDirectory="b98bdec8-1d28-4680-b22b-d145060cd543" />
    <UnitTestResult executionId="3cef8db9-11eb-414e-82b6-465c7c8eddc1" testId="9380354d-218a-e61e-da02-58045e1ca804" testName="CrossMacro.Infrastructure.Tests.Services.RunScriptCompilerTests.Compile_WhenScreenReadingStepIsMalformed_ReturnsFailure(step: &quot;waitcolor 1 2 FF0000 1000 wait_ok poll 0&quot;, expectedError: &quot;Invalid waitcolor syntax&quot;)" computerName="DESKTOP-QNA3DP1" duration="00:00:00.0000418" startTime="2026-09-12T16:43:13.1834795+08:00" endTime="2026-09-12T16:43:13.1835016+08:00" testType="13cdc9d9-ddb5-4fa4-a97d-d965ccfc6d4b" outcome="Passed" testListId="8c84fa94-04c1-424b-9868-57a2d4851a1d" relativeResultsDirectory="3cef8db9-11eb-414e-82b6-465c7c8eddc1" />
    <UnitTestResult executionId="85d44272-30db-46e4-b1e3-8cfd0f152501" testId="553ddfe6-80e4-b86b-9ab7-4f29115113a3" testName="CrossMacro.Infrastructure.Tests.Services.RunScriptScreenReadRuntimeTests.PlayAsync_WhenRuntimeMulDivReferenceUnknownVariable_ThrowsExactMessage(step: &quot;div missing 2&quot;)" computerName="DESKTOP-QNA3DP1" duration="00:00:00.0024816" startTime="2026-09-12T16:43:13.4310550+08:00" endTime="2026-09-12T16:43:13.4334281+08:00" testType="13cdc9d9-ddb5-4fa4-a97d-d965ccfc6d4b" outcome="Passed" testListId="8c84fa94-04c1-424b-9868-57a2d4851a1d" relativeResultsDirectory="85d44272-30db-46e4-b1e3-8cfd0f152501" />
    <UnitTestResult executionId="63af06ec-ba42-4828-b494-946bc93ac8f3" testId="052e246d-adc4-b2bd-b052-ce7b6153f2f9" testName="CrossMacro.Infrastructure.Tests.Services.RunScriptCompilerTests.Compile_WhenShellNumericOptionsAreInvalid_ReturnsFailure(step: &quot;shell \&quot;echo ok\&quot; 0 -1&quot;, expected: &quot;Invalid backoff_ms&quot;)" computerName="DESKTOP-QNA3DP1" duration="00:00:00.0003471" startTime="2026-09-12T16:43:13.2089847+08:00" endTime="2026-09-12T16:43:13.2092471+08:00" testType="13cdc9d9-ddb5-4fa4-a97d-d965ccfc6d4b" outcome="Passed" testListId="8c84fa94-04c1-424b-9868-57a2d4851a1d" relativeResultsDirectory="63af06ec-ba42-4828-b494-946bc93ac8f3" />
    <UnitTestResult executionId="2491d3c1-c37d-478a-be77-8a84c8f5d745" testId="7c9e25ad-3729-c107-8c83-f27e667132f5" testName="CrossMacro.Infrastructure.Tests.Services.RunScriptCompilerTests.Compile_WhenShellCommandIsMissing_ReturnsFailure(step: &quot;shell&quot;)" computerName="DESKTOP-QNA3DP1" duration="00:00:00.0001983" startTime="2026-09-12T16:43:13.2467807+08:00" endTime="2026-09-12T16:43:13.2469566+08:00" testType="13cdc9d9-ddb5-4fa4-a97d-d965ccfc6d4b" outcome="Passed" testListId="8c84fa94-04c1-424b-9868-57a2d4851a1d" relativeResultsDirectory="2491d3c1-c37d-478a-be77-8a84c8f5d745" />
    <UnitTestResult executionId="05be524c-f702-4371-8c5e-859055e6dc23" testId="e9e48418-ad5c-ef6c-3f7c-fc5457e4e4f5" testName="CrossMacro.Infrastructure.Tests.Services.RunScriptCompilerTests.Compile_WhenShellNumericOptionsAreInvalid_ReturnsFailure(step: &quot;shell capture \&quot;echo ok\&quot; code stdout&quot;, expected: &quot;Syntax: shell&quot;)" computerName="DESKTOP-QNA3DP1" duration="00:00:00.0000438" startTime="2026-09-12T16:43:13.2102917+08:00" endTime="2026-09-12T16:43:13.2103230+08:00" testType="13cdc9d9-ddb5-4fa4-a97d-d965ccfc6d4b" outcome="Passed" testListId="8c84fa94-04c1-424b-9868-57a2d4851a1d" relativeResultsDirectory="05be524c-f702-4371-8c5e-859055e6dc23" />
    <UnitTestResult executionId="4e278740-1dd6-4b90-a851-ca12037f8fcb" testId="2105f6e5-a4e5-ea1e-3c9e-5830f216f280" testName="CrossMacro.Infrastructure.Tests.Services.RunScriptCompilerTests.Compile_WhenRuntimeScriptStepIsWellFormed_PreservesScriptStep(step: &quot;waitcolor 1 2 FF0000 1000 wait_ok&quot;)" computerName="DESKTOP-QNA3DP1" duration="00:00:00.0081131" startTime="2026-09-12T16:43:13.1283442+08:00" endTime="2026-09-12T16:43:13.1364922+08:00" testType="13cdc9d9-ddb5-4fa4-a97d-d965ccfc6d4b" outcome="Passed" testListId="8c84fa94-04c1-424b-9868-57a2d4851a1d" relativeResultsDirectory="4e278740-1dd6-4b90-a851-ca12037f8fcb" />
    <UnitTestResult executionId="ab26d642-783e-4b48-a5dd-1a346ee232d7" testId="6ee04420-97ea-4aed-eb9e-75147d282bca" testName="CrossMacro.Infrastructure.Tests.Services.RunScriptCompilerTests.Compile_WhenScreenReadingScriptUsesMalformedRuntimeDelay_ReturnsFailure" computerName="DESKTOP-QNA3DP1" duration="00:00:00.0002703" startTime="2026-09-12T16:43:13.2274516+08:00" endTime="2026-09-12T16:43:13.2276793+08:00" testType="13cdc9d9-ddb5-4fa4-a97d-d965ccfc6d4b" outcome="Passed" testListId="8c84fa94-04c1-424b-9868-57a2d4851a1d" relativeResultsDirectory="ab26d642-783e-4b48-a5dd-1a346ee232d7" />
    <UnitTestResult executionId="1aee8938-d528-43d8-a2c5-410556384aaa" testId="74eec416-bd1d-62d2-6865-60fad2babe09" testName="CrossMacro.Infrastructure.Tests.Services.RunScriptCompilerTests.Compile_WhenMulDivSyntaxIsInvalid_ReturnsFailure(step: &quot;div x 1 1&quot;, command: &quot;div&quot;)" computerName="DESKTOP-QNA3DP1" duration="00:00:00.0002542" startTime="2026-09-12T16:43:13.2476266+08:00" endTime="2026-09-12T16:43:13.2476557+08:00" testType="13cdc9d9-ddb5-4fa4-a97d-d965ccfc6d4b" outcome="Passed" testListId="8c84fa94-04c1-424b-9868-57a2d4851a1d" relativeResultsDirectory="1aee8938-d528-43d8-a2c5-410556384aaa" />
    <UnitTestResult executionId="107e51b1-a272-4826-a1a5-94c5fc2491bd" testId="ec6fde3f-76b7-4da0-d853-9432ca300082" testName="CrossMacro.Infrastructure.Tests.Services.RunScriptCompilerTests.Compile_WhenScreenReadingStepIsMalformed_ReturnsFailure(step: &quot;imagesearch TargetImage similarity -Infinity&quot;, expectedError: &quot;Invalid imagesearch similarity&quot;)" computerName="DESKTOP-QNA3DP1" duration="00:00:00.0000637" startTime="2026-09-12T16:43:13.1821515+08:00" endTime="2026-09-12T16:43:13.1822103+08:00" testType="13cdc9d9-ddb5-4fa4-a97d-d965ccfc6d4b" outcome="Passed" testListId="8c84fa94-04c1-424b-9868-57a2d4851a1d" relativeResultsDirectory="107e51b1-a272-4826-a1a5-94c5fc2491bd" />
    <UnitTestResult executionId="20123cb9-0ec4-4989-8c4c-6c09bdcc55e5" testId="c4907cd9-1f27-ecb2-5ab0-c79095049d86" testName="CrossMacro.Infrastructure.Tests.Services.RunScriptScreenReadRuntimeTests.PlayAsync_WhenScreenReadingOnlyScriptLoops_RepeatsScriptSteps" computerName="DESKTOP-QNA3DP1" duration="00:00:00.0013936" startTime="2026-09-12T16:43:14.3592891+08:00" endTime="2026-09-12T16:43:14.3604955+08:00" testType="13cdc9d9-ddb5-4fa4-a97d-d965ccfc6d4b" outcome="Passed" testListId="8c84fa94-04c1-424b-9868-57a2d4851a1d" relativeResultsDirectory="20123cb9-0ec4-4989-8c4c-6c09bdcc55e5" />
    <UnitTestResult executionId="5273c933-f747-4f98-bdfa-5b18c9fafae2" testId="544b65f2-5c22-0002-b2d0-63f377f1e283" testName="CrossMacro.Infrastructure.Tests.Services.RunScriptScreenReadRuntimeTests.PlayAsync_WhenImageClickDoesNotFindTemplateAndHasVariables_StoresFalseAndDoesNotClick" computerName="DESKTOP-QNA3DP1" duration="00:00:00.0080776" startTime="2026-09-12T16:43:13.5932394+08:00" endTime="2026-09-12T16:43:13.6012772+08:00" testType="13cdc9d9-ddb5-4fa4-a97d-d965ccfc6d4b" outcome="Passed" testListId="8c84fa94-04c1-424b-9868-57a2d4851a1d" relativeResultsDirectory="5273c933-f747-4f98-bdfa-5b18c9fafae2" />
    <UnitTestResult executionId="3f226ffe-3cd3-4597-b509-98ae284977b1" testId="a76584cb-3deb-5a25-dd0a-90d9a9c2983d" testName="CrossMacro.Infrastructure.Tests.Services.RunScriptCompilerTests.Compile_WhenMulDivVariableNameIsInvalid_ReturnsFailure" computerName="DESKTOP-QNA3DP1" duration="00:00:00.0002065" startTime="2026-09-12T16:43:13.2583749+08:00" endTime="2026-09-12T16:43:13.2584016+08:00" testType="13cdc9d9-ddb5-4fa4-a97d-d965ccfc6d4b" outcome="Passed" testListId="8c84fa94-04c1-424b-9868-57a2d4851a1d" relativeResultsDirectory="3f226ffe-3cd3-4597-b509-98ae284977b1" />
    <UnitTestResult executionId="36246490-4ad1-485d-83b2-c976c8957207" testId="963db205-7436-687f-7a79-418ff16b5211" testName="CrossMacro.Infrastructure.Tests.Services.RunScriptCompilerTests.Compile_WhenRuntimeScriptStepIsWellFormed_PreservesScriptStep(step: &quot;shell capture \&quot;printf ok\&quot; _ stdout _ 1 250 5000&quot;)" computerName="DESKTOP-QNA3DP1" duration="00:00:00.0002508" startTime="2026-09-12T16:43:13.1539902+08:00" endTime="2026-09-12T16:43:13.1542026+08:00" testType="13cdc9d9-ddb5-4fa4-a97d-d965ccfc6d4b" outcome="Passed" testListId="8c84fa94-04c1-424b-9868-57a2d4851a1d" relativeResultsDirectory="36246490-4ad1-485d-83b2-c976c8957207" />
    <UnitTestResult executionId="e270d349-6346-485f-8300-2a3074bafef8" testId="615cbb54-8961-8ae4-5882-a1ffbe7bd807" testName="CrossMacro.Infrastructure.Tests.Services.RunScriptScreenReadRuntimeTests.WaitForPixelAsync_WithDefaultOptions_RepeatsUntilExpectedColorIsSeen" computerName="DESKTOP-QNA3DP1" duration="00:00:00.0588978" startTime="2026-09-12T16:43:14.4115934+08:00" endTime="2026-09-12T16:43:14.4705551+08:00" testType="13cdc9d9-ddb5-4fa4-a97d-d965ccfc6d4b" outcome="Passed" testListId="8c84fa94-04c1-424b-9868-57a2d4851a1d" relativeResultsDirectory="e270d349-6346-485f-8300-2a3074bafef8" />
    <UnitTestResult executionId="65911358-d29c-4b8b-ad64-3f66194dc350" testId="cad78315-3890-a35b-adfd-3df1a29f32c9" testName="CrossMacro.Infrastructure.Tests.Services.RunScriptCompilerTests.Compile_WhenMulDivUsed_ExpandsToExpectedValue(step: &quot;div x 2&quot;, expectedX: 2)" computerName="DESKTOP-QNA3DP1" duration="00:00:00.0001582" startTime="2026-09-12T16:43:13.1981869+08:00" endTime="2026-09-12T16:43:13.1982337+08:00" testType="13cdc9d9-ddb5-4fa4-a97d-d965ccfc6d4b" outcome="Passed" testListId="8c84fa94-04c1-424b-9868-57a2d4851a1d" relativeResultsDirectory="65911358-d29c-4b8b-ad64-3f66194dc350" />
    <UnitTestResult executionId="a7e93d84-fe64-40b9-8800-999adfd0006f" testId="97445419-c34e-4c7d-0226-610109a3bacc" testName="CrossMacro.Infrastructure.Tests.Services.RunScriptCompilerTests.Compile_WhenScreenReadingStepIsMalformed_ReturnsFailure(step: &quot;pixelsearch 0 0 ten 10 123456 found_x found_y&quot;, expectedError: &quot;Invalid pixelsearch bounds&quot;)" computerName="DESKTOP-QNA3DP1" duration="00:00:00.0000434" startTime="2026-09-12T16:43:13.1830355+08:00" endTime="2026-09-12T16:43:13.1830583+08:00" testType="13cdc9d9-ddb5-4fa4-a97d-d965ccfc6d4b" outcome="Passed" testListId="8c84fa94-04c1-424b-9868-57a2d4851a1d" relativeResultsDirectory="a7e93d84-fe64-40b9-8800-999adfd0006f" />
    <UnitTestResult executionId="b18d653d-66a1-4d81-a2e9-66b69fc610c0" testId="fbb75bc4-5b27-bc77-b96c-c190f59f6b20" testName="CrossMacro.Infrastructure.Tests.Services.RunScriptCompilerTests.Compile_WhenScreenReadingStepIsMalformed_ReturnsFailure(step: &quot;pixelcolor one 2 mycolor&quot;, expectedError: &quot;Invalid pixelcolor coordinate&quot;)" computerName="DESKTOP-QNA3DP1" duration="00:00:00.0000539" startTime="2026-09-12T16:43:13.1790385+08:00" endTime="2026-09-12T16:43:13.1790588+08:00" testType="13cdc9d9-ddb5-4fa4-a97d-d965ccfc6d4b" outcome="Passed" testListId="8c84fa94-04c1-424b-9868-57a2d4851a1d" relativeResultsDirectory="b18d653d-66a1-4d81-a2e9-66b69fc610c0" />
    <UnitTestResult executionId="6589e6c9-2af1-4209-ba92-1882c7d21802" testId="b620860e-8bbf-03cb-1f66-d6d866c2cc53" testName="CrossMacro.Infrastructure.Tests.Services.RunScriptScreenReadRuntimeTests.PlayAsync_WhenPixelSearchHasNoMatch_ThrowsRuntimeFailure" computerName="DESKTOP-QNA3DP1" duration="00:00:00.0038736" startTime="2026-09-12T16:43:14.4075600+08:00" endTime="2026-09-12T16:43:14.4113994+08:00" testType="13cdc9d9-ddb5-4fa4-a97d-d965ccfc6d4b" outcome="Passed" testListId="8c84fa94-04c1-424b-9868-57a2d4851a1d" relativeResultsDirectory="6589e6c9-2af1-4209-ba92-1882c7d21802" />
    <UnitTestResult executionId="a65d47d5-384a-4e1b-a491-69e0c7214d7f" testId="ccdfa64b-ab59-e735-e8a4-8de0684a2586" testName="CrossMacro.Infrastructure.Tests.Services.RunScriptCompilerTests.Compile_WhenRuntimeScriptStepIsWellFormed_PreservesScriptStep(step: &quot;screenshot output shot.png clipboard&quot;)" computerName="DESKTOP-QNA3DP1" duration="00:00:00.0017987" startTime="2026-09-12T16:43:13.1417034+08:00" endTime="2026-09-12T16:43:13.1432018+08:00" testType="13cdc9d9-ddb5-4fa4-a97d-d965ccfc6d4b" outcome="Passed" testListId="8c84fa94-04c1-424b-9868-57a2d4851a1d" relativeResultsDirectory="a65d47d5-384a-4e1b-a491-69e0c7214d7f" />
    <UnitTestResult executionId="f26107a4-4a0c-471f-8bc1-db8deaee582f" testId="afc0cf08-39a1-0a98-056d-a664885fee15" testName="CrossMacro.Infrastructure.Tests.Services.ScreenReading.ScreenReadPollingTests.GetDelay_NeverExceedsRemainingTimeoutBudget" computerName="DESKTOP-QNA3DP1" duration="00:00:00.0007839" startTime="2026-09-12T16:43:13.0746698+08:00" endTime="2026-09-12T16:43:13.0748274+08:00" testType="13cdc9d9-ddb5-4fa4-a97d-d965ccfc6d4b" outcome="Passed" testListId="8c84fa94-04c1-424b-9868-57a2d4851a1d" relativeResultsDirectory="f26107a4-4a0c-471f-8bc1-db8deaee582f" />
    <UnitTestResult executionId="13fed7c3-2c03-4d00-9473-57900dbb74dd" testId="e6dcb41e-8030-71e2-211c-e0940172ee5e" testName="CrossMacro.Infrastructure.Tests.Services.RunScriptCompilerTests.Compile_WhenRuntimeScreenStepFeedsVariableMove_AllowsCoordinateModes(mode: &quot;rel&quot;)" computerName="DESKTOP-QNA3DP1" duration="00:00:00.0001267" startTime="2026-09-12T16:43:13.2023919+08:00" endTime="2026-09-12T16:43:13.2024178+08:00" testType="13cdc9d9-ddb5-4fa4-a97d-d965ccfc6d4b" outcome="Passed" testListId="8c84fa94-04c1-424b-9868-57a2d4851a1d" relativeResultsDirectory="13fed7c3-2c03-4d00-9473-57900dbb74dd" />
    <UnitTestResult executionId="8a871f71-3770-46d7-87a7-c3a0efd8857d" testId="f2a016c6-3b5d-87f5-f21e-7db3ec1bba84" testName="CrossMacro.Infrastructure.Tests.Services.RunScriptScreenReadRuntimeTests.PlayAsync_WhenRuntimeMulDivSyntaxIsInvalid_ThrowsUnsupportedStepFromValidation(step: &quot;mul x 1 1&quot;)" computerName="DESKTOP-QNA3DP1" duration="00:00:00.0010348" startTime="2026-09-12T16:43:13.5225150+08:00" endTime="2026-09-12T16:43:13.5234441+08:00" testType="13cdc9d9-ddb5-4fa4-a97d-d965ccfc6d4b" outcome="Passed" testListId="8c84fa94-04c1-424b-9868-57a2d4851a1d" relativeResultsDirectory="8a871f71-3770-46d7-87a7-c3a0efd8857d" />
    <UnitTestResult executionId="3f60fe1f-8814-4a23-8a7d-5917a88bf97a" testId="b4393ef6-18fa-282f-a83c-f30ea9f3fcc3" testName="CrossMacro.Infrastructure.Tests.Services.RunScriptScreenReadRuntimeTests.PlayAsync_WhenWaitColorUsesMalformedColorVariableValue_ThrowsValueSpecificMessage" computerName="DESKTOP-QNA3DP1" duration="00:00:00.0020346" startTime="2026-09-12T16:43:14.4034590+08:00" endTime="2026-09-12T16:43:14.4054276+08:00" testType="13cdc9d9-ddb5-4fa4-a97d-d965ccfc6d4b" outcome="Passed" testListId="8c84fa94-04c1-424b-9868-57a2d4851a1d" relativeResultsDirectory="3f60fe1f-8814-4a23-8a7d-5917a88bf97a" />
    <UnitTestResult executionId="9be75ce9-5881-4b16-bb4a-b61b6d292250" testId="51e7aa17-951c-e913-6522-36ee170feb65" testName="CrossMacro.Infrastructure.Tests.Services.RunScriptCompilerTests.Compile_WhenClipboardGetHasExtraTokens_ReturnsFailure" computerName="DESKTOP-QNA3DP1" duration="00:00:00.0003508" startTime="2026-09-12T16:43:13.2343803+08:00" endTime="2026-09-12T16:43:13.2346097+08:00" testType="13cdc9d9-ddb5-4fa4-a97d-d965ccfc6d4b" outcome="Passed" testListId="8c84fa94-04c1-424b-9868-57a2d4851a1d" relativeResultsDirectory="9be75ce9-5881-4b16-bb4a-b61b6d292250" />
    <UnitTestResult executionId="e837934c-d490-47f1-92d5-5e8b17b319f3" testId="24839c82-2df4-ebe0-08fb-a6ab3af4be9e" testName="CrossMacro.Infrastructure.Tests.Services.RunScriptCompilerTests.Compile_WhenConditionOperandIsArithmetic_EvaluatesNumericComparison" computerName="DESKTOP-QNA3DP1" duration="00:00:00.0084171" startTime="2026-09-12T16:43:13.2136419+08:00" endTime="2026-09-12T16:43:13.2218950+08:00" testType="13cdc9d9-ddb5-4fa4-a97d-d965ccfc6d4b" outcome="Passed" testListId="8c84fa94-04c1-424b-9868-57a2d4851a1d" relativeResultsDirectory="e837934c-d490-47f1-92d5-5e8b17b319f3" />
    <UnitTestResult executionId="c377e2a3-7543-4420-b2a3-c64e1f3441c4" testId="998ce2db-a9ce-6d3b-0740-6fc605ddc547" testName="CrossMacro.Infrastructure.Tests.Services.RunScriptScreenReadRuntimeTests.PlayAsync_WhenWaitColorHasResultVariable_InfrastructureFailuresThrowAndStop(errorKind: OutOfBounds, errorMessage: &quot;waitcolor out of bounds&quot;)" computerName="DESKTOP-QNA3DP1" duration="00:00:00.0009345" startTime="2026-09-12T16:43:13.5655366+08:00" endTime="2026-09-12T16:43:13.5656396+08:00" testType="13cdc9d9-ddb5-4fa4-a97d-d965ccfc6d4b" outcome="Passed" testListId="8c84fa94-04c1-424b-9868-57a2d4851a1d" relativeResultsDirectory="c377e2a3-7543-4420-b2a3-c64e1f3441c4" />
    <UnitTestResult executionId="81d3f3e6-f71a-4644-9d1b-5def57c80941" testId="6191f610-1c38-27a3-a37c-a187c0a8b48f" testName="CrossMacro.Infrastructure.Tests.Services.RunScriptCompilerTests.Compile_WhenTypeHasMultipleCharacters_UsesEditorInterCharacterDelay" computerName="DESKTOP-QNA3DP1" duration="00:00:00.0064469" startTime="2026-09-12T16:43:13.2277770+08:00" endTime="2026-09-12T16:43:13.2342261+08:00" testType="13cdc9d9-ddb5-4fa4-a97d-d965ccfc6d4b" outcome="Passed" testListId="8c84fa94-04c1-424b-9868-57a2d4851a1d" relativeResultsDirectory="81d3f3e6-f71a-4644-9d1b-5def57c80941" />
    <UnitTestResult executionId="411845da-5a7f-42c3-9986-9b4193e87ffd" testId="35221dcb-978b-944e-0e21-19ef784d3cec" testName="CrossMacro.Infrastructure.Tests.Services.RunScriptCompilerTests.Compile_WhenScreenReadingStepIsMalformed_ReturnsFailure(step: &quot;pixelcolor 1&quot;, expectedError: &quot;Invalid pixelcolor syntax&quot;)" computerName="DESKTOP-QNA3DP1" duration="00:00:00.0000468" startTime="2026-09-12T16:43:13.1829766+08:00" endTime="2026-09-12T16:43:13.1829995+08:00" testType="13cdc9d9-ddb5-4fa4-a97d-d965ccfc6d4b" outcome="Passed" testListId="8c84fa94-04c1-424b-9868-57a2d4851a1d" relativeResultsDirectory="411845da-5a7f-42c3-9986-9b4193e87ffd" />
    <UnitTestResult executionId="3f6c3ef1-451d-4db0-b40f-bbb6efe4eee5" testId="d010bbce-7007-6c31-2192-96c81184459d" testName="CrossMacro.Infrastructure.Tests.Services.RunScriptScreenReadRuntimeTests.PlayAsync_WhenRuntimeMulOverflowsIntRange_ThrowsOutOfRange" computerName="DESKTOP-QNA3DP1" duration="00:00:00.0024749" startTime="2026-09-12T16:43:13.6056699+08:00" endTime="2026-09-12T16:43:13.6080836+08:00" testType="13cdc9d9-ddb5-4fa4-a97d-d965ccfc6d4b" outcome="Passed" testListId="8c84fa94-04c1-424b-9868-57a2d4851a1d" relativeResultsDirectory="3f6c3ef1-451d-4db0-b40f-bbb6efe4eee5" />
    <UnitTestResult executionId="8cbea432-31b3-40c0-bffc-6e402109eaf0" testId="dae69eb3-c075-5e4a-88d2-ad7dda0d0a7a" testName="CrossMacro.Infrastructure.Tests.Services.RunScriptScreenReadRuntimeTests.PlayAsync_WhenClipboardCaptureRuns_SendsShortcutWaitsTenMillisecondsAndReadsClipboard(step: &quot;clipboard capture ctrl+shift+c selectedText&quot;, includesShift: True)" computerName="DESKTOP-QNA3DP1" duration="00:00:00.0018965" startTime="2026-09-12T16:43:13.4623477+08:00" endTime="2026-09-12T16:43:13.4642591+08:00" testType="13cdc9d9-ddb5-4fa4-a97d-d965ccfc6d4b" outcome="Passed" testListId="8c84fa94-04c1-424b-9868-57a2d4851a1d" relativeResultsDirectory="8cbea432-31b3-40c0-bffc-6e402109eaf0" />
    <UnitTestResult executionId="8bc528ce-1b88-47dd-a165-b2526c8c0d52" testId="4fa09824-11c9-5c9c-f804-395b2b401bad" testName="CrossMacro.Infrastructure.Tests.Services.RunScriptCompilerTests.Compile_WhenMulDivAmountIsInvalid_ReturnsFailure(step: &quot;mul x $missing&quot;, expectedError: &quot;Step 1: Unknown variable '$missing'.&quot;)" computerName="DESKTOP-QNA3DP1" duration="00:00:00.0000877" startTime="2026-09-12T16:43:13.1966050+08:00" endTime="2026-09-12T16:43:13.1966746+08:00" testType="13cdc9d9-ddb5-4fa4-a97d-d965ccfc6d4b" outcome="Passed" testListId="8c84fa94-04c1-424b-9868-57a2d4851a1d" relativeResultsDirectory="8bc528ce-1b88-47dd-a165-b2526c8c0d52" />
    <UnitTestResult executionId="3d32685f-1c14-4837-84f7-684378045e85" testId="14a58878-62f1-4548-964d-afe6ef118e23" testName="CrossMacro.Infrastructure.Tests.Services.RunScriptScreenReadingWhitespaceTests.TryParseCommand_WithMixedUnicodeWhitespace_UsesTheSameTokensAsValidation(step: &quot;imageclick\tTarget\r\nbutton right&quot;, expectedParts: [&quot;imageclick&quot;, &quot;Target&quot;, &quot;button&quot;, &quot;right&quot;])" computerName="DESKTOP-QNA3DP1" duration="00:00:00.0008375" startTime="2026-09-12T16:43:13.0739548+08:00" endTime="2026-09-12T16:43:13.0747072+08:00" testType="13cdc9d9-ddb5-4fa4-a97d-d965ccfc6d4b" outcome="Passed" testListId="8c84fa94-04c1-424b-9868-57a2d4851a1d" relativeResultsDirectory="3d32685f-1c14-4837-84f7-684378045e85" />
    <UnitTestResult executionId="0aefc47b-c3c4-464f-971e-1e9ade8190bd" testId="6585c472-5906-d505-a734-c967d48fe28d" testName="CrossMacro.Infrastructure.Tests.Services.RunScriptCompilerTests.Compile_WhenRuntimeScriptStepIsWellFormed_PreservesScriptStep(step: &quot;imagesearch TargetImage similarity 0.9&quot;)" computerName="DESKTOP-QNA3DP1" duration="00:00:00.0000651" startTime="2026-09-12T16:43:13.1579767+08:00" endTime="2026-09-12T16:43:13.1580001+08:00" testType="13cdc9d9-ddb5-4fa4-a97d-d965ccfc6d4b" outcome="Passed" testListId="8c84fa94-04c1-424b-9868-57a2d4851a1d" relativeResultsDirectory="0aefc47b-c3c4-464f-971e-1e9ade8190bd" />
    <UnitTestResult executionId="b17fe951-2289-49a1-ab85-507e1addc970" testId="741afa6d-d579-64d8-db68-61102ad6ed35" testName="CrossMacro.Infrastructure.Tests.Services.RunScriptCompilerTests.Compile_WhenRuntimeScriptStepIsWellFormed_PreservesScriptStep(step: &quot;shell capture \&quot;printf ok\&quot; code stdout stderr&quot;)" computerName="DESKTOP-QNA3DP1" duration="00:00:00.0001036" startTime="2026-09-12T16:43:13.1545513+08:00" endTime="2026-09-12T16:43:13.1546235+08:00" testType="13cdc9d9-ddb5-4fa4-a97d-d965ccfc6d4b" outcome="Passed" testListId="8c84fa94-04c1-424b-9868-57a2d4851a1d" relativeResultsDirectory="b17fe951-2289-49a1-ab85-507e1addc970" />
    <UnitTestResult executionId="4119cded-fc96-4fe4-b41b-26925786d80e" testId="047ec7a3-9c6e-af23-d177-54972ca7d44a" testName="CrossMacro.Infrastructure.Tests.Services.RunScriptScreenReadRuntimeTests.PlayAsync_WhenRepeatContainsNestedIfElse_ExecutesPostElseBodyInsideLoop" computerName="DESKTOP-QNA3DP1" duration="00:00:00.0019154" startTime="2026-09-12T16:43:14.3948736+08:00" endTime="2026-09-12T16:43:14.3967077+08:00" testType="13cdc9d9-ddb5-4fa4-a97d-d965ccfc6d4b" outcome="Passed" testListId="8c84fa94-04c1-424b-9868-57a2d4851a1d" relativeResultsDirectory="4119cded-fc96-4fe4-b41b-26925786d80e" />
    <UnitTestResult executionId="9f55a04b-c9b2-4448-a7dd-a5f3d266cf53" testId="cffa80a5-b323-3544-0be0-d7a0ff82a646" testName="CrossMacro.Infrastructure.Tests.Services.RunScriptCompilerTests.Compile_WhenImageActionCommandIsWellFormed_PreservesScriptStep(step: &quot;imageclick 0 0 100 100 Target button middle&quot;)" computerName="DESKTOP-QNA3DP1" duration="00:00:00.0000920" startTime="2026-09-12T16:43:13.1622358+08:00" endTime="2026-09-12T16:43:13.1622583+08:00" testType="13cdc9d9-ddb5-4fa4-a97d-d965ccfc6d4b" outcome="Passed" testListId="8c84fa94-04c1-424b-9868-57a2d4851a1d" relativeResultsDirectory="9f55a04b-c9b2-4448-a7dd-a5f3d266cf53" />
    <UnitTestResult executionId="e7d57b8c-33a4-49f8-a82b-53cd9f1542d2" testId="361ba065-e93e-7bde-e9d3-538602e7e61e" testName="CrossMacro.Infrastructure.Tests.Services.RunScriptScreenReadRuntimeTests.PlayAsync_WhenRuntimeVariablesUseSetIncDec_PreservesCaseInsensitiveDictionaryAndValues" computerName="DESKTOP-QNA3DP1" duration="00:00:00.0027248" startTime="2026-09-12T16:43:13.4974995+08:00" endTime="2026-09-12T16:43:13.5002016+08:00" testType="13cdc9d9-ddb5-4fa4-a97d-d965ccfc6d4b" outcome="Passed" testListId="8c84fa94-04c1-424b-9868-57a2d4851a1d" relativeResultsDirectory="e7d57b8c-33a4-49f8-a82b-53cd9f1542d2" />
    <UnitTestResult executionId="81d70bf7-add1-460a-a6d6-d0d61d577337" testId="a00bb8c9-0624-4c71-8c3d-7785b97b3a98" testName="CrossMacro.Infrastructure.Tests.Services.RunScriptCompilerTests.Compile_WhenMulDivSyntaxIsInvalid_ReturnsFailure(step: &quot;mul x 1 1&quot;, command: &quot;mul&quot;)" computerName="DESKTOP-QNA3DP1" duration="00:00:00.0002588" startTime="2026-09-12T16:43:13.2470195+08:00" endTime="2026-09-12T16:43:13.2473402+08:00" testType="13cdc9d9-ddb5-4fa4-a97d-d965ccfc6d4b" outcome="Passed" testListId="8c84fa94-04c1-424b-9868-57a2d4851a1d" relativeResultsDirectory="81d70bf7-add1-460a-a6d6-d0d61d577337" />
    <UnitTestResult executionId="4e57956d-b0db-401b-816b-c79e0e9135e5" testId="5bb45d4d-7af3-3f01-ad98-1f3ff9d117c6" testName="CrossMacro.Infrastructure.Tests.Services.RunScriptCompilerTests.Compile_WhenScreenReadingStepIsMalformed_ReturnsFailure(step: &quot;pixelsearch 0 0 10 10 123456 found_x found_y toler&quot;···, expectedError: &quot;Invalid pixelsearch tolerance&quot;)" computerName="DESKTOP-QNA3DP1" duration="00:00:00.0000939" startTime="2026-09-12T16:43:13.1825494+08:00" endTime="2026-09-12T16:43:13.1826065+08:00" testType="13cdc9d9-ddb5-4fa4-a97d-d965ccfc6d4b" outcome="Passed" testListId="8c84fa94-04c1-424b-9868-57a2d4851a1d" relativeResultsDirectory="4e57956d-b0db-401b-816b-c79e0e9135e5" />
    <UnitTestResult executionId="10ffae6d-0de6-4335-be74-fbb1dae6b930" testId="ff652959-b3de-53c5-89cc-2b02731016da" testName="CrossMacro.Infrastructure.Tests.Services.RunScriptCompilerTests.Compile_WhenScreenReadingStepIsMalformed_ReturnsFailure(step: &quot;pixelcolor 1 2 #FF0000&quot;, expectedError: &quot;Invalid variable name&quot;)" computerName="DESKTOP-QNA3DP1" duration="00:00:00.0000388" startTime="2026-09-12T16:43:13.1788883+08:00" endTime="2026-09-12T16:43:13.1789303+08:00" testType="13cdc9d9-ddb5-4fa4-a97d-d965ccfc6d4b" outcome="Passed" testListId="8c84fa94-04c1-424b-9868-57a2d4851a1d" relativeResultsDirectory="10ffae6d-0de6-4335-be74-fbb1dae6b930" />
    <UnitTestResult executionId="6e7fdc47-dd6a-4b17-ba01-0d7586d8dc07" testId="e9debc77-2229-2c69-9212-97bf9d03a829" testName="CrossMacro.Infrastructure.Tests.Services.RunScriptCompilerTests.Compile_WhenDivByZero_ReturnsCanonicalFailure" computerName="DESKTOP-QNA3DP1" duration="00:00:00.0002193" startTime="2026-09-12T16:43:13.2584806+08:00" endTime="2026-09-12T16:43:13.2585023+08:00" testType="13cdc9d9-ddb5-4fa4-a97d-d965ccfc6d4b" outcome="Passed" testListId="8c84fa94-04c1-424b-9868-57a2d4851a1d" relativeResultsDirectory="6e7fdc47-dd6a-4b17-ba01-0d7586d8dc07" />
    <UnitTestResult executionId="c691563d-067a-494e-8efe-4b7fc83640bf" testId="fb7d745e-187f-6fd7-9543-403586851e08" testName="CrossMacro.Infrastructure.Tests.Services.RunScriptCompilerTests.Compile_WhenScreenReadingStepIsMalformed_ReturnsFailure(step: &quot;imagesearch TargetImage poll nope&quot;, expectedError: &quot;Unknown imagesearch option&quot;)" computerName="DESKTOP-QNA3DP1" duration="00:00:00.0000641" startTime="2026-09-12T16:43:13.1780280+08:00" endTime="2026-09-12T16:43:13.1780508+08:00" testType="13cdc9d9-ddb5-4fa4-a97d-d965ccfc6d4b" outcome="Passed" testListId="8c84fa94-04c1-424b-9868-57a2d4851a1d" relativeResultsDirectory="c691563d-067a-494e-8efe-4b7fc83640bf" />
[...]
    <TestEntry testId="0fdc8773-5df5-f8b8-cf68-d8f8908ddf9b" executionId="e90b21fc-0c9b-481f-9fcd-92a2d02143e3" testListId="8c84fa94-04c1-424b-9868-57a2d4851a1d" />
    <TestEntry testId="5befa7d4-582c-26cc-40f3-310832b16b78" executionId="b588e6c0-1599-411f-8022-a69ed798b9a9" testListId="8c84fa94-04c1-424b-9868-57a2d4851a1d" />
    <TestEntry testId="5291b117-b85d-94ad-ddc2-7f16166c369a" executionId="0d5fb9f0-9f67-4b39-bb7d-fc6f6d9802d4" testListId="8c84fa94-04c1-424b-9868-57a2d4851a1d" />
    <TestEntry testId="d3f6a223-c843-6268-9035-c000799a8b02" executionId="94270099-b27a-4aba-a984-48d243f653ff" testListId="8c84fa94-04c1-424b-9868-57a2d4851a1d" />
    <TestEntry testId="b64cf1b3-a0d8-1dc0-c2a9-86215c67fb54" executionId="effe962a-62ed-4d47-833b-60a6c409708a" testListId="8c84fa94-04c1-424b-9868-57a2d4851a1d" />
    <TestEntry testId="30e44ba2-cc14-7382-a836-db1681b6b67c" executionId="7527d0e7-9f7b-47c5-97a2-e7f8e4740520" testListId="8c84fa94-04c1-424b-9868-57a2d4851a1d" />
    <TestEntry testId="379ecc2c-8e8f-cdec-18b6-47083c8bcbab" executionId="0b9b4127-9784-4a4f-b069-48c1b0c939cb" testListId="8c84fa94-04c1-424b-9868-57a2d4851a1d" />
    <TestEntry testId="fd835587-7641-e038-fcf2-5f2f5a1a8975" executionId="918e90a4-090e-4e3c-ae19-78832cdf7618" testListId="8c84fa94-04c1-424b-9868-57a2d4851a1d" />
    <TestEntry testId="40fe8d80-45c0-6fe7-a5c9-75b89325ab11" executionId="ca622aa2-47dd-4e76-87b6-8f4c8a899668" testListId="8c84fa94-04c1-424b-9868-57a2d4851a1d" />
    <TestEntry testId="50865b22-6652-7743-d376-840572fd7d3e" executionId="872c85dc-5044-4261-9729-1ce5e7fb36c0" testListId="8c84fa94-04c1-424b-9868-57a2d4851a1d" />
    <TestEntry testId="e79f5c87-f898-b2aa-a072-f7e1ae72cd61" executionId="1f2b4bd5-e7db-4896-b6db-9aaee1bd5d7b" testListId="8c84fa94-04c1-424b-9868-57a2d4851a1d" />
    <TestEntry testId="50f1c65a-bba8-5705-5407-2c4eaf769d66" executionId="86bdbb35-3cfc-4acf-8da3-855a009ba51c" testListId="8c84fa94-04c1-424b-9868-57a2d4851a1d" />
    <TestEntry testId="e017bb1d-b801-b282-d432-19d364896013" executionId="861a195a-02b0-41a4-a131-8e8d9c7ff0fa" testListId="8c84fa94-04c1-424b-9868-57a2d4851a1d" />
    <TestEntry testId="8503327e-7d4b-f9db-0052-e22a6ac14184" executionId="22bf6846-3511-4c86-8d46-676de33964e6" testListId="8c84fa94-04c1-424b-9868-57a2d4851a1d" />
    <TestEntry testId="03f75465-9c6d-8b39-1c1d-fdac98262fa7" executionId="88022a1e-e445-4504-b0bd-258afb300d5d" testListId="8c84fa94-04c1-424b-9868-57a2d4851a1d" />
    <TestEntry testId="e13ada4f-8f73-e331-91d3-aad86343f637" executionId="85aba1c9-24bd-4621-88e9-2091a86097d0" testListId="8c84fa94-04c1-424b-9868-57a2d4851a1d" />
    <TestEntry testId="bf11dbf8-6dc9-09dd-1a76-31f7135be10b" executionId="25fb0901-bb28-44c0-8950-489513d96ee7" testListId="8c84fa94-04c1-424b-9868-57a2d4851a1d" />
    <TestEntry testId="702db5da-7b1c-9b32-e4e1-1e5c76fcc0d3" executionId="2502a8e2-d46a-4348-98ec-78e9c32a8203" testListId="8c84fa94-04c1-424b-9868-57a2d4851a1d" />
    <TestEntry testId="9bf8a617-65f7-4ed2-c4b4-146b1aceecfb" executionId="627034a1-9897-4849-9b8b-76beb75b42b1" testListId="8c84fa94-04c1-424b-9868-57a2d4851a1d" />
    <TestEntry testId="fc229f2b-7b3e-d57c-c7b0-3e742e2ea0b4" executionId="68138edb-b11d-4614-84bf-addeffb137cd" testListId="8c84fa94-04c1-424b-9868-57a2d4851a1d" />
    <TestEntry testId="447716cc-c93a-a689-fcb7-c159778d5672" executionId="840d4134-d5f8-412a-b50c-edee1e429c38" testListId="8c84fa94-04c1-424b-9868-57a2d4851a1d" />
    <TestEntry testId="288fa492-a253-68d4-1ade-e4235096d6e6" executionId="fdb524e4-f42a-45db-a7bc-8e6a95dadbbf" testListId="8c84fa94-04c1-424b-9868-57a2d4851a1d" />
    <TestEntry testId="3d7e8eeb-d2da-2d06-f669-bebe9cb793fa" executionId="108dd3fb-df40-448c-92db-8341de2622ac" testListId="8c84fa94-04c1-424b-9868-57a2d4851a1d" />
    <TestEntry testId="b7042549-3a56-ff32-f1d0-4f5ab25e0e8b" executionId="81119aed-7233-479d-9ed5-97d1ab16ee30" testListId="8c84fa94-04c1-424b-9868-57a2d4851a1d" />
    <TestEntry testId="54c5d4b7-01ac-f065-7748-6619bdace97a" executionId="34691cd1-aeb5-49e5-8e77-ef23f3cd1932" testListId="8c84fa94-04c1-424b-9868-57a2d4851a1d" />
    <TestEntry testId="ec677225-ba48-270c-55cb-1f9005b2e4da" executionId="dcbda6af-e3d3-4cc6-90b5-38a3779a05b0" testListId="8c84fa94-04c1-424b-9868-57a2d4851a1d" />
    <TestEntry testId="c2b600dc-8593-3441-df5c-acbea3afc877" executionId="19387709-b83c-4eb7-b794-0589c60f0c15" testListId="8c84fa94-04c1-424b-9868-57a2d4851a1d" />
    <TestEntry testId="2ea63c80-4480-e82e-a9fb-e576bce1ed6b" executionId="e11b69a9-3b29-41f2-a715-9557ffde4977" testListId="8c84fa94-04c1-424b-9868-57a2d4851a1d" />
    <TestEntry testId="cfc87fca-97cc-e762-49b2-89a58d6281c3" executionId="9c485349-ed38-4cc5-9ea4-f6538f43b0b2" testListId="8c84fa94-04c1-424b-9868-57a2d4851a1d" />
    <TestEntry testId="466cb5b0-dae7-0a7f-4704-0277581617a8" executionId="8785c856-8260-4d54-aca6-f7e2a2495b4e" testListId="8c84fa94-04c1-424b-9868-57a2d4851a1d" />
    <TestEntry testId="c863c4f7-5f1e-67ca-88a4-fe8dd87d861a" executionId="2f57753a-e845-46ae-9ab7-6fc2f9a592cc" testListId="8c84fa94-04c1-424b-9868-57a2d4851a1d" />
    <TestEntry testId="d5d12394-f148-e220-c1f3-a8e2b5e19c14" executionId="15dc1a4c-299c-49d7-afcf-bc4635edf084" testListId="8c84fa94-04c1-424b-9868-57a2d4851a1d" />
    <TestEntry testId="5f5be11a-983e-0e7b-f604-14e386bbc914" executionId="db83f0b9-82a4-44c3-838c-d6e8d8649b5b" testListId="8c84fa94-04c1-424b-9868-57a2d4851a1d" />
    <TestEntry testId="9f079774-7cd3-30ac-4961-c4ff475c7ea6" executionId="0bd29393-5826-4979-b1d5-e405fdc059f6" testListId="8c84fa94-04c1-424b-9868-57a2d4851a1d" />
    <TestEntry testId="3f44eb82-7501-ed78-afe1-edf6507e6ec6" executionId="1325e507-7ee4-492b-bdb8-07fe73870c6e" testListId="8c84fa94-04c1-424b-9868-57a2d4851a1d" />
    <TestEntry testId="971937ed-2c04-a366-43a0-64a821711b53" executionId="e48d2d5e-1f5e-4755-bbaf-54730fa3deb6" testListId="8c84fa94-04c1-424b-9868-57a2d4851a1d" />
    <TestEntry testId="e5de044a-b2e9-ac9e-c3dc-48a63f30a9b1" executionId="0aaa7e97-c7ea-4198-8f48-3360f7a702b7" testListId="8c84fa94-04c1-424b-9868-57a2d4851a1d" />
    <TestEntry testId="0049485a-983b-cf9f-4aab-a549416a3bd1" executionId="04692943-ef93-478a-a959-89d8d2ddfa19" testListId="8c84fa94-04c1-424b-9868-57a2d4851a1d" />
    <TestEntry testId="eb47f1f7-b647-eb9f-d853-123e7c11256b" executionId="91c16af7-c93f-4f94-8b56-8a9f9347ffc6" testListId="8c84fa94-04c1-424b-9868-57a2d4851a1d" />
    <TestEntry testId="5d054342-7b15-1ce4-2a9c-5cfc47afe7c4" executionId="d356f135-3e86-4a00-bea2-2b8b620204c6" testListId="8c84fa94-04c1-424b-9868-57a2d4851a1d" />
    <TestEntry testId="067215bc-9a6d-6b6e-5c77-a6935f70b9aa" executionId="247dbd9e-e03f-47cc-89b2-313c768dfb5e" testListId="8c84fa94-04c1-424b-9868-57a2d4851a1d" />
    <TestEntry testId="86c75782-1e17-44b8-4837-4de14d2e2808" executionId="ae6d1413-a5ab-43d5-b269-eff67ccfcd51" testListId="8c84fa94-04c1-424b-9868-57a2d4851a1d" />
    <TestEntry testId="cca5837e-d383-ca1b-4362-c5f8d7072714" executionId="35857aac-a89e-4e51-a07f-c34fc47cca90" testListId="8c84fa94-04c1-424b-9868-57a2d4851a1d" />
    <TestEntry testId="cb924461-e7ce-46ab-e8c2-fab30b900282" executionId="7d048cbd-7201-48a8-b511-a4633d4d4027" testListId="8c84fa94-04c1-424b-9868-57a2d4851a1d" />
    <TestEntry testId="505fe8a3-d784-3288-9456-63e241ba9878" executionId="db09a0a4-24fa-444f-8cce-ff7ac5e9371c" testListId="8c84fa94-04c1-424b-9868-57a2d4851a1d" />
    <TestEntry testId="de5169da-c3cf-40fb-d89e-c799de2aa4b1" executionId="0c6ea045-2e45-4256-a5e8-0de55da63076" testListId="8c84fa94-04c1-424b-9868-57a2d4851a1d" />
    <TestEntry testId="cfc445c5-aa42-0d03-7441-029569ac4d47" executionId="64f8602c-8db5-43cb-b056-7cd740fc6005" testListId="8c84fa94-04c1-424b-9868-57a2d4851a1d" />
    <TestEntry testId="8adbef48-7e1c-1c06-6917-73f4ac45995b" executionId="d7f4b8c8-abef-4431-8d0c-5be1783f3c8a" testListId="8c84fa94-04c1-424b-9868-57a2d4851a1d" />
    <TestEntry testId="30168a26-fd09-b2ae-d7d8-7f3253d445bb" executionId="664231e0-b6d5-4f63-8a50-2195d70029dc" testListId="8c84fa94-04c1-424b-9868-57a2d4851a1d" />
    <TestEntry testId="42aea600-7081-eb19-0d04-e15f221dedab" executionId="f7d1dab7-c2b6-4df9-a1c2-3829843af1e2" testListId="8c84fa94-04c1-424b-9868-57a2d4851a1d" />
    <TestEntry testId="67fc029d-e430-564f-2e0d-dac9ba13232e" executionId="a3628cde-9e2e-4b16-80c9-62dfa2ea3e93" testListId="8c84fa94-04c1-424b-9868-57a2d4851a1d" />
    <TestEntry testId="b7f19cac-9ea9-e1eb-9e02-7c90609b43e2" executionId="353255a5-1e30-4778-8cf0-85db802d2b1a" testListId="8c84fa94-04c1-424b-9868-57a2d4851a1d" />
    <TestEntry testId="f60cadc9-30fe-1966-0b08-8e8f6e719649" executionId="ac0823fd-b141-4b4f-9e6f-be103b9ee52a" testListId="8c84fa94-04c1-424b-9868-57a2d4851a1d" />
    <TestEntry testId="ff1ad0c4-7952-9da7-4bdf-758be0108fda" executionId="f2a0879b-b896-4f55-b46d-e00eece1dfe2" testListId="8c84fa94-04c1-424b-9868-57a2d4851a1d" />
    <TestEntry testId="cb60fa89-b91f-78eb-2d9a-38191650d195" executionId="32caa879-c9a4-4501-acc2-1eb8d1295182" testListId="8c84fa94-04c1-424b-9868-57a2d4851a1d" />
    <TestEntry testId="d029dddd-0a78-6fdd-14fa-049e31279c73" executionId="13d6d717-f745-4959-949f-2ece300698b6" testListId="8c84fa94-04c1-424b-9868-57a2d4851a1d" />
    <TestEntry testId="72518132-fff0-60bc-e7af-ac3b41e9df01" executionId="71074e68-a792-4e34-abcd-7b860e36487c" testListId="8c84fa94-04c1-424b-9868-57a2d4851a1d" />
    <TestEntry testId="4456576a-34bb-afc9-921e-08811c341d2b" executionId="5d629e4e-ffa5-44f6-98f0-23e417459505" testListId="8c84fa94-04c1-424b-9868-57a2d4851a1d" />
    <TestEntry testId="137a57ab-5c91-c795-622d-c659212bdd12" executionId="b3ef5ea2-6fe7-462d-b706-2281f24f8920" testListId="8c84fa94-04c1-424b-9868-57a2d4851a1d" />
    <TestEntry testId="39adfa00-c876-fa03-6072-0608402f51d6" executionId="ce535286-b8b3-4847-8984-22585b74c666" testListId="8c84fa94-04c1-424b-9868-57a2d4851a1d" />
    <TestEntry testId="b472c964-3002-9a9f-dba4-51ee6bbb44bd" executionId="5d04dd60-3769-435b-933b-c9d16409b14d" testListId="8c84fa94-04c1-424b-9868-57a2d4851a1d" />
    <TestEntry testId="f6fbff40-4e26-f53b-6695-baebf0e62ca0" executionId="33341637-22b8-4c3c-b5f5-98ff29f73e37" testListId="8c84fa94-04c1-424b-9868-57a2d4851a1d" />
    <TestEntry testId="4d21ac43-a63c-da16-4bb5-6a3d27b2ce7a" executionId="8feafd69-3022-4a85-a075-ce5e798fab7a" testListId="8c84fa94-04c1-424b-9868-57a2d4851a1d" />
    <TestEntry testId="a2bce56c-1aa3-c7a3-766d-87f20a1d3510" executionId="7a353eea-5287-4a54-80c9-f75ae8fcfdca" testListId="8c84fa94-04c1-424b-9868-57a2d4851a1d" />
    <TestEntry testId="b214e38b-a05a-bd13-ccae-ed0f8221f0ca" executionId="2523ec82-7db0-4f55-9bd6-0b2d25be8d8c" testListId="8c84fa94-04c1-424b-9868-57a2d4851a1d" />
    <TestEntry testId="b1db14be-036b-85e7-e835-7bd431d75805" executionId="2dac4565-9e66-489a-bfb7-ed069d00bc18" testListId="8c84fa94-04c1-424b-9868-57a2d4851a1d" />
    <TestEntry testId="dbc93b72-d0c9-da4a-20c2-825f36ee5e2b" executionId="25d028ec-f339-4fde-b0af-291267c1504c" testListId="8c84fa94-04c1-424b-9868-57a2d4851a1d" />
    <TestEntry testId="c94e6980-f369-d039-07a5-b73a0e35218b" executionId="5926d065-1dd6-4831-8633-53ec0c9c6069" testListId="8c84fa94-04c1-424b-9868-57a2d4851a1d" />
    <TestEntry testId="e0d6eeeb-acfa-7bfd-18d4-90171ce803c5" executionId="8ec3a734-3908-4d9a-a7b8-53995e28cbf9" testListId="8c84fa94-04c1-424b-9868-57a2d4851a1d" />
    <TestEntry testId="634a83bf-475d-6d68-5904-95ae5c77edfe" executionId="abeba799-8282-4827-8ddb-7a5aa98e2a42" testListId="8c84fa94-04c1-424b-9868-57a2d4851a1d" />
    <TestEntry testId="26e18e1f-9775-cf53-6873-ba2b5b044be8" executionId="c5fe764d-d4ce-45a7-875e-b3dce708188d" testListId="8c84fa94-04c1-424b-9868-57a2d4851a1d" />
    <TestEntry testId="0d1edb6c-f404-fa94-c593-8094befd24d3" executionId="d01610e9-bfec-47f8-80ae-c6535390887e" testListId="8c84fa94-04c1-424b-9868-57a2d4851a1d" />
    <TestEntry testId="d22b0bcd-a96b-449b-9b14-0c2a7ed5b2bb" executionId="e301042b-cdb6-4417-a2b6-ec375bacd35f" testListId="8c84fa94-04c1-424b-9868-57a2d4851a1d" />
    <TestEntry testId="bd636665-a373-3b60-120b-6c5e95ad2abe" executionId="9a2a8bfb-9a48-44b6-8543-b7a7d6fae152" testListId="8c84fa94-04c1-424b-9868-57a2d4851a1d" />
    <TestEntry testId="b52699ac-e115-7086-b517-43d922fe9ac7" executionId="bf94760b-7db0-41fb-8faa-38eeefbb4085" testListId="8c84fa94-04c1-424b-9868-57a2d4851a1d" />
    <TestEntry testId="d77d856d-1e32-3145-5384-9bc3ec704e2d" executionId="e2730d99-dac7-4735-bb56-e7658811e7c4" testListId="8c84fa94-04c1-424b-9868-57a2d4851a1d" />
    <TestEntry testId="9cdfc020-c126-0b07-8ba0-673628bee9e7" executionId="be236972-b92d-4a71-b03e-068027bf53b5" testListId="8c84fa94-04c1-424b-9868-57a2d4851a1d" />
    <TestEntry testId="4f642d79-be6b-dfa4-c8b4-d28e78f2d099" executionId="498b922e-fd28-497f-b4c5-5d99a46a0446" testListId="8c84fa94-04c1-424b-9868-57a2d4851a1d" />
    <TestEntry testId="bba9e37f-64e0-f8ef-9760-552c5c19bc43" executionId="e8d42cd0-a991-4b3c-a799-26bb47196ce6" testListId="8c84fa94-04c1-424b-9868-57a2d4851a1d" />
    <TestEntry testId="6b244875-9693-7ad1-2b72-93cde8afdb4e" executionId="2b42b7a8-8009-4568-ba65-038c8c8b209f" testListId="8c84fa94-04c1-424b-9868-57a2d4851a1d" />
    <TestEntry testId="f837a102-08c9-7977-4f59-1c296248b730" executionId="76d3ea79-a2a9-4889-937c-2eb7a5413b96" testListId="8c84fa94-04c1-424b-9868-57a2d4851a1d" />
    <TestEntry testId="fe640d88-dcb6-f965-97ad-7c3e9afc11f9" executionId="4522fd3b-fb9b-4f5d-9581-a87b9c906831" testListId="8c84fa94-04c1-424b-9868-57a2d4851a1d" />
    <TestEntry testId="0eaae76e-7cdf-e944-d9b0-3a96671d26ae" executionId="f36f8ed9-e979-4c06-a293-05724f5d7a18" testListId="8c84fa94-04c1-424b-9868-57a2d4851a1d" />
    <TestEntry testId="59ae9760-cb14-f065-5cdf-5b79d0fd1d7a" executionId="f8a03aae-2fdb-4f7e-9214-eac67a88578e" testListId="8c84fa94-04c1-424b-9868-57a2d4851a1d" />
    <TestEntry testId="a0160856-a594-ac25-1f1d-3a4fc94907bd" executionId="30ec8cc3-45f7-4c13-b69d-0ee2d804c712" testListId="8c84fa94-04c1-424b-9868-57a2d4851a1d" />
    <TestEntry testId="2b361aef-c3eb-e366-5dc3-ec4daab810b0" executionId="a0800639-2000-4460-9340-eb708dc72ca8" testListId="8c84fa94-04c1-424b-9868-57a2d4851a1d" />
    <TestEntry testId="1f71487a-2b77-5576-b418-a3a4d091b0dc" executionId="78fda90b-ed03-4af3-bb59-f08e0b1b3e38" testListId="8c84fa94-04c1-424b-9868-57a2d4851a1d" />
    <TestEntry testId="416f753c-62c3-4f4e-d080-f8965eb6f340" executionId="5333ba8a-0c48-4d8b-9fea-ae4c24fd1d2e" testListId="8c84fa94-04c1-424b-9868-57a2d4851a1d" />
    <TestEntry testId="07252cc5-b6b5-6e6b-2014-d48034cca15b" executionId="62c2cb64-7357-41bf-b0c7-c971e6d0be68" testListId="8c84fa94-04c1-424b-9868-57a2d4851a1d" />
    <TestEntry testId="4a26936d-6b7c-dd95-56d5-85097989c217" executionId="a4e22f7b-8f53-4021-934d-0bfe2bb5e75b" testListId="8c84fa94-04c1-424b-9868-57a2d4851a1d" />
    <TestEntry testId="9170f59f-321e-ed08-23e2-0a8826bd7de6" executionId="5321703f-87ba-4bed-acca-55b810bc1362" testListId="8c84fa94-04c1-424b-9868-57a2d4851a1d" />
    <TestEntry testId="fb27d5df-557d-a9d0-9ed6-78dca5d26ec3" executionId="2c1b508a-08e0-48e9-ad73-2a073bd3c8a4" testListId="8c84fa94-04c1-424b-9868-57a2d4851a1d" />
    <TestEntry testId="78718e4d-e898-0ca6-c996-9d450872f126" executionId="1701ce0b-e98c-4b4f-9166-bc0beca7418f" testListId="8c84fa94-04c1-424b-9868-57a2d4851a1d" />
    <TestEntry testId="8e5ec2c6-c598-fd13-d7d0-438e44d1e5f9" executionId="f095cc56-4a5e-4305-9450-0d65bf63d101" testListId="8c84fa94-04c1-424b-9868-57a2d4851a1d" />
    <TestEntry testId="a3edf0fc-55e3-5e86-4a88-1094b7bc46d2" executionId="bb37d5cf-f119-4b10-a44f-37ae4ade9082" testListId="8c84fa94-04c1-424b-9868-57a2d4851a1d" />
    <TestEntry testId="321656db-efcf-99cb-6212-db4ac1360080" executionId="ad616f4a-fd47-4a54-9d59-c81e1172524a" testListId="8c84fa94-04c1-424b-9868-57a2d4851a1d" />
    <TestEntry testId="6e980a09-2e8a-a820-8dd5-1fa199b4ad3b" executionId="edc6bc96-52bb-4b0c-acc5-c5196f3eb09d" testListId="8c84fa94-04c1-424b-9868-57a2d4851a1d" />
    <TestEntry testId="f8f4241b-6d0c-f544-b6bc-1eb71efe00a9" executionId="f9fa64f7-da7d-4d58-8002-5dbc0dcef11e" testListId="8c84fa94-04c1-424b-9868-57a2d4851a1d" />
    <TestEntry testId="25eb857e-0455-1c7c-a7bf-d9f4bd82e303" executionId="216dd3a0-4424-4031-b60d-5fe06da57696" testListId="8c84fa94-04c1-424b-9868-57a2d4851a1d" />
    <TestEntry testId="83222f83-bd08-ce14-5e99-a6069f982214" executionId="828d0c6e-0c07-460e-a883-5316c69d1b69" testListId="8c84fa94-04c1-424b-9868-57a2d4851a1d" />
    <TestEntry testId="8f4c9d2b-3797-aed0-ff6f-f796e51f25a5" executionId="81a8a576-75eb-4b54-85db-e294a403a1f0" testListId="8c84fa94-04c1-424b-9868-57a2d4851a1d" />
    <TestEntry testId="a9c46de4-d96c-5b06-5477-aab92a46ad0a" executionId="56c926d0-e49d-4b29-9df3-0d7399500adf" testListId="8c84fa94-04c1-424b-9868-57a2d4851a1d" />
    <TestEntry testId="3677091b-54ea-9df7-0c92-9d77de078a57" executionId="c9c65625-5184-4d61-80e4-2c605f8c67ac" testListId="8c84fa94-04c1-424b-9868-57a2d4851a1d" />
    <TestEntry testId="21475781-76f8-f6ca-a2df-d5572ff9e907" executionId="d3e15299-56f9-40bb-aee2-ba99cbd3fda3" testListId="8c84fa94-04c1-424b-9868-57a2d4851a1d" />
  </TestEntries>
  <TestLists>
    <TestList name="列表中未列出的结果" id="8c84fa94-04c1-424b-9868-57a2d4851a1d" />
    <TestList name="所有已加载的结果" id="19431567-8539-422a-85d7-44ee4e166bda" />
  </TestLists>
  <ResultSummary outcome="Completed">
    <Counters total="278" executed="278" passed="278" failed="0" error="0" timeout="0" aborted="0" inconclusive="0" passedButRunAborted="0" notRunnable="0" notExecuted="0" disconnected="0" warning="0" completed="0" inProgress="0" pending="0" />
    <Output>
      <StdOut>[xUnit.net 00:00:00.00] xUnit.net VSTest Adapter v3.1.5+1b188a7b0a (64-bit .NET 10.0.11)&#xD;
[xUnit.net 00:00:01.04]   Discovering: CrossMacro.Infrastructure.Tests&#xD;
[xUnit.net 00:00:01.20]   Discovered:  CrossMacro.Infrastructure.Tests&#xD;
[xUnit.net 00:00:01.27]   Starting:    CrossMacro.Infrastructure.Tests&#xD;
     Warning:&#xD;
     The component "Fluent Assertions" is governed by the rules defined in the Xceed License Agreement and&#xD;
     the Xceed Fluent Assertions Community License. You may use Fluent Assertions free of charge for&#xD;
     non-commercial use only. An active subscription is required to use Fluent Assertions for commercial use.&#xD;
     Please contact Xceed Sales mailto:sales@xceed.com to acquire a subscription at a very low cost.&#xD;
     A paid commercial license supports the development and continued increasing support of&#xD;
     Fluent Assertions users under both commercial and community licenses. Help us&#xD;
     keep Fluent Assertions at the forefront of unit testing.&#xD;
     For more information, visit https://xceed.com/products/unit-testing/fluent-assertions/&#xD;
[CrossMacro] Core logger is using bootstrap fallback. Call LoggerSetup.Initialize early for structured logging.&#xD;
[2026-09-12T08:43:13.5219873+00:00] [CrossMacro][Error] [MacroPlayer] Validation failed: {Error} | Macro script steps are invalid: Step 1: unsupported step syntax 'div x 1 1'.&#xD;
[2026-09-12T08:43:13.5232897+00:00] [CrossMacro][Error] [MacroPlayer] Validation failed: {Error} | Macro script steps are invalid: Step 1: unsupported step syntax 'mul x 1 1'.&#xD;
[2026-09-12T08:43:13.9063332+00:00] [CrossMacro][Warning] [PlaybackCoordinator] Absolute cursor move did not settle at ({ExpectedX},{ExpectedY}); last observed position is ({ObservedX},{ObservedY}). | 100, 200, 500, 400&#xD;
[2026-09-12T08:43:14.3568312+00:00] [CrossMacro][Warning] [PlaybackCoordinator] Absolute cursor move did not settle at ({ExpectedX},{ExpectedY}); last observed position is ({ObservedX},{ObservedY}). | 100, 200, 500, 400&#xD;
[xUnit.net 00:00:02.73]   Finished:    CrossMacro.Infrastructure.Tests&#xD;
</StdOut>
    </Output>
  </ResultSummary>
</TestRun>